

Microchip Technology PIC18 LITE Macro Assembler V1.33 build 59893 
                                                                                               Mon Oct 13 20:26:31 2014

Microchip Technology Omniscient Code Generator (Lite mode) build 59893
     1                           	processor	18F45K20
     2                           	fnconf	rparam,??,?,0
     3                           	opt	pw 120
     4                           	opt	lm
     5                           	psect	idataCOMRAM,global,class=CODE,delta=1
     6                           	psect	cinit,global,reloc=2,class=CODE,delta=1
     7                           	psect	dataCOMRAM,global,class=COMRAM,space=1,delta=1
     8                           	psect	cstackCOMRAM,global,class=COMRAM,space=1,delta=1
     9                           	psect	text0,global,reloc=2,class=CODE,delta=1
    10                           	psect	text1,global,reloc=2,class=CODE,delta=1
    11                           	psect	text2,global,reloc=2,class=CODE,delta=1
    12                           	psect	text3,global,reloc=2,class=CODE,delta=1
    13                           	psect	intcodelo,global,reloc=2,class=CODE,delta=1
    14                           	psect	text5,global,reloc=2,class=CODE,delta=1
    15                           	psect	intcode,global,reloc=2,class=CODE,delta=1
    16                           	psect	intcode_body,global,reloc=2,class=CODE,delta=1
    17                           	psect	text7,global,reloc=2,class=CODE,delta=1
    18                           	psect	intsave_regs,global,class=BIGRAM,space=1,delta=1
    19                           	psect	rparam,global,class=COMRAM,space=1,delta=1
    20  0000                     
    21                           	psect	idataCOMRAM
    22  000178                     __pidataCOMRAM:
    23                           	opt stack 0
    24                           
    25                           ;initializer for _leds
    26  000178  AA                 	db	170
    27  0000                     _ADCON0	set	4034
    28  0000                     _ADCON0bits	set	4034
    29  0000                     _ADCON1	set	4033
    30  0000                     _ADCON2	set	4032
    31  0000                     _ADRESH	set	4036
    32  0000                     _ANSEL	set	3966
    33  0000                     _ANSELH	set	3967
    34  0000                     _ANSELbits	set	3966
    35  0000                     _INTCON2bits	set	4081
    36  0000                     _INTCONbits	set	4082
    37  0000                     _LATD	set	3980
    38  0000                     _PORTBbits	set	3969
    39  0000                     _RCONbits	set	4048
    40  0000                     _T0CON	set	4053
    41  0000                     _TMR0H	set	4055
    42  0000                     _TMR0L	set	4054
    43  0000                     _TRISBbits	set	3987
    44  0000                     _TRISD	set	3989
    45  0000                     _WPUBbits	set	3964
    46                           
    47                           ; #config settings
    48  0000                     
    49                           	psect	cinit
    50  000114                     __pcinit:
    51                           	opt stack 0
    52  000114                     start_initialization:
    53                           	opt stack 0
    54  000114                     __initialization:
    55                           	opt stack 0
    56                           
    57                           ; Initialize objects allocated to COMRAM (1 bytes)
    58                           ; load TBLPTR registers with __pidataCOMRAM
    59  000114  0E78               	movlw	low __pidataCOMRAM
    60  000116  6EF6               	movwf	tblptrl,c
    61  000118  0E01               	movlw	high __pidataCOMRAM
    62  00011A  6EF7               	movwf	tblptrh,c
    63  00011C  0E00               	movlw	low (__pidataCOMRAM shr (0+16))
    64  00011E  6EF8               	movwf	tblptru,c
    65  000120  0009               	tblrd		*+	;fetch initializer
    66  000122  CFF5 F021          	movff	tablat,__pdataCOMRAM
    67  000126                     end_of_initialization:
    68                           	opt stack 0
    69  000126                     __end_of__initialization:
    70                           	opt stack 0
    71  000126  0100               	movlb	0
    72  000128  EFAC  F000         	goto	_main	;jump to C main() function
    73                           tblptru	equ	0xFF8
    74                           tblptrh	equ	0xFF7
    75                           tblptrl	equ	0xFF6
    76                           tablat	equ	0xFF5
    77                           
    78                           	psect	dataCOMRAM
    79  000021                     __pdataCOMRAM:
    80                           	opt stack 0
    81  000021                     _leds:
    82                           	opt stack 0
    83  000021                     	ds	1
    84                           tblptru	equ	0xFF8
    85                           tblptrh	equ	0xFF7
    86                           tblptrl	equ	0xFF6
    87                           tablat	equ	0xFF5
    88                           
    89                           	psect	cstackCOMRAM
    90  000001                     __pcstackCOMRAM:
    91                           	opt stack 0
    92  000001                     ??_timerInterrupt:
    93                           
    94                           ; 0 bytes @ 0x0
    95  000001                     	ds	17
    96  000012                     ??_buttonInterrupt:
    97                           
    98                           ; 0 bytes @ 0x11
    99  000012                     	ds	14
   100  000020                     setLeds@x:
   101                           	opt stack 0
   102                           
   103                           ; 1 bytes @ 0x1F
   104  000020                     	ds	1
   105  000021                     tblptru	equ	0xFF8
   106                           tblptrh	equ	0xFF7
   107                           tblptrl	equ	0xFF6
   108                           tablat	equ	0xFF5
   109                           
   110                           ; 0 bytes @ 0x20
   111 ;;
   112 ;;Main: autosize = 0, tempsize = 0, incstack = 0, save=0
   113 ;;
   114 ;; *************** function _main *****************
   115 ;; Defined at:
   116 ;;		line 5 in file "main.c"
   117 ;; Parameters:    Size  Location     Type
   118 ;;		None
   119 ;; Auto vars:     Size  Location     Type
   120 ;;		None
   121 ;; Return value:  Size  Location     Type
   122 ;;		None               void
   123 ;; Registers used:
   124 ;;		wreg, status,2, cstack
   125 ;; Tracked objects:
   126 ;;		On entry : 0/0
   127 ;;		On exit  : 0/0
   128 ;;		Unchanged: 0/0
   129 ;; Data sizes:     COMRAM   BANK0   BANK1   BANK2   BANK3   BANK4   BANK5
   130 ;;      Params:         0       0       0       0       0       0       0
   131 ;;      Locals:         0       0       0       0       0       0       0
   132 ;;      Temps:          0       0       0       0       0       0       0
   133 ;;      Totals:         0       0       0       0       0       0       0
   134 ;;Total ram usage:        0 bytes
   135 ;; Hardware stack levels required when called:    6
   136 ;; This function calls:
   137 ;;		_init
   138 ;;		_setLeds
   139 ;; This function is called by:
   140 ;;		Startup code after reset
   141 ;; This function uses a non-reentrant model
   142 ;;
   143                           
   144                           	psect	text0
   145  000158                     __ptext0:
   146                           	opt stack 0
   147  000158                     _main:
   148                           	opt stack 25
   149                           
   150                           ;main.c: 8: init();
   151                           
   152                           ;incstack = 0
   153  000158  ECA2  F000         	call	_init	;wreg free
   154                           
   155                           ;main.c: 14: leds=0xaa;
   156  00015C  0EAA               	movlw	170
   157  00015E  6E21               	movwf	_leds,c
   158  000160                     l738:
   159                           
   160                           ;main.c: 16: setLeds(leds);
   161  000160  5021               	movf	_leds,w,c
   162  000162  ECB4  F000         	call	_setLeds
   163  000166  D7FC               	goto	l738
   164  000168                     __end_of_main:
   165                           	opt stack 0
   166                           tblptru	equ	0xFF8
   167                           tblptrh	equ	0xFF7
   168                           tblptrl	equ	0xFF6
   169                           tablat	equ	0xFF5
   170                           
   171 ;; *************** function _setLeds *****************
   172 ;; Defined at:
   173 ;;		line 57 in file "drivers.c"
   174 ;; Parameters:    Size  Location     Type
   175 ;;  x               1    wreg     unsigned char 
   176 ;; Auto vars:     Size  Location     Type
   177 ;;  x               1   31[COMRAM] unsigned char 
   178 ;; Return value:  Size  Location     Type
   179 ;;		None               void
   180 ;; Registers used:
   181 ;;		wreg
   182 ;; Tracked objects:
   183 ;;		On entry : 0/0
   184 ;;		On exit  : 0/0
   185 ;;		Unchanged: 0/0
   186 ;; Data sizes:     COMRAM   BANK0   BANK1   BANK2   BANK3   BANK4   BANK5
   187 ;;      Params:         0       0       0       0       0       0       0
   188 ;;      Locals:         1       0       0       0       0       0       0
   189 ;;      Temps:          0       0       0       0       0       0       0
   190 ;;      Totals:         1       0       0       0       0       0       0
   191 ;;Total ram usage:        1 bytes
   192 ;; Hardware stack levels used:    1
   193 ;; Hardware stack levels required when called:    4
   194 ;; This function calls:
   195 ;;		Nothing
   196 ;; This function is called by:
   197 ;;		_main
   198 ;; This function uses a non-reentrant model
   199 ;;
   200                           
   201                           	psect	text1
   202  000168                     __ptext1:
   203                           	opt stack 0
   204  000168                     _setLeds:
   205                           	opt stack 26
   206                           
   207                           ;incstack = 0
   208                           ;setLeds@x stored from wreg
   209  000168  6E20               	movwf	setLeds@x,c
   210                           
   211                           ;drivers.c: 58: LATD = x;
   212  00016A  C020  FF8C         	movff	setLeds@x,3980	;volatile
   213  00016E  0012               	return	
   214  000170                     __end_of_setLeds:
   215                           	opt stack 0
   216                           tblptru	equ	0xFF8
   217                           tblptrh	equ	0xFF7
   218                           tblptrl	equ	0xFF6
   219                           tablat	equ	0xFF5
   220                           
   221 ;; *************** function _init *****************
   222 ;; Defined at:
   223 ;;		line 4 in file "drivers.c"
   224 ;; Parameters:    Size  Location     Type
   225 ;;		None
   226 ;; Auto vars:     Size  Location     Type
   227 ;;		None
   228 ;; Return value:  Size  Location     Type
   229 ;;		None               void
   230 ;; Registers used:
   231 ;;		wreg, status,2, cstack
   232 ;; Tracked objects:
   233 ;;		On entry : 0/0
   234 ;;		On exit  : 0/0
   235 ;;		Unchanged: 0/0
   236 ;; Data sizes:     COMRAM   BANK0   BANK1   BANK2   BANK3   BANK4   BANK5
   237 ;;      Params:         0       0       0       0       0       0       0
   238 ;;      Locals:         0       0       0       0       0       0       0
   239 ;;      Temps:          0       0       0       0       0       0       0
   240 ;;      Totals:         0       0       0       0       0       0       0
   241 ;;Total ram usage:        0 bytes
   242 ;; Hardware stack levels used:    1
   243 ;; Hardware stack levels required when called:    5
   244 ;; This function calls:
   245 ;;		_ADC_Init
   246 ;; This function is called by:
   247 ;;		_main
   248 ;; This function uses a non-reentrant model
   249 ;;
   250                           
   251                           	psect	text2
   252  000144                     __ptext2:
   253                           	opt stack 0
   254  000144                     _init:
   255                           	opt stack 25
   256                           
   257                           ;drivers.c: 5: TRISD = 0;
   258                           
   259                           ;incstack = 0
   260  000144  0E00               	movlw	0
   261  000146  6E95               	movwf	3989,c	;volatile
   262                           
   263                           ;drivers.c: 6: INTCON2bits.RBPU = 0;
   264  000148  9EF1               	bcf	intcon2,7,c	;volatile
   265                           
   266                           ;drivers.c: 7: WPUBbits.WPUB0 = 1;
   267  00014A  807C               	bsf	3964,0,c	;volatile
   268                           
   269                           ;drivers.c: 8: ANSELH = 0x00;
   270  00014C  0E00               	movlw	0
   271  00014E  6E7F               	movwf	3967,c	;volatile
   272                           
   273                           ;drivers.c: 9: TRISBbits.TRISB0 = 1;
   274  000150  8093               	bsf	3987,0,c	;volatile
   275                           
   276                           ;drivers.c: 10: ADC_Init();
   277  000152  EC96  F000         	call	_ADC_Init	;wreg free
   278  000156  0012               	return	
   279  000158                     __end_of_init:
   280                           	opt stack 0
   281                           tblptru	equ	0xFF8
   282                           tblptrh	equ	0xFF7
   283                           tblptrl	equ	0xFF6
   284                           tablat	equ	0xFF5
   285                           intcon2	equ	0xFF1
   286                           
   287 ;; *************** function _ADC_Init *****************
   288 ;; Defined at:
   289 ;;		line 76 in file "drivers.c"
   290 ;; Parameters:    Size  Location     Type
   291 ;;		None
   292 ;; Auto vars:     Size  Location     Type
   293 ;;		None
   294 ;; Return value:  Size  Location     Type
   295 ;;		None               void
   296 ;; Registers used:
   297 ;;		wreg, status,2
   298 ;; Tracked objects:
   299 ;;		On entry : 0/0
   300 ;;		On exit  : 0/0
   301 ;;		Unchanged: 0/0
   302 ;; Data sizes:     COMRAM   BANK0   BANK1   BANK2   BANK3   BANK4   BANK5
   303 ;;      Params:         0       0       0       0       0       0       0
   304 ;;      Locals:         0       0       0       0       0       0       0
   305 ;;      Temps:          0       0       0       0       0       0       0
   306 ;;      Totals:         0       0       0       0       0       0       0
   307 ;;Total ram usage:        0 bytes
   308 ;; Hardware stack levels used:    1
   309 ;; Hardware stack levels required when called:    4
   310 ;; This function calls:
   311 ;;		Nothing
   312 ;; This function is called by:
   313 ;;		_init
   314 ;; This function uses a non-reentrant model
   315 ;;
   316                           
   317                           	psect	text3
   318  00012C                     __ptext3:
   319                           	opt stack 0
   320  00012C                     _ADC_Init:
   321                           	opt stack 25
   322                           
   323                           ;drivers.c: 81: ANSEL = 0;
   324                           
   325                           ;incstack = 0
   326  00012C  0E00               	movlw	0
   327  00012E  6E7E               	movwf	3966,c	;volatile
   328                           
   329                           ;drivers.c: 82: ANSELH = 0;
   330  000130  0E00               	movlw	0
   331  000132  6E7F               	movwf	3967,c	;volatile
   332                           
   333                           ;drivers.c: 83: ANSELbits.ANS0 = 1;
   334  000134  807E               	bsf	3966,0,c	;volatile
   335                           
   336                           ;drivers.c: 87: ADCON1 = 0;
   337  000136  0E00               	movlw	0
   338  000138  6EC1               	movwf	4033,c	;volatile
   339                           
   340                           ;drivers.c: 105: ADCON2 = 0b00111000;
   341  00013A  0E38               	movlw	56
   342  00013C  6EC0               	movwf	4032,c	;volatile
   343                           
   344                           ;drivers.c: 108: ADCON0 = 0b00000001;
   345  00013E  0E01               	movlw	1
   346  000140  6EC2               	movwf	4034,c	;volatile
   347  000142  0012               	return	
   348  000144                     __end_of_ADC_Init:
   349                           	opt stack 0
   350                           tblptru	equ	0xFF8
   351                           tblptrh	equ	0xFF7
   352                           tblptrl	equ	0xFF6
   353                           tablat	equ	0xFF5
   354                           intcon2	equ	0xFF1
   355                           
   356 ;; *************** function _timerInterrupt *****************
   357 ;; Defined at:
   358 ;;		line 27 in file "main.c"
   359 ;; Parameters:    Size  Location     Type
   360 ;;		None
   361 ;; Auto vars:     Size  Location     Type
   362 ;;		None
   363 ;; Return value:  Size  Location     Type
   364 ;;		None               void
   365 ;; Registers used:
   366 ;;		cstack
   367 ;; Tracked objects:
   368 ;;		On entry : 0/0
   369 ;;		On exit  : 0/0
   370 ;;		Unchanged: 0/0
   371 ;; Data sizes:     COMRAM   BANK0   BANK1   BANK2   BANK3   BANK4   BANK5
   372 ;;      Params:         0       0       0       0       0       0       0
   373 ;;      Locals:         0       0       0       0       0       0       0
   374 ;;      Temps:         17       0       0       0       0       0       0
   375 ;;      Totals:        17       0       0       0       0       0       0
   376 ;;Total ram usage:       17 bytes
   377 ;; Hardware stack levels used:    1
   378 ;; Hardware stack levels required when called:    3
   379 ;; This function calls:
   380 ;;		_clearTimerInterruptRequest
   381 ;; This function is called by:
   382 ;;		Interrupt level 1
   383 ;; This function uses a non-reentrant model
   384 ;;
   385                           
   386                           	psect	intcodelo
   387  000018                     __pintcodelo:
   388                           	opt stack 0
   389  000018                     _timerInterrupt:
   390                           	opt stack 25
   391                           
   392                           ;incstack = 0
   393  000018  CFD8 F001          	movff	status,??_timerInterrupt
   394  00001C  CFE8 F002          	movff	wreg,??_timerInterrupt+1
   395  000020  CFE0 F003          	movff	bsr,??_timerInterrupt+2
   396  000024  CFFA F004          	movff	pclath,??_timerInterrupt+3
   397  000028  CFFB F005          	movff	pclatu,??_timerInterrupt+4
   398  00002C  CFE9 F006          	movff	fsr0l,??_timerInterrupt+5
   399  000030  CFEA F007          	movff	fsr0h,??_timerInterrupt+6
   400  000034  CFE1 F008          	movff	fsr1l,??_timerInterrupt+7
   401  000038  CFE2 F009          	movff	fsr1h,??_timerInterrupt+8
   402  00003C  CFD9 F00A          	movff	fsr2l,??_timerInterrupt+9
   403  000040  CFDA F00B          	movff	fsr2h,??_timerInterrupt+10
   404  000044  CFF3 F00C          	movff	prodl,??_timerInterrupt+11
   405  000048  CFF4 F00D          	movff	prodh,??_timerInterrupt+12
   406  00004C  CFF6 F00E          	movff	tblptrl,??_timerInterrupt+13
   407  000050  CFF7 F00F          	movff	tblptrh,??_timerInterrupt+14
   408  000054  CFF8 F010          	movff	tblptru,??_timerInterrupt+15
   409  000058  CFF5 F011          	movff	tablat,??_timerInterrupt+16
   410                           
   411                           ;main.c: 31: clearTimerInterruptRequest();
   412  00005C  ECB8  F000         	call	_clearTimerInterruptRequest	;wreg free
   413  000060  C011  FFF5         	movff	??_timerInterrupt+16,tablat
   414  000064  C010  FFF8         	movff	??_timerInterrupt+15,tblptru
   415  000068  C00F  FFF7         	movff	??_timerInterrupt+14,tblptrh
   416  00006C  C00E  FFF6         	movff	??_timerInterrupt+13,tblptrl
   417  000070  C00D  FFF4         	movff	??_timerInterrupt+12,prodh
   418  000074  C00C  FFF3         	movff	??_timerInterrupt+11,prodl
   419  000078  C00B  FFDA         	movff	??_timerInterrupt+10,fsr2h
   420  00007C  C00A  FFD9         	movff	??_timerInterrupt+9,fsr2l
   421  000080  C009  FFE2         	movff	??_timerInterrupt+8,fsr1h
   422  000084  C008  FFE1         	movff	??_timerInterrupt+7,fsr1l
   423  000088  C007  FFEA         	movff	??_timerInterrupt+6,fsr0h
   424  00008C  C006  FFE9         	movff	??_timerInterrupt+5,fsr0l
   425  000090  C005  FFFB         	movff	??_timerInterrupt+4,pclatu
   426  000094  C004  FFFA         	movff	??_timerInterrupt+3,pclath
   427  000098  C003  FFE0         	movff	??_timerInterrupt+2,bsr
   428  00009C  C002  FFE8         	movff	??_timerInterrupt+1,wreg
   429  0000A0  C001  FFD8         	movff	??_timerInterrupt,status
   430  0000A4  0010               	retfie	
   431  0000A6                     __end_of_timerInterrupt:
   432                           	opt stack 0
   433                           pclatu	equ	0xFFB
   434                           pclath	equ	0xFFA
   435                           tblptru	equ	0xFF8
   436                           tblptrh	equ	0xFF7
   437                           tblptrl	equ	0xFF6
   438                           tablat	equ	0xFF5
   439                           prodh	equ	0xFF4
   440                           prodl	equ	0xFF3
   441                           intcon2	equ	0xFF1
   442                           fsr0h	equ	0xFEA
   443                           fsr0l	equ	0xFE9
   444                           wreg	equ	0xFE8
   445                           fsr1h	equ	0xFE2
   446                           fsr1l	equ	0xFE1
   447                           bsr	equ	0xFE0
   448                           fsr2h	equ	0xFDA
   449                           fsr2l	equ	0xFD9
   450                           status	equ	0xFD8
   451                           
   452 ;; *************** function _clearTimerInterruptRequest *****************
   453 ;; Defined at:
   454 ;;		line 47 in file "drivers.c"
   455 ;; Parameters:    Size  Location     Type
   456 ;;		None
   457 ;; Auto vars:     Size  Location     Type
   458 ;;		None
   459 ;; Return value:  Size  Location     Type
   460 ;;		None               void
   461 ;; Registers used:
   462 ;;		None
   463 ;; Tracked objects:
   464 ;;		On entry : 0/0
   465 ;;		On exit  : 0/0
   466 ;;		Unchanged: 0/0
   467 ;; Data sizes:     COMRAM   BANK0   BANK1   BANK2   BANK3   BANK4   BANK5
   468 ;;      Params:         0       0       0       0       0       0       0
   469 ;;      Locals:         0       0       0       0       0       0       0
   470 ;;      Temps:          0       0       0       0       0       0       0
   471 ;;      Totals:         0       0       0       0       0       0       0
   472 ;;Total ram usage:        0 bytes
   473 ;; Hardware stack levels used:    1
   474 ;; Hardware stack levels required when called:    2
   475 ;; This function calls:
   476 ;;		Nothing
   477 ;; This function is called by:
   478 ;;		_timerInterrupt
   479 ;; This function uses a non-reentrant model
   480 ;;
   481                           
   482                           	psect	text5
   483  000170                     __ptext5:
   484                           	opt stack 0
   485  000170                     _clearTimerInterruptRequest:
   486                           	opt stack 25
   487                           
   488                           ;drivers.c: 48: INTCONbits.T0IF = 0;
   489                           
   490                           ;incstack = 0
   491  000170  94F2               	bcf	intcon,2,c	;volatile
   492  000172  0012               	return	
   493  000174                     __end_of_clearTimerInterruptRequest:
   494                           	opt stack 0
   495                           pclatu	equ	0xFFB
   496                           pclath	equ	0xFFA
   497                           tblptru	equ	0xFF8
   498                           tblptrh	equ	0xFF7
   499                           tblptrl	equ	0xFF6
   500                           tablat	equ	0xFF5
   501                           prodh	equ	0xFF4
   502                           prodl	equ	0xFF3
   503                           intcon	equ	0xFF2
   504                           intcon2	equ	0xFF1
   505                           fsr0h	equ	0xFEA
   506                           fsr0l	equ	0xFE9
   507                           wreg	equ	0xFE8
   508                           fsr1h	equ	0xFE2
   509                           fsr1l	equ	0xFE1
   510                           bsr	equ	0xFE0
   511                           fsr2h	equ	0xFDA
   512                           fsr2l	equ	0xFD9
   513                           status	equ	0xFD8
   514                           
   515 ;; *************** function _buttonInterrupt *****************
   516 ;; Defined at:
   517 ;;		line 20 in file "main.c"
   518 ;; Parameters:    Size  Location     Type
   519 ;;		None
   520 ;; Auto vars:     Size  Location     Type
   521 ;;		None
   522 ;; Return value:  Size  Location     Type
   523 ;;		None               void
   524 ;; Registers used:
   525 ;;		cstack
   526 ;; Tracked objects:
   527 ;;		On entry : 0/0
   528 ;;		On exit  : 0/0
   529 ;;		Unchanged: 0/0
   530 ;; Data sizes:     COMRAM   BANK0   BANK1   BANK2   BANK3   BANK4   BANK5
   531 ;;      Params:         0       0       0       0       0       0       0
   532 ;;      Locals:         0       0       0       0       0       0       0
   533 ;;      Temps:         14       0       0       0       0       0       0
   534 ;;      Totals:        14       0       0       0       0       0       0
   535 ;;Total ram usage:       14 bytes
   536 ;; Hardware stack levels used:    1
   537 ;; Hardware stack levels required when called:    1
   538 ;; This function calls:
   539 ;;		_clearButtonInterruptRequest
   540 ;; This function is called by:
   541 ;;		Interrupt level 2
   542 ;; This function uses a non-reentrant model
   543 ;;
   544                           
   545                           	psect	intcode
   546  000008                     __pintcode:
   547                           	opt stack 0
   548  000008                     _buttonInterrupt:
   549                           	opt stack 25
   550                           
   551                           ;incstack = 0
   552  000008  CFFA F012          	movff	pclath,??_buttonInterrupt
   553  00000C  CFFB F013          	movff	pclatu,??_buttonInterrupt+1
   554  000010  CFE9 F014          	movff	fsr0l,??_buttonInterrupt+2
   555  000014  EF55  F000         	goto	int_func
   556                           pclatu	equ	0xFFB
   557                           pclath	equ	0xFFA
   558                           tblptru	equ	0xFF8
   559                           tblptrh	equ	0xFF7
   560                           tblptrl	equ	0xFF6
   561                           tablat	equ	0xFF5
   562                           prodh	equ	0xFF4
   563                           prodl	equ	0xFF3
   564                           intcon	equ	0xFF2
   565                           intcon2	equ	0xFF1
   566                           fsr0h	equ	0xFEA
   567                           fsr0l	equ	0xFE9
   568                           wreg	equ	0xFE8
   569                           fsr1h	equ	0xFE2
   570                           fsr1l	equ	0xFE1
   571                           bsr	equ	0xFE0
   572                           fsr2h	equ	0xFDA
   573                           fsr2l	equ	0xFD9
   574                           status	equ	0xFD8
   575                           
   576                           	psect	intcode_body
   577  0000AA                     __pintcode_body:
   578                           	opt stack 25
   579  0000AA                     int_func:
   580                           	opt stack 25
   581  0000AA  CFEA F015          	movff	fsr0h,??_buttonInterrupt+3
   582  0000AE  CFE1 F016          	movff	fsr1l,??_buttonInterrupt+4
   583  0000B2  CFE2 F017          	movff	fsr1h,??_buttonInterrupt+5
   584  0000B6  CFD9 F018          	movff	fsr2l,??_buttonInterrupt+6
   585  0000BA  CFDA F019          	movff	fsr2h,??_buttonInterrupt+7
   586  0000BE  CFF3 F01A          	movff	prodl,??_buttonInterrupt+8
   587  0000C2  CFF4 F01B          	movff	prodh,??_buttonInterrupt+9
   588  0000C6  CFF6 F01C          	movff	tblptrl,??_buttonInterrupt+10
   589  0000CA  CFF7 F01D          	movff	tblptrh,??_buttonInterrupt+11
   590  0000CE  CFF8 F01E          	movff	tblptru,??_buttonInterrupt+12
   591  0000D2  CFF5 F01F          	movff	tablat,??_buttonInterrupt+13
   592                           
   593                           ;main.c: 23: clearButtonInterruptRequest();
   594  0000D6  ECBA  F000         	call	_clearButtonInterruptRequest	;wreg free
   595  0000DA  C01F  FFF5         	movff	??_buttonInterrupt+13,tablat
   596  0000DE  C01E  FFF8         	movff	??_buttonInterrupt+12,tblptru
   597  0000E2  C01D  FFF7         	movff	??_buttonInterrupt+11,tblptrh
   598  0000E6  C01C  FFF6         	movff	??_buttonInterrupt+10,tblptrl
   599  0000EA  C01B  FFF4         	movff	??_buttonInterrupt+9,prodh
   600  0000EE  C01A  FFF3         	movff	??_buttonInterrupt+8,prodl
   601  0000F2  C019  FFDA         	movff	??_buttonInterrupt+7,fsr2h
   602  0000F6  C018  FFD9         	movff	??_buttonInterrupt+6,fsr2l
   603  0000FA  C017  FFE2         	movff	??_buttonInterrupt+5,fsr1h
   604  0000FE  C016  FFE1         	movff	??_buttonInterrupt+4,fsr1l
   605  000102  C015  FFEA         	movff	??_buttonInterrupt+3,fsr0h
   606  000106  C014  FFE9         	movff	??_buttonInterrupt+2,fsr0l
   607  00010A  C013  FFFB         	movff	??_buttonInterrupt+1,pclatu
   608  00010E  C012  FFFA         	movff	??_buttonInterrupt,pclath
   609  000112  0011               	retfie		f
   610  000114                     __end_of_buttonInterrupt:
   611                           	opt stack 0
   612                           pclatu	equ	0xFFB
   613                           pclath	equ	0xFFA
   614                           tblptru	equ	0xFF8
   615                           tblptrh	equ	0xFF7
   616                           tblptrl	equ	0xFF6
   617                           tablat	equ	0xFF5
   618                           prodh	equ	0xFF4
   619                           prodl	equ	0xFF3
   620                           intcon	equ	0xFF2
   621                           intcon2	equ	0xFF1
   622                           fsr0h	equ	0xFEA
   623                           fsr0l	equ	0xFE9
   624                           wreg	equ	0xFE8
   625                           fsr1h	equ	0xFE2
   626                           fsr1l	equ	0xFE1
   627                           bsr	equ	0xFE0
   628                           fsr2h	equ	0xFDA
   629                           fsr2l	equ	0xFD9
   630                           status	equ	0xFD8
   631                           
   632 ;; *************** function _clearButtonInterruptRequest *****************
   633 ;; Defined at:
   634 ;;		line 34 in file "drivers.c"
   635 ;; Parameters:    Size  Location     Type
   636 ;;		None
   637 ;; Auto vars:     Size  Location     Type
   638 ;;		None
   639 ;; Return value:  Size  Location     Type
   640 ;;		None               void
   641 ;; Registers used:
   642 ;;		None
   643 ;; Tracked objects:
   644 ;;		On entry : 0/0
   645 ;;		On exit  : 0/0
   646 ;;		Unchanged: 0/0
   647 ;; Data sizes:     COMRAM   BANK0   BANK1   BANK2   BANK3   BANK4   BANK5
   648 ;;      Params:         0       0       0       0       0       0       0
   649 ;;      Locals:         0       0       0       0       0       0       0
   650 ;;      Temps:          0       0       0       0       0       0       0
   651 ;;      Totals:         0       0       0       0       0       0       0
   652 ;;Total ram usage:        0 bytes
   653 ;; Hardware stack levels used:    1
   654 ;; This function calls:
   655 ;;		Nothing
   656 ;; This function is called by:
   657 ;;		_buttonInterrupt
   658 ;; This function uses a non-reentrant model
   659 ;;
   660                           
   661                           	psect	text7
   662  000174                     __ptext7:
   663                           	opt stack 0
   664  000174                     _clearButtonInterruptRequest:
   665                           	opt stack 25
   666                           
   667                           ;drivers.c: 35: INTCONbits.INT0IF = 0;
   668                           
   669                           ;incstack = 0
   670  000174  92F2               	bcf	intcon,1,c	;volatile
   671  000176  0012               	return	
   672  000178                     __end_of_clearButtonInterruptRequest:
   673                           	opt stack 0
   674  0000                     pclatu	equ	0xFFB
   675                           pclath	equ	0xFFA
   676                           tblptru	equ	0xFF8
   677                           tblptrh	equ	0xFF7
   678                           tblptrl	equ	0xFF6
   679                           tablat	equ	0xFF5
   680                           prodh	equ	0xFF4
   681                           prodl	equ	0xFF3
   682                           intcon	equ	0xFF2
   683                           intcon2	equ	0xFF1
   684                           fsr0h	equ	0xFEA
   685                           fsr0l	equ	0xFE9
   686                           wreg	equ	0xFE8
   687                           fsr1h	equ	0xFE2
   688                           fsr1l	equ	0xFE1
   689                           bsr	equ	0xFE0
   690                           fsr2h	equ	0xFDA
   691                           fsr2l	equ	0xFD9
   692                           status	equ	0xFD8
   693                           pclatu	equ	0xFFB
   694                           pclath	equ	0xFFA
   695                           tblptru	equ	0xFF8
   696                           tblptrh	equ	0xFF7
   697                           tblptrl	equ	0xFF6
   698                           tablat	equ	0xFF5
   699                           prodh	equ	0xFF4
   700                           prodl	equ	0xFF3
   701                           intcon	equ	0xFF2
   702                           intcon2	equ	0xFF1
   703                           fsr0h	equ	0xFEA
   704                           fsr0l	equ	0xFE9
   705                           wreg	equ	0xFE8
   706                           fsr1h	equ	0xFE2
   707                           fsr1l	equ	0xFE1
   708                           bsr	equ	0xFE0
   709                           fsr2h	equ	0xFDA
   710                           fsr2l	equ	0xFD9
   711                           status	equ	0xFD8
   712                           
   713                           	psect	rparam
   714  0000                     pclatu	equ	0xFFB
   715                           pclath	equ	0xFFA
   716                           tblptru	equ	0xFF8
   717                           tblptrh	equ	0xFF7
   718                           tblptrl	equ	0xFF6
   719                           tablat	equ	0xFF5
   720                           prodh	equ	0xFF4
   721                           prodl	equ	0xFF3
   722                           intcon	equ	0xFF2
   723                           intcon2	equ	0xFF1
   724                           fsr0h	equ	0xFEA
   725                           fsr0l	equ	0xFE9
   726                           wreg	equ	0xFE8
   727                           fsr1h	equ	0xFE2
   728                           fsr1l	equ	0xFE1
   729                           bsr	equ	0xFE0
   730                           fsr2h	equ	0xFDA
   731                           fsr2l	equ	0xFD9
   732                           status	equ	0xFD8


Data Sizes:
    Strings     0
    Constant    0
    Data        1
    BSS         0
    Persistent  0
    Stack       0

Auto Spaces:
    Space          Size  Autos    Used
    COMRAM           95     32      33
    BANK0           160      0       0
    BANK1           256      0       0
    BANK2           256      0       0
    BANK3           256      0       0
    BANK4           256      0       0
    BANK5           256      0       0

Pointer List with Targets:

    None.

Critical Paths under _main in COMRAM

    _main->_setLeds

Critical Paths under _buttonInterrupt in COMRAM

    None.

Critical Paths under _timerInterrupt in COMRAM

    None.

Critical Paths under _main in BANK0

    None.

Critical Paths under _buttonInterrupt in BANK0

    None.

Critical Paths under _timerInterrupt in BANK0

    None.

Critical Paths under _main in BANK1

    None.

Critical Paths under _buttonInterrupt in BANK1

    None.

Critical Paths under _timerInterrupt in BANK1

    None.

Critical Paths under _main in BANK2

    None.

Critical Paths under _buttonInterrupt in BANK2

    None.

Critical Paths under _timerInterrupt in BANK2

    None.

Critical Paths under _main in BANK3

    None.

Critical Paths under _buttonInterrupt in BANK3

    None.

Critical Paths under _timerInterrupt in BANK3

    None.

Critical Paths under _main in BANK4

    None.

Critical Paths under _buttonInterrupt in BANK4

    None.

Critical Paths under _timerInterrupt in BANK4

    None.

Critical Paths under _main in BANK5

    None.

Critical Paths under _buttonInterrupt in BANK5

    None.

Critical Paths under _timerInterrupt in BANK5

    None.

Call Graph Tables:

 ---------------------------------------------------------------------------------
 (Depth) Function   	        Calls       Base Space   Used Autos Params    Refs
 ---------------------------------------------------------------------------------
 (0) _main                                                 0     0      0      15
                               _init
                            _setLeds
 ---------------------------------------------------------------------------------
 (1) _setLeds                                              1     1      0      15
                                             31 COMRAM     1     1      0
 ---------------------------------------------------------------------------------
 (1) _init                                                 0     0      0       0
                           _ADC_Init
 ---------------------------------------------------------------------------------
 (2) _ADC_Init                                             0     0      0       0
 ---------------------------------------------------------------------------------
 Estimated maximum stack depth 2
 ---------------------------------------------------------------------------------
 (Depth) Function   	        Calls       Base Space   Used Autos Params    Refs
 ---------------------------------------------------------------------------------
 (3) _timerInterrupt                                      17    17      0       0
                                              0 COMRAM    17    17      0
         _clearTimerInterruptRequest
 ---------------------------------------------------------------------------------
 (4) _clearTimerInterruptRequest                           0     0      0       0
 ---------------------------------------------------------------------------------
 Estimated maximum stack depth 4
 ---------------------------------------------------------------------------------
 (Depth) Function   	        Calls       Base Space   Used Autos Params    Refs
 ---------------------------------------------------------------------------------
 (5) _buttonInterrupt                                     14    14      0       0
                                             17 COMRAM    14    14      0
        _clearButtonInterruptRequest
 ---------------------------------------------------------------------------------
 (6) _clearButtonInterruptRequest                          0     0      0       0
 ---------------------------------------------------------------------------------
 Estimated maximum stack depth 6
 ---------------------------------------------------------------------------------

 Call Graph Graphs:

 _main (ROOT)
   _init
     _ADC_Init
   _setLeds

 _timerInterrupt (ROOT)
   _clearTimerInterruptRequest

 _buttonInterrupt (ROOT)
   _clearButtonInterruptRequest

 Address spaces:
Name               Size   Autos  Total    Cost      Usage
BIGRAM             5FF      0       0      17        0.0%
EEDATA             100      0       0       0        0.0%
BITBANK5           100      0       0      16        0.0%
BANK5              100      0       0      14        0.0%
BITBANK4           100      0       0      12        0.0%
BANK4              100      0       0      13        0.0%
BITBANK3           100      0       0      10        0.0%
BANK3              100      0       0      11        0.0%
BITBANK2           100      0       0       8        0.0%
BANK2              100      0       0       9        0.0%
BITBANK1           100      0       0       6        0.0%
BANK1              100      0       0       7        0.0%
BITBANK0            A0      0       0       4        0.0%
BANK0               A0      0       0       5        0.0%
BITCOMRAM           5F      0       0       0        0.0%
COMRAM              5F     20      21       1       34.7%
BITSFR               0      0       0      40        0.0%
SFR                  0      0       0      40        0.0%
STACK                0      0       0       2        0.0%
NULL                 0      0       0       0        0.0%
ABS                  0      0      21      15        0.0%
DATA                 0      0      21       3        0.0%
CODE                 0      0       0       0        0.0%


Microchip Technology PIC18 Macro Assembler V1.33 build 59893 
Symbol Table                                                                                   Mon Oct 13 20:26:31 2014

                                  bsr 000FE0                                   l738 0160  
                                 wreg 000FE8                          __CFG_LVP$OFF 000000  
                                _LATD 000F8C                                  _main 0158  
                                _leds 0021                                  _init 0144  
                                fsr0h 000FEA                                  fsr1h 000FE2  
                                fsr0l 000FE9                                  fsr2h 000FDA  
                                fsr1l 000FE1                                  fsr2l 000FD9  
                    __end_of_ADC_Init 0144                                  pclat 000FFA  
                                prodh 000FF4                                  prodl 000FF3  
                                start 00A6                      ??_timerInterrupt 0001  
                               ?_main 0001                                 ?_init 0001  
                               _ANSEL 000F7E                                 _T0CON 000FD5  
                               _TMR0H 000FD7                                 _TMR0L 000FD6  
                               _TRISD 000F95                       __end_of_setLeds 0170  
                               tablat 000FF5                                 status 000FD8  
                      __CFG_MCLRE$OFF 000000                       __initialization 0114  
                        __end_of_main 0168                          __end_of_init 0158  
                              ??_main 0021                                ??_init 0020  
                       __activetblptr 000000                                _ADCON0 000FC2  
                              _ADCON1 000FC1                                _ADCON2 000FC0  
                              _ADRESH 000FC4                                _ANSELH 000F7F  
                      __CFG_WDTEN$OFF 000000   __end_of_clearButtonInterruptRequest 0178  
         _clearButtonInterruptRequest 0174                       _buttonInterrupt 0008  
                        __pdataCOMRAM 0021                             ?_ADC_Init 0001  
       ??_clearButtonInterruptRequest 0012                             ??_setLeds 0020  
                              tblptrh 000FF7                                tblptrl 000FF6  
                              tblptru 000FF8                            __accesstop 0060  
             __end_of__initialization 0126                        __pcstackCOMRAM 0001  
                          ??_ADC_Init 0020               __end_of_buttonInterrupt 0114  
                             __Hparam 0000                               __Lparam 0000  
                             __pcinit 0114                             _ANSELbits 000F7E  
                             __ramtop 0600                               __ptext0 0158  
                             __ptext1 0168                               __ptext2 0144  
                             __ptext3 012C                               __ptext5 0170  
                             __ptext7 0174                               _setLeds 0168  
                      __pintcode_body 00AA                  end_of_initialization 0126  
                             int_func 00AA                      ?_buttonInterrupt 0001  
                           _PORTBbits 000F81               __size_of_timerInterrupt 008E  
                           _TRISBbits 000F93                     __size_of_ADC_Init 0018  
                       __pidataCOMRAM 0178                   start_initialization 0114  
 __size_of_clearTimerInterruptRequest 0004                             __pintcode 0008  
                         __pintcodelo 0018                        _timerInterrupt 0018  
                            _ADC_Init 012C                              ?_setLeds 0001  
  __end_of_clearTimerInterruptRequest 0174            _clearTimerInterruptRequest 0170  
                            _RCONbits 000FD0          ?_clearButtonInterruptRequest 0001  
              __end_of_timerInterrupt 00A6                            _ADCON0bits 000FC2  
                            _WPUBbits 000F7C                           _INTCON2bits 000FF1  
                            __Hrparam 0000                              __Lrparam 0000  
                     ?_timerInterrupt 0001              __size_of_buttonInterrupt 010C  
                    __size_of_setLeds 0008                         __size_of_main 0010  
                       __size_of_init 0014                            _INTCONbits 000FF2  
                            intlevel1 0000                              intlevel2 0000  
__size_of_clearButtonInterruptRequest 0004                              setLeds@x 0020  
        ??_clearTimerInterruptRequest 0001                     ??_buttonInterrupt 0012  
                   __CFG_FOSC$INTIO67 000000           ?_clearTimerInterruptRequest 0001  
