

Microchip Technology PIC18 LITE Macro Assembler V1.33 build 59893 
                                                                                               Mon Oct 13 16:39:50 2014

Microchip Technology Omniscient Code Generator (Lite mode) build 59893
     1                           	processor	18F45K20
     2                           	fnconf	rparam,??,?,0
     3                           	opt	pw 120
     4                           	opt	lm
     5                           	psect	idataCOMRAM,global,class=CODE,delta=1
     6                           	psect	cinit,global,reloc=2,class=CODE,delta=1
     7                           	psect	dataCOMRAM,global,class=COMRAM,space=1,delta=1
     8                           	psect	cstackCOMRAM,global,class=COMRAM,space=1,delta=1
     9                           	psect	text0,global,reloc=2,class=CODE,delta=1
    10                           	psect	text1,global,reloc=2,class=CODE,delta=1
    11                           	psect	text2,global,reloc=2,class=CODE,delta=1
    12                           	psect	text3,global,reloc=2,class=CODE,delta=1
    13                           	psect	text4,global,reloc=2,class=CODE,delta=1
    14                           	psect	text5,global,reloc=2,class=CODE,delta=1
    15                           	psect	text6,global,reloc=2,class=CODE,delta=1
    16                           	psect	text7,global,reloc=2,class=CODE,delta=1
    17                           	psect	text8,global,reloc=2,class=CODE,delta=1
    18                           	psect	intcodelo,global,reloc=2,class=CODE,delta=1
    19                           	psect	text10,global,reloc=2,class=CODE,delta=1
    20                           	psect	text11,global,reloc=2,class=CODE,delta=1
    21                           	psect	intcode,global,reloc=2,class=CODE,delta=1
    22                           	psect	intcode_body,global,reloc=2,class=CODE,delta=1
    23                           	psect	text13,global,reloc=2,class=CODE,delta=1
    24                           	psect	intsave_regs,global,class=BIGRAM,space=1,delta=1
    25                           	psect	rparam,global,class=COMRAM,space=1,delta=1
    26  0000                     
    27                           	psect	idataCOMRAM
    28  000208                     __pidataCOMRAM:
    29                           	opt stack 0
    30                           
    31                           ;initializer for _leds
    32  000208  FF                 	db	255
    33  0000                     _ADCON0	set	4034
    34  0000                     _ADCON0bits	set	4034
    35  0000                     _ADCON1	set	4033
    36  0000                     _ADCON2	set	4032
    37  0000                     _ADRESH	set	4036
    38  0000                     _ANSEL	set	3966
    39  0000                     _ANSELH	set	3967
    40  0000                     _ANSELbits	set	3966
    41  0000                     _INTCON2bits	set	4081
    42  0000                     _INTCONbits	set	4082
    43  0000                     _LATD	set	3980
    44  0000                     _PORTBbits	set	3969
    45  0000                     _RCONbits	set	4048
    46  0000                     _T0CON	set	4053
    47  0000                     _TMR0H	set	4055
    48  0000                     _TMR0L	set	4054
    49  0000                     _TRISBbits	set	3987
    50  0000                     _TRISD	set	3989
    51  0000                     _WPUBbits	set	3964
    52                           
    53                           ; #config settings
    54  0000                     
    55                           	psect	cinit
    56  000174                     __pcinit:
    57                           	opt stack 0
    58  000174                     start_initialization:
    59                           	opt stack 0
    60  000174                     __initialization:
    61                           	opt stack 0
    62                           
    63                           ; Initialize objects allocated to COMRAM (1 bytes)
    64                           ; load TBLPTR registers with __pidataCOMRAM
    65  000174  0E08               	movlw	low __pidataCOMRAM
    66  000176  6EF6               	movwf	tblptrl,c
    67  000178  0E02               	movlw	high __pidataCOMRAM
    68  00017A  6EF7               	movwf	tblptrh,c
    69  00017C  0E00               	movlw	low (__pidataCOMRAM shr (0+16))
    70  00017E  6EF8               	movwf	tblptru,c
    71  000180  0009               	tblrd		*+	;fetch initializer
    72  000182  CFF5 F02B          	movff	tablat,__pdataCOMRAM
    73  000186                     end_of_initialization:
    74                           	opt stack 0
    75  000186                     __end_of__initialization:
    76                           	opt stack 0
    77  000186  0100               	movlb	0
    78  000188  EF93  F000         	goto	_main	;jump to C main() function
    79                           tblptru	equ	0xFF8
    80                           tblptrh	equ	0xFF7
    81                           tblptrl	equ	0xFF6
    82                           tablat	equ	0xFF5
    83                           
    84                           	psect	dataCOMRAM
    85  00002B                     __pdataCOMRAM:
    86                           	opt stack 0
    87  00002B                     _leds:
    88                           	opt stack 0
    89  00002B                     	ds	1
    90                           tblptru	equ	0xFF8
    91                           tblptrh	equ	0xFF7
    92                           tblptrl	equ	0xFF6
    93                           tablat	equ	0xFF5
    94                           
    95                           	psect	cstackCOMRAM
    96  000001                     __pcstackCOMRAM:
    97                           	opt stack 0
    98  000001                     i1loadTimer@data:
    99                           	opt stack 0
   100                           
   101                           ; 2 bytes @ 0x0
   102  000001                     	ds	2
   103  000003                     ??i1_loadTimer:
   104                           
   105                           ; 0 bytes @ 0x2
   106  000003                     	ds	3
   107  000006                     ??_timerInterrupt:
   108                           
   109                           ; 0 bytes @ 0x5
   110  000006                     	ds	17
   111  000017                     ??_buttonInterrupt:
   112                           
   113                           ; 0 bytes @ 0x16
   114  000017                     	ds	14
   115  000025                     initTimer@priority:
   116                           	opt stack 0
   117  000025                     setLeds@x:
   118                           	opt stack 0
   119  000025                     loadTimer@data:
   120                           	opt stack 0
   121                           
   122                           ; 2 bytes @ 0x24
   123  000025                     	ds	1
   124  000026                     initTimer@prescaler:
   125                           	opt stack 0
   126                           
   127                           ; 1 bytes @ 0x25
   128  000026                     	ds	1
   129  000027                     ??_loadTimer:
   130                           
   131                           ; 0 bytes @ 0x26
   132  000027                     	ds	3
   133  00002A                     main@m:
   134                           	opt stack 0
   135                           
   136                           ; 1 bytes @ 0x29
   137  00002A                     	ds	1
   138                           tblptru	equ	0xFF8
   139                           tblptrh	equ	0xFF7
   140                           tblptrl	equ	0xFF6
   141                           tablat	equ	0xFF5
   142                           
   143 ;;
   144 ;;Main: autosize = 0, tempsize = 0, incstack = 0, save=0
   145 ;;
   146 ;; *************** function _main *****************
   147 ;; Defined at:
   148 ;;		line 5 in file "main.c"
   149 ;; Parameters:    Size  Location     Type
   150 ;;		None
   151 ;; Auto vars:     Size  Location     Type
   152 ;;  m               1   41[COMRAM] unsigned char 
   153 ;; Return value:  Size  Location     Type
   154 ;;		None               void
   155 ;; Registers used:
   156 ;;		wreg, status,2, status,0, cstack
   157 ;; Tracked objects:
   158 ;;		On entry : 0/0
   159 ;;		On exit  : 0/0
   160 ;;		Unchanged: 0/0
   161 ;; Data sizes:     COMRAM   BANK0   BANK1   BANK2   BANK3   BANK4   BANK5
   162 ;;      Params:         0       0       0       0       0       0       0
   163 ;;      Locals:         1       0       0       0       0       0       0
   164 ;;      Temps:          0       0       0       0       0       0       0
   165 ;;      Totals:         1       0       0       0       0       0       0
   166 ;;Total ram usage:        1 bytes
   167 ;; Hardware stack levels required when called:    6
   168 ;; This function calls:
   169 ;;		_buttonInterruptEnable
   170 ;;		_init
   171 ;;		_initTimer
   172 ;;		_interruptEnable
   173 ;;		_loadTimer
   174 ;;		_setLeds
   175 ;;		_timerInterruptEnable
   176 ;; This function is called by:
   177 ;;		Startup code after reset
   178 ;; This function uses a non-reentrant model
   179 ;;
   180                           
   181                           	psect	text0
   182  000126                     __ptext0:
   183                           	opt stack 0
   184  000126                     _main:
   185                           	opt stack 25
   186                           
   187                           ;main.c: 7: unsigned char m = 0xF;
   188                           
   189                           ;incstack = 0
   190  000126  0E0F               	movlw	15
   191  000128  6E2A               	movwf	main@m,c
   192                           
   193                           ;main.c: 8: init();
   194  00012A  ECDC  F000         	call	_init	;wreg free
   195                           
   196                           ;main.c: 9: interruptEnable();
   197  00012E  ECF8  F000         	call	_interruptEnable	;wreg free
   198                           
   199                           ;main.c: 10: buttonInterruptEnable();
   200  000132  ECFC  F000         	call	_buttonInterruptEnable	;wreg free
   201                           
   202                           ;main.c: 11: initTimer(0b011,0);
   203  000136  0E00               	movlw	0
   204  000138  6E25               	movwf	initTimer@priority,c
   205  00013A  0E03               	movlw	3
   206  00013C  ECAC  F000         	call	_initTimer
   207                           
   208                           ;main.c: 12: timerInterruptEnable();
   209  000140  ECF0  F000         	call	_timerInterruptEnable	;wreg free
   210                           
   211                           ;main.c: 13: loadTimer(65500);
   212  000144  0EFF               	movlw	255
   213  000146  6E26               	movwf	loadTimer@data+1,c
   214  000148  0EDC               	movlw	220
   215  00014A  6E25               	movwf	loadTimer@data,c
   216  00014C  ECD2  F000         	call	_loadTimer	;wreg free
   217  000150                     l776:
   218                           
   219                           ;main.c: 15: setLeds(leds);
   220  000150  502B               	movf	_leds,w,c
   221  000152  ECF4  F000         	call	_setLeds
   222  000156  D7FC               	goto	l776
   223  000158                     __end_of_main:
   224                           	opt stack 0
   225                           tblptru	equ	0xFF8
   226                           tblptrh	equ	0xFF7
   227                           tblptrl	equ	0xFF6
   228                           tablat	equ	0xFF5
   229                           
   230 ;; *************** function _timerInterruptEnable *****************
   231 ;; Defined at:
   232 ;;		line 38 in file "drivers.c"
   233 ;; Parameters:    Size  Location     Type
   234 ;;		None
   235 ;; Auto vars:     Size  Location     Type
   236 ;;		None
   237 ;; Return value:  Size  Location     Type
   238 ;;		None               void
   239 ;; Registers used:
   240 ;;		None
   241 ;; Tracked objects:
   242 ;;		On entry : 0/0
   243 ;;		On exit  : 0/0
   244 ;;		Unchanged: 0/0
   245 ;; Data sizes:     COMRAM   BANK0   BANK1   BANK2   BANK3   BANK4   BANK5
   246 ;;      Params:         0       0       0       0       0       0       0
   247 ;;      Locals:         0       0       0       0       0       0       0
   248 ;;      Temps:          0       0       0       0       0       0       0
   249 ;;      Totals:         0       0       0       0       0       0       0
   250 ;;Total ram usage:        0 bytes
   251 ;; Hardware stack levels used:    1
   252 ;; Hardware stack levels required when called:    4
   253 ;; This function calls:
   254 ;;		Nothing
   255 ;; This function is called by:
   256 ;;		_main
   257 ;; This function uses a non-reentrant model
   258 ;;
   259                           
   260                           	psect	text1
   261  0001E0                     __ptext1:
   262                           	opt stack 0
   263  0001E0                     _timerInterruptEnable:
   264                           	opt stack 26
   265                           
   266                           ;drivers.c: 40: INTCONbits.PEIE = 1;
   267                           
   268                           ;incstack = 0
   269  0001E0  8CF2               	bsf	intcon,6,c	;volatile
   270                           
   271                           ;drivers.c: 41: INTCONbits.T0IF = 0;
   272  0001E2  94F2               	bcf	intcon,2,c	;volatile
   273                           
   274                           ;drivers.c: 42: INTCONbits.T0IE = 1;
   275  0001E4  8AF2               	bsf	intcon,5,c	;volatile
   276  0001E6  0012               	return	
   277  0001E8                     __end_of_timerInterruptEnable:
   278                           	opt stack 0
   279                           tblptru	equ	0xFF8
   280                           tblptrh	equ	0xFF7
   281                           tblptrl	equ	0xFF6
   282                           tablat	equ	0xFF5
   283                           intcon	equ	0xFF2
   284                           
   285 ;; *************** function _setLeds *****************
   286 ;; Defined at:
   287 ;;		line 57 in file "drivers.c"
   288 ;; Parameters:    Size  Location     Type
   289 ;;  x               1    wreg     unsigned char 
   290 ;; Auto vars:     Size  Location     Type
   291 ;;  x               1   36[COMRAM] unsigned char 
   292 ;; Return value:  Size  Location     Type
   293 ;;		None               void
   294 ;; Registers used:
   295 ;;		wreg
   296 ;; Tracked objects:
   297 ;;		On entry : 0/0
   298 ;;		On exit  : 0/0
   299 ;;		Unchanged: 0/0
   300 ;; Data sizes:     COMRAM   BANK0   BANK1   BANK2   BANK3   BANK4   BANK5
   301 ;;      Params:         0       0       0       0       0       0       0
   302 ;;      Locals:         1       0       0       0       0       0       0
   303 ;;      Temps:          0       0       0       0       0       0       0
   304 ;;      Totals:         1       0       0       0       0       0       0
   305 ;;Total ram usage:        1 bytes
   306 ;; Hardware stack levels used:    1
   307 ;; Hardware stack levels required when called:    4
   308 ;; This function calls:
   309 ;;		Nothing
   310 ;; This function is called by:
   311 ;;		_main
   312 ;; This function uses a non-reentrant model
   313 ;;
   314                           
   315                           	psect	text2
   316  0001E8                     __ptext2:
   317                           	opt stack 0
   318  0001E8                     _setLeds:
   319                           	opt stack 26
   320                           
   321                           ;incstack = 0
   322                           ;setLeds@x stored from wreg
   323  0001E8  6E25               	movwf	setLeds@x,c
   324                           
   325                           ;drivers.c: 58: LATD = x;
   326  0001EA  C025  FF8C         	movff	setLeds@x,3980	;volatile
   327  0001EE  0012               	return	
   328  0001F0                     __end_of_setLeds:
   329                           	opt stack 0
   330                           tblptru	equ	0xFF8
   331                           tblptrh	equ	0xFF7
   332                           tblptrl	equ	0xFF6
   333                           tablat	equ	0xFF5
   334                           intcon	equ	0xFF2
   335                           
   336 ;; *************** function _loadTimer *****************
   337 ;; Defined at:
   338 ;;		line 61 in file "drivers.c"
   339 ;; Parameters:    Size  Location     Type
   340 ;;  data            2   36[COMRAM] unsigned short 
   341 ;; Auto vars:     Size  Location     Type
   342 ;;		None
   343 ;; Return value:  Size  Location     Type
   344 ;;		None               void
   345 ;; Registers used:
   346 ;;		wreg, status,2
   347 ;; Tracked objects:
   348 ;;		On entry : 0/0
   349 ;;		On exit  : 0/0
   350 ;;		Unchanged: 0/0
   351 ;; Data sizes:     COMRAM   BANK0   BANK1   BANK2   BANK3   BANK4   BANK5
   352 ;;      Params:         2       0       0       0       0       0       0
   353 ;;      Locals:         0       0       0       0       0       0       0
   354 ;;      Temps:          3       0       0       0       0       0       0
   355 ;;      Totals:         5       0       0       0       0       0       0
   356 ;;Total ram usage:        5 bytes
   357 ;; Hardware stack levels used:    1
   358 ;; Hardware stack levels required when called:    4
   359 ;; This function calls:
   360 ;;		Nothing
   361 ;; This function is called by:
   362 ;;		_main
   363 ;; This function uses a non-reentrant model
   364 ;;
   365                           
   366                           	psect	text3
   367  0001A4                     __ptext3:
   368                           	opt stack 0
   369  0001A4                     _loadTimer:
   370                           	opt stack 26
   371                           
   372                           ;drivers.c: 62: TMR0H = data>>8;
   373                           
   374                           ;incstack = 0
   375  0001A4  C026  F027         	movff	loadTimer@data+1,??_loadTimer
   376  0001A8  C027  F028         	movff	??_loadTimer,??_loadTimer+1
   377  0001AC  6A29               	clrf	(??_loadTimer+2)& (0+255),c
   378  0001AE  5028               	movf	??_loadTimer+1,w,c
   379  0001B0  6ED7               	movwf	4055,c	;volatile
   380                           
   381                           ;drivers.c: 63: TMR0L = data & 0x00FF;
   382  0001B2  C025  FFD6         	movff	loadTimer@data,4054	;volatile
   383  0001B6  0012               	return	
   384  0001B8                     __end_of_loadTimer:
   385                           	opt stack 0
   386                           tblptru	equ	0xFF8
   387                           tblptrh	equ	0xFF7
   388                           tblptrl	equ	0xFF6
   389                           tablat	equ	0xFF5
   390                           intcon	equ	0xFF2
   391                           
   392 ;; *************** function _interruptEnable *****************
   393 ;; Defined at:
   394 ;;		line 14 in file "drivers.c"
   395 ;; Parameters:    Size  Location     Type
   396 ;;		None
   397 ;; Auto vars:     Size  Location     Type
   398 ;;		None
   399 ;; Return value:  Size  Location     Type
   400 ;;		None               void
   401 ;; Registers used:
   402 ;;		None
   403 ;; Tracked objects:
   404 ;;		On entry : 0/0
   405 ;;		On exit  : 0/0
   406 ;;		Unchanged: 0/0
   407 ;; Data sizes:     COMRAM   BANK0   BANK1   BANK2   BANK3   BANK4   BANK5
   408 ;;      Params:         0       0       0       0       0       0       0
   409 ;;      Locals:         0       0       0       0       0       0       0
   410 ;;      Temps:          0       0       0       0       0       0       0
   411 ;;      Totals:         0       0       0       0       0       0       0
   412 ;;Total ram usage:        0 bytes
   413 ;; Hardware stack levels used:    1
   414 ;; Hardware stack levels required when called:    4
   415 ;; This function calls:
   416 ;;		Nothing
   417 ;; This function is called by:
   418 ;;		_main
   419 ;; This function uses a non-reentrant model
   420 ;;
   421                           
   422                           	psect	text4
   423  0001F0                     __ptext4:
   424                           	opt stack 0
   425  0001F0                     _interruptEnable:
   426                           	opt stack 26
   427                           
   428                           ;drivers.c: 16: RCONbits.IPEN = 1;
   429                           
   430                           ;incstack = 0
   431  0001F0  8ED0               	bsf	4048,7,c	;volatile
   432                           
   433                           ;drivers.c: 17: INTCONbits.GIEL = 1;
   434  0001F2  8CF2               	bsf	intcon,6,c	;volatile
   435                           
   436                           ;drivers.c: 18: INTCONbits.GIEH = 1;
   437  0001F4  8EF2               	bsf	intcon,7,c	;volatile
   438  0001F6  0012               	return	
   439  0001F8                     __end_of_interruptEnable:
   440                           	opt stack 0
   441                           tblptru	equ	0xFF8
   442                           tblptrh	equ	0xFF7
   443                           tblptrl	equ	0xFF6
   444                           tablat	equ	0xFF5
   445                           intcon	equ	0xFF2
   446                           
   447 ;; *************** function _initTimer *****************
   448 ;; Defined at:
   449 ;;		line 50 in file "drivers.c"
   450 ;; Parameters:    Size  Location     Type
   451 ;;  prescaler       1    wreg     unsigned char 
   452 ;;  priority        1   36[COMRAM] unsigned char 
   453 ;; Auto vars:     Size  Location     Type
   454 ;;  prescaler       1   37[COMRAM] unsigned char 
   455 ;; Return value:  Size  Location     Type
   456 ;;		None               void
   457 ;; Registers used:
   458 ;;		wreg, status,2, status,0
   459 ;; Tracked objects:
   460 ;;		On entry : 0/0
   461 ;;		On exit  : 0/0
   462 ;;		Unchanged: 0/0
   463 ;; Data sizes:     COMRAM   BANK0   BANK1   BANK2   BANK3   BANK4   BANK5
   464 ;;      Params:         1       0       0       0       0       0       0
   465 ;;      Locals:         1       0       0       0       0       0       0
   466 ;;      Temps:          0       0       0       0       0       0       0
   467 ;;      Totals:         2       0       0       0       0       0       0
   468 ;;Total ram usage:        2 bytes
   469 ;; Hardware stack levels used:    1
   470 ;; Hardware stack levels required when called:    4
   471 ;; This function calls:
   472 ;;		Nothing
   473 ;; This function is called by:
   474 ;;		_main
   475 ;; This function uses a non-reentrant model
   476 ;;
   477                           
   478                           	psect	text5
   479  000158                     __ptext5:
   480                           	opt stack 0
   481  000158                     _initTimer:
   482                           	opt stack 26
   483                           
   484                           ;incstack = 0
   485                           ;initTimer@prescaler stored from wreg
   486  000158  6E26               	movwf	initTimer@prescaler,c
   487                           
   488                           ;drivers.c: 51: T0CON = 0b10000000 | prescaler;
   489  00015A  5026               	movf	initTimer@prescaler,w,c
   490  00015C  0980               	iorlw	128
   491  00015E  6ED5               	movwf	4053,c	;volatile
   492                           
   493                           ;drivers.c: 52: INTCON2bits.TMR0IP = priority;
   494  000160  B025               	btfsc	initTimer@priority,0,c
   495  000162  D002               	bra	u15
   496  000164  94F1               	bcf	intcon2,2,c	;volatile
   497  000166  D001               	bra	u16
   498  000168                     u15:
   499  000168  84F1               	bsf	intcon2,2,c	;volatile
   500  00016A                     u16:
   501                           
   502                           ;drivers.c: 53: if(priority)
   503  00016A  5025               	movf	initTimer@priority,w,c
   504  00016C  B4D8               	btfsc	status,2,c
   505  00016E  0012               	return	
   506                           
   507                           ;drivers.c: 54: RCONbits.IPEN = 1;
   508  000170  8ED0               	bsf	4048,7,c	;volatile
   509  000172  0012               	return	
   510  000174                     __end_of_initTimer:
   511                           	opt stack 0
   512                           tblptru	equ	0xFF8
   513                           tblptrh	equ	0xFF7
   514                           tblptrl	equ	0xFF6
   515                           tablat	equ	0xFF5
   516                           intcon	equ	0xFF2
   517                           intcon2	equ	0xFF1
   518                           status	equ	0xFD8
   519                           
   520 ;; *************** function _init *****************
   521 ;; Defined at:
   522 ;;		line 4 in file "drivers.c"
   523 ;; Parameters:    Size  Location     Type
   524 ;;		None
   525 ;; Auto vars:     Size  Location     Type
   526 ;;		None
   527 ;; Return value:  Size  Location     Type
   528 ;;		None               void
   529 ;; Registers used:
   530 ;;		wreg, status,2, cstack
   531 ;; Tracked objects:
   532 ;;		On entry : 0/0
   533 ;;		On exit  : 0/0
   534 ;;		Unchanged: 0/0
   535 ;; Data sizes:     COMRAM   BANK0   BANK1   BANK2   BANK3   BANK4   BANK5
   536 ;;      Params:         0       0       0       0       0       0       0
   537 ;;      Locals:         0       0       0       0       0       0       0
   538 ;;      Temps:          0       0       0       0       0       0       0
   539 ;;      Totals:         0       0       0       0       0       0       0
   540 ;;Total ram usage:        0 bytes
   541 ;; Hardware stack levels used:    1
   542 ;; Hardware stack levels required when called:    5
   543 ;; This function calls:
   544 ;;		_ADC_Init
   545 ;; This function is called by:
   546 ;;		_main
   547 ;; This function uses a non-reentrant model
   548 ;;
   549                           
   550                           	psect	text6
   551  0001B8                     __ptext6:
   552                           	opt stack 0
   553  0001B8                     _init:
   554                           	opt stack 25
   555                           
   556                           ;drivers.c: 5: TRISD = 0;
   557                           
   558                           ;incstack = 0
   559  0001B8  0E00               	movlw	0
   560  0001BA  6E95               	movwf	3989,c	;volatile
   561                           
   562                           ;drivers.c: 6: INTCON2bits.RBPU = 0;
   563  0001BC  9EF1               	bcf	intcon2,7,c	;volatile
   564                           
   565                           ;drivers.c: 7: WPUBbits.WPUB0 = 1;
   566  0001BE  807C               	bsf	3964,0,c	;volatile
   567                           
   568                           ;drivers.c: 8: ANSELH = 0x00;
   569  0001C0  0E00               	movlw	0
   570  0001C2  6E7F               	movwf	3967,c	;volatile
   571                           
   572                           ;drivers.c: 9: TRISBbits.TRISB0 = 1;
   573  0001C4  8093               	bsf	3987,0,c	;volatile
   574                           
   575                           ;drivers.c: 10: ADC_Init();
   576  0001C6  ECC6  F000         	call	_ADC_Init	;wreg free
   577  0001CA  0012               	return	
   578  0001CC                     __end_of_init:
   579                           	opt stack 0
   580                           tblptru	equ	0xFF8
   581                           tblptrh	equ	0xFF7
   582                           tblptrl	equ	0xFF6
   583                           tablat	equ	0xFF5
   584                           intcon	equ	0xFF2
   585                           intcon2	equ	0xFF1
   586                           status	equ	0xFD8
   587                           
   588 ;; *************** function _ADC_Init *****************
   589 ;; Defined at:
   590 ;;		line 76 in file "drivers.c"
   591 ;; Parameters:    Size  Location     Type
   592 ;;		None
   593 ;; Auto vars:     Size  Location     Type
   594 ;;		None
   595 ;; Return value:  Size  Location     Type
   596 ;;		None               void
   597 ;; Registers used:
   598 ;;		wreg, status,2
   599 ;; Tracked objects:
   600 ;;		On entry : 0/0
   601 ;;		On exit  : 0/0
   602 ;;		Unchanged: 0/0
   603 ;; Data sizes:     COMRAM   BANK0   BANK1   BANK2   BANK3   BANK4   BANK5
   604 ;;      Params:         0       0       0       0       0       0       0
   605 ;;      Locals:         0       0       0       0       0       0       0
   606 ;;      Temps:          0       0       0       0       0       0       0
   607 ;;      Totals:         0       0       0       0       0       0       0
   608 ;;Total ram usage:        0 bytes
   609 ;; Hardware stack levels used:    1
   610 ;; Hardware stack levels required when called:    4
   611 ;; This function calls:
   612 ;;		Nothing
   613 ;; This function is called by:
   614 ;;		_init
   615 ;; This function uses a non-reentrant model
   616 ;;
   617                           
   618                           	psect	text7
   619  00018C                     __ptext7:
   620                           	opt stack 0
   621  00018C                     _ADC_Init:
   622                           	opt stack 25
   623                           
   624                           ;drivers.c: 81: ANSEL = 0;
   625                           
   626                           ;incstack = 0
   627  00018C  0E00               	movlw	0
   628  00018E  6E7E               	movwf	3966,c	;volatile
   629                           
   630                           ;drivers.c: 82: ANSELH = 0;
   631  000190  0E00               	movlw	0
   632  000192  6E7F               	movwf	3967,c	;volatile
   633                           
   634                           ;drivers.c: 83: ANSELbits.ANS0 = 1;
   635  000194  807E               	bsf	3966,0,c	;volatile
   636                           
   637                           ;drivers.c: 87: ADCON1 = 0;
   638  000196  0E00               	movlw	0
   639  000198  6EC1               	movwf	4033,c	;volatile
   640                           
   641                           ;drivers.c: 105: ADCON2 = 0b00111000;
   642  00019A  0E38               	movlw	56
   643  00019C  6EC0               	movwf	4032,c	;volatile
   644                           
   645                           ;drivers.c: 108: ADCON0 = 0b00000001;
   646  00019E  0E01               	movlw	1
   647  0001A0  6EC2               	movwf	4034,c	;volatile
   648  0001A2  0012               	return	
   649  0001A4                     __end_of_ADC_Init:
   650                           	opt stack 0
   651                           tblptru	equ	0xFF8
   652                           tblptrh	equ	0xFF7
   653                           tblptrl	equ	0xFF6
   654                           tablat	equ	0xFF5
   655                           intcon	equ	0xFF2
   656                           intcon2	equ	0xFF1
   657                           status	equ	0xFD8
   658                           
   659 ;; *************** function _buttonInterruptEnable *****************
   660 ;; Defined at:
   661 ;;		line 25 in file "drivers.c"
   662 ;; Parameters:    Size  Location     Type
   663 ;;		None
   664 ;; Auto vars:     Size  Location     Type
   665 ;;		None
   666 ;; Return value:  Size  Location     Type
   667 ;;		None               void
   668 ;; Registers used:
   669 ;;		None
   670 ;; Tracked objects:
   671 ;;		On entry : 0/0
   672 ;;		On exit  : 0/0
   673 ;;		Unchanged: 0/0
   674 ;; Data sizes:     COMRAM   BANK0   BANK1   BANK2   BANK3   BANK4   BANK5
   675 ;;      Params:         0       0       0       0       0       0       0
   676 ;;      Locals:         0       0       0       0       0       0       0
   677 ;;      Temps:          0       0       0       0       0       0       0
   678 ;;      Totals:         0       0       0       0       0       0       0
   679 ;;Total ram usage:        0 bytes
   680 ;; Hardware stack levels used:    1
   681 ;; Hardware stack levels required when called:    4
   682 ;; This function calls:
   683 ;;		Nothing
   684 ;; This function is called by:
   685 ;;		_main
   686 ;; This function uses a non-reentrant model
   687 ;;
   688                           
   689                           	psect	text8
   690  0001F8                     __ptext8:
   691                           	opt stack 0
   692  0001F8                     _buttonInterruptEnable:
   693                           	opt stack 26
   694                           
   695                           ;drivers.c: 26: INTCON2bits.INTEDG0 = 0;
   696                           
   697                           ;incstack = 0
   698  0001F8  9CF1               	bcf	intcon2,6,c	;volatile
   699                           
   700                           ;drivers.c: 27: INTCONbits.INT0IF = 0;
   701  0001FA  92F2               	bcf	intcon,1,c	;volatile
   702                           
   703                           ;drivers.c: 28: INTCONbits.INT0IE = 1;
   704  0001FC  88F2               	bsf	intcon,4,c	;volatile
   705  0001FE  0012               	return	
   706  000200                     __end_of_buttonInterruptEnable:
   707                           	opt stack 0
   708                           tblptru	equ	0xFF8
   709                           tblptrh	equ	0xFF7
   710                           tblptrl	equ	0xFF6
   711                           tablat	equ	0xFF5
   712                           intcon	equ	0xFF2
   713                           intcon2	equ	0xFF1
   714                           status	equ	0xFD8
   715                           
   716 ;; *************** function _timerInterrupt *****************
   717 ;; Defined at:
   718 ;;		line 28 in file "main.c"
   719 ;; Parameters:    Size  Location     Type
   720 ;;		None
   721 ;; Auto vars:     Size  Location     Type
   722 ;;		None
   723 ;; Return value:  Size  Location     Type
   724 ;;		None               void
   725 ;; Registers used:
   726 ;;		wreg, status,2, status,0, cstack
   727 ;; Tracked objects:
   728 ;;		On entry : 0/0
   729 ;;		On exit  : 0/0
   730 ;;		Unchanged: 0/0
   731 ;; Data sizes:     COMRAM   BANK0   BANK1   BANK2   BANK3   BANK4   BANK5
   732 ;;      Params:         0       0       0       0       0       0       0
   733 ;;      Locals:         0       0       0       0       0       0       0
   734 ;;      Temps:         17       0       0       0       0       0       0
   735 ;;      Totals:        17       0       0       0       0       0       0
   736 ;;Total ram usage:       17 bytes
   737 ;; Hardware stack levels used:    1
   738 ;; Hardware stack levels required when called:    3
   739 ;; This function calls:
   740 ;;		_clearTimerInterruptRequest
   741 ;;		i1_loadTimer
   742 ;; This function is called by:
   743 ;;		Interrupt level 1
   744 ;; This function uses a non-reentrant model
   745 ;;
   746                           
   747                           	psect	intcodelo
   748  000018                     __pintcodelo:
   749                           	opt stack 0
   750  000018                     _timerInterrupt:
   751                           	opt stack 25
   752                           
   753                           ;incstack = 0
   754  000018  CFD8 F006          	movff	status,??_timerInterrupt
   755  00001C  CFE8 F007          	movff	wreg,??_timerInterrupt+1
   756  000020  CFE0 F008          	movff	bsr,??_timerInterrupt+2
   757  000024  CFFA F009          	movff	pclath,??_timerInterrupt+3
   758  000028  CFFB F00A          	movff	pclatu,??_timerInterrupt+4
   759  00002C  CFE9 F00B          	movff	fsr0l,??_timerInterrupt+5
   760  000030  CFEA F00C          	movff	fsr0h,??_timerInterrupt+6
   761  000034  CFE1 F00D          	movff	fsr1l,??_timerInterrupt+7
   762  000038  CFE2 F00E          	movff	fsr1h,??_timerInterrupt+8
   763  00003C  CFD9 F00F          	movff	fsr2l,??_timerInterrupt+9
   764  000040  CFDA F010          	movff	fsr2h,??_timerInterrupt+10
   765  000044  CFF3 F011          	movff	prodl,??_timerInterrupt+11
   766  000048  CFF4 F012          	movff	prodh,??_timerInterrupt+12
   767  00004C  CFF6 F013          	movff	tblptrl,??_timerInterrupt+13
   768  000050  CFF7 F014          	movff	tblptrh,??_timerInterrupt+14
   769  000054  CFF8 F015          	movff	tblptru,??_timerInterrupt+15
   770  000058  CFF5 F016          	movff	tablat,??_timerInterrupt+16
   771                           
   772                           ;main.c: 30: leds++;
   773  00005C  2A2B               	incf	_leds,f,c
   774                           
   775                           ;main.c: 31: loadTimer(62500);
   776  00005E  0EF4               	movlw	244
   777  000060  6E02               	movwf	i1loadTimer@data+1,c
   778  000062  0E24               	movlw	36
   779  000064  6E01               	movwf	i1loadTimer@data,c
   780  000066  ECE6  F000         	call	i1_loadTimer	;wreg free
   781                           
   782                           ;main.c: 32: clearTimerInterruptRequest();
   783  00006A  EC00  F001         	call	_clearTimerInterruptRequest	;wreg free
   784  00006E  C016  FFF5         	movff	??_timerInterrupt+16,tablat
   785  000072  C015  FFF8         	movff	??_timerInterrupt+15,tblptru
   786  000076  C014  FFF7         	movff	??_timerInterrupt+14,tblptrh
   787  00007A  C013  FFF6         	movff	??_timerInterrupt+13,tblptrl
   788  00007E  C012  FFF4         	movff	??_timerInterrupt+12,prodh
   789  000082  C011  FFF3         	movff	??_timerInterrupt+11,prodl
   790  000086  C010  FFDA         	movff	??_timerInterrupt+10,fsr2h
   791  00008A  C00F  FFD9         	movff	??_timerInterrupt+9,fsr2l
   792  00008E  C00E  FFE2         	movff	??_timerInterrupt+8,fsr1h
   793  000092  C00D  FFE1         	movff	??_timerInterrupt+7,fsr1l
   794  000096  C00C  FFEA         	movff	??_timerInterrupt+6,fsr0h
   795  00009A  C00B  FFE9         	movff	??_timerInterrupt+5,fsr0l
   796  00009E  C00A  FFFB         	movff	??_timerInterrupt+4,pclatu
   797  0000A2  C009  FFFA         	movff	??_timerInterrupt+3,pclath
   798  0000A6  C008  FFE0         	movff	??_timerInterrupt+2,bsr
   799  0000AA  C007  FFE8         	movff	??_timerInterrupt+1,wreg
   800  0000AE  C006  FFD8         	movff	??_timerInterrupt,status
   801  0000B2  0010               	retfie	
   802  0000B4                     __end_of_timerInterrupt:
   803                           	opt stack 0
   804                           pclatu	equ	0xFFB
   805                           pclath	equ	0xFFA
   806                           tblptru	equ	0xFF8
   807                           tblptrh	equ	0xFF7
   808                           tblptrl	equ	0xFF6
   809                           tablat	equ	0xFF5
   810                           prodh	equ	0xFF4
   811                           prodl	equ	0xFF3
   812                           intcon	equ	0xFF2
   813                           intcon2	equ	0xFF1
   814                           fsr0h	equ	0xFEA
   815                           fsr0l	equ	0xFE9
   816                           wreg	equ	0xFE8
   817                           fsr1h	equ	0xFE2
   818                           fsr1l	equ	0xFE1
   819                           bsr	equ	0xFE0
   820                           fsr2h	equ	0xFDA
   821                           fsr2l	equ	0xFD9
   822                           status	equ	0xFD8
   823                           
   824 ;; *************** function i1_loadTimer *****************
   825 ;; Defined at:
   826 ;;		line 61 in file "drivers.c"
   827 ;; Parameters:    Size  Location     Type
   828 ;;  data            2    0[COMRAM] unsigned short 
   829 ;; Auto vars:     Size  Location     Type
   830 ;;		None
   831 ;; Return value:  Size  Location     Type
   832 ;;		None               void
   833 ;; Registers used:
   834 ;;		wreg, status,2
   835 ;; Tracked objects:
   836 ;;		On entry : 0/0
   837 ;;		On exit  : 0/0
   838 ;;		Unchanged: 0/0
   839 ;; Data sizes:     COMRAM   BANK0   BANK1   BANK2   BANK3   BANK4   BANK5
   840 ;;      Params:         2       0       0       0       0       0       0
   841 ;;      Locals:         0       0       0       0       0       0       0
   842 ;;      Temps:          3       0       0       0       0       0       0
   843 ;;      Totals:         5       0       0       0       0       0       0
   844 ;;Total ram usage:        5 bytes
   845 ;; Hardware stack levels used:    1
   846 ;; Hardware stack levels required when called:    2
   847 ;; This function calls:
   848 ;;		Nothing
   849 ;; This function is called by:
   850 ;;		_timerInterrupt
   851 ;; This function uses a non-reentrant model
   852 ;;
   853                           
   854                           	psect	text10
   855  0001CC                     __ptext10:
   856                           	opt stack 0
   857  0001CC                     i1_loadTimer:
   858                           	opt stack 25
   859                           
   860                           ;drivers.c: 62: TMR0H = data>>8;
   861                           
   862                           ;incstack = 0
   863  0001CC  C002  F003         	movff	i1loadTimer@data+1,??i1_loadTimer
   864  0001D0  C003  F004         	movff	??i1_loadTimer,??i1_loadTimer+1
   865  0001D4  6A05               	clrf	(??i1_loadTimer+2)& (0+255),c
   866  0001D6  5004               	movf	??i1_loadTimer+1,w,c
   867  0001D8  6ED7               	movwf	4055,c	;volatile
   868                           
   869                           ;drivers.c: 63: TMR0L = data & 0x00FF;
   870  0001DA  C001  FFD6         	movff	i1loadTimer@data,4054	;volatile
   871  0001DE  0012               	return	
   872  0001E0                     __end_ofi1_loadTimer:
   873                           	opt stack 0
   874                           pclatu	equ	0xFFB
   875                           pclath	equ	0xFFA
   876                           tblptru	equ	0xFF8
   877                           tblptrh	equ	0xFF7
   878                           tblptrl	equ	0xFF6
   879                           tablat	equ	0xFF5
   880                           prodh	equ	0xFF4
   881                           prodl	equ	0xFF3
   882                           intcon	equ	0xFF2
   883                           intcon2	equ	0xFF1
   884                           fsr0h	equ	0xFEA
   885                           fsr0l	equ	0xFE9
   886                           wreg	equ	0xFE8
   887                           fsr1h	equ	0xFE2
   888                           fsr1l	equ	0xFE1
   889                           bsr	equ	0xFE0
   890                           fsr2h	equ	0xFDA
   891                           fsr2l	equ	0xFD9
   892                           status	equ	0xFD8
   893                           
   894 ;; *************** function _clearTimerInterruptRequest *****************
   895 ;; Defined at:
   896 ;;		line 47 in file "drivers.c"
   897 ;; Parameters:    Size  Location     Type
   898 ;;		None
   899 ;; Auto vars:     Size  Location     Type
   900 ;;		None
   901 ;; Return value:  Size  Location     Type
   902 ;;		None               void
   903 ;; Registers used:
   904 ;;		None
   905 ;; Tracked objects:
   906 ;;		On entry : 0/0
   907 ;;		On exit  : 0/0
   908 ;;		Unchanged: 0/0
   909 ;; Data sizes:     COMRAM   BANK0   BANK1   BANK2   BANK3   BANK4   BANK5
   910 ;;      Params:         0       0       0       0       0       0       0
   911 ;;      Locals:         0       0       0       0       0       0       0
   912 ;;      Temps:          0       0       0       0       0       0       0
   913 ;;      Totals:         0       0       0       0       0       0       0
   914 ;;Total ram usage:        0 bytes
   915 ;; Hardware stack levels used:    1
   916 ;; Hardware stack levels required when called:    2
   917 ;; This function calls:
   918 ;;		Nothing
   919 ;; This function is called by:
   920 ;;		_timerInterrupt
   921 ;; This function uses a non-reentrant model
   922 ;;
   923                           
   924                           	psect	text11
   925  000200                     __ptext11:
   926                           	opt stack 0
   927  000200                     _clearTimerInterruptRequest:
   928                           	opt stack 25
   929                           
   930                           ;drivers.c: 48: INTCONbits.T0IF = 0;
   931                           
   932                           ;incstack = 0
   933  000200  94F2               	bcf	intcon,2,c	;volatile
   934  000202  0012               	return	
   935  000204                     __end_of_clearTimerInterruptRequest:
   936                           	opt stack 0
   937                           pclatu	equ	0xFFB
   938                           pclath	equ	0xFFA
   939                           tblptru	equ	0xFF8
   940                           tblptrh	equ	0xFF7
   941                           tblptrl	equ	0xFF6
   942                           tablat	equ	0xFF5
   943                           prodh	equ	0xFF4
   944                           prodl	equ	0xFF3
   945                           intcon	equ	0xFF2
   946                           intcon2	equ	0xFF1
   947                           fsr0h	equ	0xFEA
   948                           fsr0l	equ	0xFE9
   949                           wreg	equ	0xFE8
   950                           fsr1h	equ	0xFE2
   951                           fsr1l	equ	0xFE1
   952                           bsr	equ	0xFE0
   953                           fsr2h	equ	0xFDA
   954                           fsr2l	equ	0xFD9
   955                           status	equ	0xFD8
   956                           
   957 ;; *************** function _buttonInterrupt *****************
   958 ;; Defined at:
   959 ;;		line 21 in file "main.c"
   960 ;; Parameters:    Size  Location     Type
   961 ;;		None
   962 ;; Auto vars:     Size  Location     Type
   963 ;;		None
   964 ;; Return value:  Size  Location     Type
   965 ;;		None               void
   966 ;; Registers used:
   967 ;;		wreg, status,2, cstack
   968 ;; Tracked objects:
   969 ;;		On entry : 0/0
   970 ;;		On exit  : 0/0
   971 ;;		Unchanged: 0/0
   972 ;; Data sizes:     COMRAM   BANK0   BANK1   BANK2   BANK3   BANK4   BANK5
   973 ;;      Params:         0       0       0       0       0       0       0
   974 ;;      Locals:         0       0       0       0       0       0       0
   975 ;;      Temps:         14       0       0       0       0       0       0
   976 ;;      Totals:        14       0       0       0       0       0       0
   977 ;;Total ram usage:       14 bytes
   978 ;; Hardware stack levels used:    1
   979 ;; Hardware stack levels required when called:    1
   980 ;; This function calls:
   981 ;;		_clearButtonInterruptRequest
   982 ;; This function is called by:
   983 ;;		Interrupt level 2
   984 ;; This function uses a non-reentrant model
   985 ;;
   986                           
   987                           	psect	intcode
   988  000008                     __pintcode:
   989                           	opt stack 0
   990  000008                     _buttonInterrupt:
   991                           	opt stack 25
   992                           
   993                           ;incstack = 0
   994  000008  CFFA F017          	movff	pclath,??_buttonInterrupt
   995  00000C  CFFB F018          	movff	pclatu,??_buttonInterrupt+1
   996  000010  CFE9 F019          	movff	fsr0l,??_buttonInterrupt+2
   997  000014  EF5C  F000         	goto	int_func
   998                           pclatu	equ	0xFFB
   999                           pclath	equ	0xFFA
  1000                           tblptru	equ	0xFF8
  1001                           tblptrh	equ	0xFF7
  1002                           tblptrl	equ	0xFF6
  1003                           tablat	equ	0xFF5
  1004                           prodh	equ	0xFF4
  1005                           prodl	equ	0xFF3
  1006                           intcon	equ	0xFF2
  1007                           intcon2	equ	0xFF1
  1008                           fsr0h	equ	0xFEA
  1009                           fsr0l	equ	0xFE9
  1010                           wreg	equ	0xFE8
  1011                           fsr1h	equ	0xFE2
  1012                           fsr1l	equ	0xFE1
  1013                           bsr	equ	0xFE0
  1014                           fsr2h	equ	0xFDA
  1015                           fsr2l	equ	0xFD9
  1016                           status	equ	0xFD8
  1017                           
  1018                           	psect	intcode_body
  1019  0000B8                     __pintcode_body:
  1020                           	opt stack 25
  1021  0000B8                     int_func:
  1022                           	opt stack 25
  1023  0000B8  CFEA F01A          	movff	fsr0h,??_buttonInterrupt+3
  1024  0000BC  CFE1 F01B          	movff	fsr1l,??_buttonInterrupt+4
  1025  0000C0  CFE2 F01C          	movff	fsr1h,??_buttonInterrupt+5
  1026  0000C4  CFD9 F01D          	movff	fsr2l,??_buttonInterrupt+6
  1027  0000C8  CFDA F01E          	movff	fsr2h,??_buttonInterrupt+7
  1028  0000CC  CFF3 F01F          	movff	prodl,??_buttonInterrupt+8
  1029  0000D0  CFF4 F020          	movff	prodh,??_buttonInterrupt+9
  1030  0000D4  CFF6 F021          	movff	tblptrl,??_buttonInterrupt+10
  1031  0000D8  CFF7 F022          	movff	tblptrh,??_buttonInterrupt+11
  1032  0000DC  CFF8 F023          	movff	tblptru,??_buttonInterrupt+12
  1033  0000E0  CFF5 F024          	movff	tablat,??_buttonInterrupt+13
  1034                           
  1035                           ;main.c: 23: leds=0x00;
  1036  0000E4  0E00               	movlw	0
  1037  0000E6  6E2B               	movwf	_leds,c
  1038                           
  1039                           ;main.c: 24: clearButtonInterruptRequest();
  1040  0000E8  EC02  F001         	call	_clearButtonInterruptRequest	;wreg free
  1041  0000EC  C024  FFF5         	movff	??_buttonInterrupt+13,tablat
  1042  0000F0  C023  FFF8         	movff	??_buttonInterrupt+12,tblptru
  1043  0000F4  C022  FFF7         	movff	??_buttonInterrupt+11,tblptrh
  1044  0000F8  C021  FFF6         	movff	??_buttonInterrupt+10,tblptrl
  1045  0000FC  C020  FFF4         	movff	??_buttonInterrupt+9,prodh
  1046  000100  C01F  FFF3         	movff	??_buttonInterrupt+8,prodl
  1047  000104  C01E  FFDA         	movff	??_buttonInterrupt+7,fsr2h
  1048  000108  C01D  FFD9         	movff	??_buttonInterrupt+6,fsr2l
  1049  00010C  C01C  FFE2         	movff	??_buttonInterrupt+5,fsr1h
  1050  000110  C01B  FFE1         	movff	??_buttonInterrupt+4,fsr1l
  1051  000114  C01A  FFEA         	movff	??_buttonInterrupt+3,fsr0h
  1052  000118  C019  FFE9         	movff	??_buttonInterrupt+2,fsr0l
  1053  00011C  C018  FFFB         	movff	??_buttonInterrupt+1,pclatu
  1054  000120  C017  FFFA         	movff	??_buttonInterrupt,pclath
  1055  000124  0011               	retfie		f
  1056  000126                     __end_of_buttonInterrupt:
  1057                           	opt stack 0
  1058                           pclatu	equ	0xFFB
  1059                           pclath	equ	0xFFA
  1060                           tblptru	equ	0xFF8
  1061                           tblptrh	equ	0xFF7
  1062                           tblptrl	equ	0xFF6
  1063                           tablat	equ	0xFF5
  1064                           prodh	equ	0xFF4
  1065                           prodl	equ	0xFF3
  1066                           intcon	equ	0xFF2
  1067                           intcon2	equ	0xFF1
  1068                           fsr0h	equ	0xFEA
  1069                           fsr0l	equ	0xFE9
  1070                           wreg	equ	0xFE8
  1071                           fsr1h	equ	0xFE2
  1072                           fsr1l	equ	0xFE1
  1073                           bsr	equ	0xFE0
  1074                           fsr2h	equ	0xFDA
  1075                           fsr2l	equ	0xFD9
  1076                           status	equ	0xFD8
  1077                           
  1078 ;; *************** function _clearButtonInterruptRequest *****************
  1079 ;; Defined at:
  1080 ;;		line 34 in file "drivers.c"
  1081 ;; Parameters:    Size  Location     Type
  1082 ;;		None
  1083 ;; Auto vars:     Size  Location     Type
  1084 ;;		None
  1085 ;; Return value:  Size  Location     Type
  1086 ;;		None               void
  1087 ;; Registers used:
  1088 ;;		None
  1089 ;; Tracked objects:
  1090 ;;		On entry : 0/0
  1091 ;;		On exit  : 0/0
  1092 ;;		Unchanged: 0/0
  1093 ;; Data sizes:     COMRAM   BANK0   BANK1   BANK2   BANK3   BANK4   BANK5
  1094 ;;      Params:         0       0       0       0       0       0       0
  1095 ;;      Locals:         0       0       0       0       0       0       0
  1096 ;;      Temps:          0       0       0       0       0       0       0
  1097 ;;      Totals:         0       0       0       0       0       0       0
  1098 ;;Total ram usage:        0 bytes
  1099 ;; Hardware stack levels used:    1
  1100 ;; This function calls:
  1101 ;;		Nothing
  1102 ;; This function is called by:
  1103 ;;		_buttonInterrupt
  1104 ;; This function uses a non-reentrant model
  1105 ;;
  1106                           
  1107                           	psect	text13
  1108  000204                     __ptext13:
  1109                           	opt stack 0
  1110  000204                     _clearButtonInterruptRequest:
  1111                           	opt stack 25
  1112                           
  1113                           ;drivers.c: 35: INTCONbits.INT0IF = 0;
  1114                           
  1115                           ;incstack = 0
  1116  000204  92F2               	bcf	intcon,1,c	;volatile
  1117  000206  0012               	return	
  1118  000208                     __end_of_clearButtonInterruptRequest:
  1119                           	opt stack 0
  1120  0000                     pclatu	equ	0xFFB
  1121                           pclath	equ	0xFFA
  1122                           tblptru	equ	0xFF8
  1123                           tblptrh	equ	0xFF7
  1124                           tblptrl	equ	0xFF6
  1125                           tablat	equ	0xFF5
  1126                           prodh	equ	0xFF4
  1127                           prodl	equ	0xFF3
  1128                           intcon	equ	0xFF2
  1129                           intcon2	equ	0xFF1
  1130                           fsr0h	equ	0xFEA
  1131                           fsr0l	equ	0xFE9
  1132                           wreg	equ	0xFE8
  1133                           fsr1h	equ	0xFE2
  1134                           fsr1l	equ	0xFE1
  1135                           bsr	equ	0xFE0
  1136                           fsr2h	equ	0xFDA
  1137                           fsr2l	equ	0xFD9
  1138                           status	equ	0xFD8
  1139                           pclatu	equ	0xFFB
  1140                           pclath	equ	0xFFA
  1141                           tblptru	equ	0xFF8
  1142                           tblptrh	equ	0xFF7
  1143                           tblptrl	equ	0xFF6
  1144                           tablat	equ	0xFF5
  1145                           prodh	equ	0xFF4
  1146                           prodl	equ	0xFF3
  1147                           intcon	equ	0xFF2
  1148                           intcon2	equ	0xFF1
  1149                           fsr0h	equ	0xFEA
  1150                           fsr0l	equ	0xFE9
  1151                           wreg	equ	0xFE8
  1152                           fsr1h	equ	0xFE2
  1153                           fsr1l	equ	0xFE1
  1154                           bsr	equ	0xFE0
  1155                           fsr2h	equ	0xFDA
  1156                           fsr2l	equ	0xFD9
  1157                           status	equ	0xFD8
  1158                           
  1159                           	psect	rparam
  1160  0000                     pclatu	equ	0xFFB
  1161                           pclath	equ	0xFFA
  1162                           tblptru	equ	0xFF8
  1163                           tblptrh	equ	0xFF7
  1164                           tblptrl	equ	0xFF6
  1165                           tablat	equ	0xFF5
  1166                           prodh	equ	0xFF4
  1167                           prodl	equ	0xFF3
  1168                           intcon	equ	0xFF2
  1169                           intcon2	equ	0xFF1
  1170                           fsr0h	equ	0xFEA
  1171                           fsr0l	equ	0xFE9
  1172                           wreg	equ	0xFE8
  1173                           fsr1h	equ	0xFE2
  1174                           fsr1l	equ	0xFE1
  1175                           bsr	equ	0xFE0
  1176                           fsr2h	equ	0xFDA
  1177                           fsr2l	equ	0xFD9
  1178                           status	equ	0xFD8


Data Sizes:
    Strings     0
    Constant    0
    Data        1
    BSS         0
    Persistent  0
    Stack       0

Auto Spaces:
    Space          Size  Autos    Used
    COMRAM           95     42      43
    BANK0           160      0       0
    BANK1           256      0       0
    BANK2           256      0       0
    BANK3           256      0       0
    BANK4           256      0       0
    BANK5           256      0       0

Pointer List with Targets:

    None.

Critical Paths under _main in COMRAM

    _main->_loadTimer

Critical Paths under _buttonInterrupt in COMRAM

    None.

Critical Paths under _timerInterrupt in COMRAM

    _timerInterrupt->i1_loadTimer

Critical Paths under _main in BANK0

    None.

Critical Paths under _buttonInterrupt in BANK0

    None.

Critical Paths under _timerInterrupt in BANK0

    None.

Critical Paths under _main in BANK1

    None.

Critical Paths under _buttonInterrupt in BANK1

    None.

Critical Paths under _timerInterrupt in BANK1

    None.

Critical Paths under _main in BANK2

    None.

Critical Paths under _buttonInterrupt in BANK2

    None.

Critical Paths under _timerInterrupt in BANK2

    None.

Critical Paths under _main in BANK3

    None.

Critical Paths under _buttonInterrupt in BANK3

    None.

Critical Paths under _timerInterrupt in BANK3

    None.

Critical Paths under _main in BANK4

    None.

Critical Paths under _buttonInterrupt in BANK4

    None.

Critical Paths under _timerInterrupt in BANK4

    None.

Critical Paths under _main in BANK5

    None.

Critical Paths under _buttonInterrupt in BANK5

    None.

Critical Paths under _timerInterrupt in BANK5

    None.

Call Graph Tables:

 ---------------------------------------------------------------------------------
 (Depth) Function   	        Calls       Base Space   Used Autos Params    Refs
 ---------------------------------------------------------------------------------
 (0) _main                                                 1     1      0     230
                                             41 COMRAM     1     1      0
              _buttonInterruptEnable
                               _init
                          _initTimer
                    _interruptEnable
                          _loadTimer
                            _setLeds
               _timerInterruptEnable
 ---------------------------------------------------------------------------------
 (1) _timerInterruptEnable                                 0     0      0       0
 ---------------------------------------------------------------------------------
 (1) _setLeds                                              1     1      0      15
                                             36 COMRAM     1     1      0
 ---------------------------------------------------------------------------------
 (1) _loadTimer                                            5     3      2     117
                                             36 COMRAM     5     3      2
 ---------------------------------------------------------------------------------
 (1) _interruptEnable                                      0     0      0       0
 ---------------------------------------------------------------------------------
 (1) _initTimer                                            2     1      1      98
                                             36 COMRAM     2     1      1
 ---------------------------------------------------------------------------------
 (1) _init                                                 0     0      0       0
                           _ADC_Init
 ---------------------------------------------------------------------------------
 (2) _ADC_Init                                             0     0      0       0
 ---------------------------------------------------------------------------------
 (1) _buttonInterruptEnable                                0     0      0       0
 ---------------------------------------------------------------------------------
 Estimated maximum stack depth 2
 ---------------------------------------------------------------------------------
 (Depth) Function   	        Calls       Base Space   Used Autos Params    Refs
 ---------------------------------------------------------------------------------
 (3) _timerInterrupt                                      17    17      0      49
                                              5 COMRAM    17    17      0
         _clearTimerInterruptRequest
                        i1_loadTimer
 ---------------------------------------------------------------------------------
 (4) i1_loadTimer                                          5     3      2      49
                                              0 COMRAM     5     3      2
 ---------------------------------------------------------------------------------
 (4) _clearTimerInterruptRequest                           0     0      0       0
 ---------------------------------------------------------------------------------
 Estimated maximum stack depth 4
 ---------------------------------------------------------------------------------
 (Depth) Function   	        Calls       Base Space   Used Autos Params    Refs
 ---------------------------------------------------------------------------------
 (5) _buttonInterrupt                                     14    14      0       0
                                             22 COMRAM    14    14      0
        _clearButtonInterruptRequest
 ---------------------------------------------------------------------------------
 (6) _clearButtonInterruptRequest                          0     0      0       0
 ---------------------------------------------------------------------------------
 Estimated maximum stack depth 6
 ---------------------------------------------------------------------------------

 Call Graph Graphs:

 _main (ROOT)
   _buttonInterruptEnable
   _init
     _ADC_Init
   _initTimer
   _interruptEnable
   _loadTimer
   _setLeds
   _timerInterruptEnable

 _timerInterrupt (ROOT)
   _clearTimerInterruptRequest
   i1_loadTimer

 _buttonInterrupt (ROOT)
   _clearButtonInterruptRequest

 Address spaces:
Name               Size   Autos  Total    Cost      Usage
BIGRAM             5FF      0       0      17        0.0%
EEDATA             100      0       0       0        0.0%
BITBANK5           100      0       0      16        0.0%
BANK5              100      0       0      14        0.0%
BITBANK4           100      0       0      12        0.0%
BANK4              100      0       0      13        0.0%
BITBANK3           100      0       0      10        0.0%
BANK3              100      0       0      11        0.0%
BITBANK2           100      0       0       8        0.0%
BANK2              100      0       0       9        0.0%
BITBANK1           100      0       0       6        0.0%
BANK1              100      0       0       7        0.0%
BITBANK0            A0      0       0       4        0.0%
BANK0               A0      0       0       5        0.0%
BITCOMRAM           5F      0       0       0        0.0%
COMRAM              5F     2A      2B       1       45.3%
BITSFR               0      0       0      40        0.0%
SFR                  0      0       0      40        0.0%
STACK                0      0       0       2        0.0%
NULL                 0      0       0       0        0.0%
ABS                  0      0      2B      15        0.0%
DATA                 0      0      2B       3        0.0%
CODE                 0      0       0       0        0.0%


Microchip Technology PIC18 Macro Assembler V1.33 build 59893 
Symbol Table                                                                                   Mon Oct 13 16:39:50 2014

                                  u15 0168                                    u16 016A  
                                  bsr 000FE0                                   l776 0150  
             __end_of_interruptEnable 01F8                                   wreg 000FE8  
                        __CFG_LVP$OFF 000000                                  _LATD 000F8C  
        __end_of_timerInterruptEnable 01E8                                  _main 0126  
                                _leds 002B                                  _init 01B8  
                                fsr0h 000FEA                                  fsr1h 000FE2  
                                fsr0l 000FE9                                  fsr2h 000FDA  
                                fsr1l 000FE1                                  fsr2l 000FD9  
                    __end_of_ADC_Init 01A4                                  pclat 000FFA  
                                prodh 000FF4                                  prodl 000FF3  
                                start 00B4                      ??_timerInterrupt 0006  
                         i1_loadTimer 01CC                                 ?_main 0001  
                               ?_init 0001                                 _ANSEL 000F7E  
                               _T0CON 000FD5                                 _TMR0H 000FD7  
                               _TMR0L 000FD6                                 _TRISD 000F95  
                               main@m 002A                       __end_of_setLeds 01F0  
                               tablat 000FF5                    initTimer@prescaler 0026  
                               status 000FD8                        __CFG_MCLRE$OFF 000000  
                     __initialization 0174                          __end_of_main 0158  
                        __end_of_init 01CC                                ??_main 002A  
                              ??_init 0025                         __activetblptr 000000  
                    ?_interruptEnable 0001                                _ADCON0 000FC2  
                              _ADCON1 000FC1                                _ADCON2 000FC0  
                              _ADRESH 000FC4                                _ANSELH 000F7F  
                      __CFG_WDTEN$OFF 000000               ??_buttonInterruptEnable 0025  
 __end_of_clearButtonInterruptRequest 0208           _clearButtonInterruptRequest 0204  
                     _buttonInterrupt 0008                  _timerInterruptEnable 01E0  
                        __pdataCOMRAM 002B                             ?_ADC_Init 0001  
       ??_clearButtonInterruptRequest 0017                             ??_setLeds 0025  
                              tblptrh 000FF7                                tblptrl 000FF6  
                              tblptru 000FF8                            __accesstop 0060  
             __end_of__initialization 0186                        __pcstackCOMRAM 0001  
               ?_timerInterruptEnable 0001                            ??_ADC_Init 0025  
                  __size_of_loadTimer 0014                    __size_of_initTimer 001C  
             __end_of_buttonInterrupt 0126                          ?i1_loadTimer 0001  
                             __Hparam 0000                               __Lparam 0000  
              ??_timerInterruptEnable 0025                               __pcinit 0174  
                           _ANSELbits 000F7E                               __ramtop 0600  
                             __ptext0 0126                               __ptext1 01E0  
                             __ptext2 01E8                               __ptext3 01A4  
                             __ptext4 01F0                               __ptext5 0158  
                             __ptext6 01B8                               __ptext7 018C  
                             __ptext8 01F8                     __end_of_loadTimer 01B8  
                   __end_of_initTimer 0174                               _setLeds 01E8  
                      __pintcode_body 00B8                  end_of_initialization 0186  
                             int_func 00B8                      ?_buttonInterrupt 0001  
      __size_of_buttonInterruptEnable 0008         __end_of_buttonInterruptEnable 0200  
                           _PORTBbits 000F81               __size_of_timerInterrupt 009C  
                           _TRISBbits 000F93                     __size_of_ADC_Init 0018  
            __size_of_interruptEnable 0008                         __pidataCOMRAM 0208  
                __size_ofi1_loadTimer 0014                   start_initialization 0174  
                   initTimer@priority 0025   __size_of_clearTimerInterruptRequest 0004  
                   ??_interruptEnable 0025                             __pintcode 0008  
                         __pintcodelo 0018                        _timerInterrupt 0018  
                            _ADC_Init 018C                              ?_setLeds 0001  
                           _loadTimer 01A4                             _initTimer 0158  
                       loadTimer@data 0025    __end_of_clearTimerInterruptRequest 0204  
          _clearTimerInterruptRequest 0200                              _RCONbits 000FD0  
        ?_clearButtonInterruptRequest 0001                __end_of_timerInterrupt 00B4  
       __size_of_timerInterruptEnable 0008                            _ADCON0bits 000FC2  
                            _WPUBbits 000F7C                            ?_loadTimer 0025  
                          ?_initTimer 0025                           _INTCON2bits 000FF1  
                            __Hrparam 0000                              __Lrparam 0000  
                     ?_timerInterrupt 0001                 _buttonInterruptEnable 01F8  
            __size_of_buttonInterrupt 011E                      __size_of_setLeds 0008  
                            __ptext10 01CC                              __ptext11 0200  
                            __ptext13 0204                         __size_of_main 0032  
                       __size_of_init 0014                       i1loadTimer@data 0001  
                       ??i1_loadTimer 0003                            _INTCONbits 000FF2  
                         ??_loadTimer 0027                           ??_initTimer 0026  
                     _interruptEnable 01F0                              intlevel1 0000  
                            intlevel2 0000  __size_of_clearButtonInterruptRequest 0004  
                            setLeds@x 0025          ??_clearTimerInterruptRequest 0001  
              ?_buttonInterruptEnable 0001                   __end_ofi1_loadTimer 01E0  
                   ??_buttonInterrupt 0017                     __CFG_FOSC$INTIO67 000000  
         ?_clearTimerInterruptRequest 0001  
