

Microchip Technology PIC18 LITE Macro Assembler V1.20 build 52243 
                                                                                               Sun Oct 20 04:34:05 2013

Microchip Technology Omniscient Code Generator (Lite mode) build 52243
     1                           	processor	18F45K20
     2                           	fnconf	rparam,??,?,0
     3                           	opt	pw 120
     4                           	opt	lm
     5                           	psect	text0,global,reloc=2,class=CODE,delta=1
     6                           	psect	cinit,global,reloc=2,class=CODE,delta=1
     7                           	psect	cstackCOMRAM,global,class=COMRAM,space=1,delta=1
     8                           	psect	text1,global,reloc=2,class=CODE,delta=1
     9                           	psect	text2,global,reloc=2,class=CODE,delta=1
    10                           	psect	text3,global,reloc=2,class=CODE,delta=1
    11                           	psect	text4,global,reloc=2,class=CODE,delta=1
    12                           	psect	intsave_regs,global,class=BIGRAM,space=1,delta=1
    13                           	psect	rparam,global,class=COMRAM,space=1,delta=1
    14  0000                     _ADCON0	set	4034
    15  0000                     _ADCON0bits	set	4034
    16  0000                     _ADCON1	set	4033
    17  0000                     _ADCON2	set	4032
    18  0000                     _ADRESH	set	4036
    19  0000                     _ANSEL	set	3966
    20  0000                     _ANSELH	set	3967
    21  0000                     _ANSELbits	set	3966
    22  0000                     _INTCON2bits	set	4081
    23  0000                     _LATD	set	3980
    24  0000                     _PORTBbits	set	3969
    25  0000                     _TRISBbits	set	3987
    26  0000                     _TRISD	set	3989
    27  0000                     _WPUBbits	set	3964
    28                           
    29                           ; 0 bytes @ 0x2
    30 ;;
    31 ;;Main: autosize = 0, tempsize = 0, incstack = 0, save=0
    32 ;;
    33 ;; *************** function _main *****************
    34 ;; Defined at:
    35 ;;		line 174 in file "main.c"
    36 ;; Parameters:    Size  Location     Type
    37 ;;		None
    38 ;; Auto vars:     Size  Location     Type
    39 ;;		None
    40 ;; Return value:  Size  Location     Type
    41 ;;		None               void
    42 ;; Registers used:
    43 ;;		wreg, status,2, cstack
    44 ;; Tracked objects:
    45 ;;		On entry : 0/0
    46 ;;		On exit  : 0/0
    47 ;;		Unchanged: 0/0
    48 ;; Data sizes:     COMRAM   BANK0   BANK1   BANK2   BANK3   BANK4   BANK5
    49 ;;      Params:         0       0       0       0       0       0       0
    50 ;;      Locals:         0       0       0       0       0       0       0
    51 ;;      Temps:          0       0       0       0       0       0       0
    52 ;;      Totals:         0       0       0       0       0       0       0
    53 ;;Total ram usage:        0 bytes
    54 ;; Hardware stack levels required when called:    3
    55 ;; This function calls:
    56 ;;		_ex01
    57 ;; This function is called by:
    58 ;;		Startup code after reset
    59 ;; This function uses a non-reentrant model
    60 ;;
    61                           
    62                           	psect	text0
    63  007FBA                     __ptext0:
    64                           	opt stack 0
    65                           
    66                           ; #config settings
    67  007FBA                     _main:
    68                           	opt stack 28
    69                           
    70                           ;main.c: 175: ex01();
    71                           
    72                           ;incstack = 0
    73                           ;incstack = 0
    74  007FBA  ECE1  F03F         	call	_ex01	;wreg free
    75  007FBE  EF00  F000         	goto	start
    76  007FC2                     __end_of_main:
    77                           	opt stack 0
    78                           
    79                           	psect	cinit
    80  007FB4                     __pcinit:
    81                           	opt stack 0
    82  007FB4                     start_initialization:
    83                           	opt stack 0
    84  007FB4                     __initialization:
    85                           	opt stack 0
    86  007FB4                     end_of_initialization:
    87                           	opt stack 0
    88  007FB4                     __end_of__initialization:
    89                           	opt stack 0
    90  007FB4  0100               	movlb	0
    91  007FB6  EFDD  F03F         	goto	_main	;jump to C main() function
    92                           
    93                           	psect	cstackCOMRAM
    94  000001                     __pcstackCOMRAM:
    95                           	opt stack 0
    96  000001                     ?_setLeds:
    97                           	opt stack 0
    98  000001                     setLeds@x:
    99                           	opt stack 0
   100                           
   101                           ; 1 bytes @ 0x0
   102  000001                     	ds	1
   103  000002                     ??_ex01:
   104                           
   105                           ; 0 bytes @ 0x1
   106  000002                     	ds	1
   107  000003                     
   108 ;; *************** function _ex01 *****************
   109 ;; Defined at:
   110 ;;		line 10 in file "main.c"
   111 ;; Parameters:    Size  Location     Type
   112 ;;		None
   113 ;; Auto vars:     Size  Location     Type
   114 ;;		None
   115 ;; Return value:  Size  Location     Type
   116 ;;		None               void
   117 ;; Registers used:
   118 ;;		wreg, status,2, cstack
   119 ;; Tracked objects:
   120 ;;		On entry : 0/0
   121 ;;		On exit  : 0/0
   122 ;;		Unchanged: 0/0
   123 ;; Data sizes:     COMRAM   BANK0   BANK1   BANK2   BANK3   BANK4   BANK5
   124 ;;      Params:         0       0       0       0       0       0       0
   125 ;;      Locals:         0       0       0       0       0       0       0
   126 ;;      Temps:          1       0       0       0       0       0       0
   127 ;;      Totals:         1       0       0       0       0       0       0
   128 ;;Total ram usage:        1 bytes
   129 ;; Hardware stack levels used:    1
   130 ;; Hardware stack levels required when called:    2
   131 ;; This function calls:
   132 ;;		_init
   133 ;;		_setLeds
   134 ;; This function is called by:
   135 ;;		_main
   136 ;; This function uses a non-reentrant model
   137 ;;
   138                           
   139                           	psect	text1
   140  007FC2                     __ptext1:
   141                           	opt stack 0
   142  007FC2                     _ex01:
   143                           	opt stack 28
   144                           
   145                           ;main.c: 11: init();
   146                           
   147                           ;incstack = 0
   148                           ;incstack = 0
   149  007FC2  ECEA  F03F         	call	_init	;wreg free
   150                           
   151                           ;main.c: 12: setLeds(0xaa);
   152  007FC6  6E02               	movwf	??_ex01& (0+255),c
   153  007FC8  0EAA               	movlw	170
   154  007FCA  6E01               	movwf	?_setLeds,c
   155  007FCC  5002               	movf	??_ex01& (0+255),w,c
   156  007FCE  ECD7  F03F         	call	_setLeds	;wreg free
   157  007FD2  0012               	return	
   158  007FD4                     __end_of_ex01:
   159                           	opt stack 0
   160                           
   161 ;; *************** function _setLeds *****************
   162 ;; Defined at:
   163 ;;		line 14 in file "drivers.c"
   164 ;; Parameters:    Size  Location     Type
   165 ;;  x               1    0[COMRAM] unsigned char 
   166 ;; Auto vars:     Size  Location     Type
   167 ;;		None
   168 ;; Return value:  Size  Location     Type
   169 ;;		None               void
   170 ;; Registers used:
   171 ;;		None
   172 ;; Tracked objects:
   173 ;;		On entry : 0/0
   174 ;;		On exit  : 0/0
   175 ;;		Unchanged: 0/0
   176 ;; Data sizes:     COMRAM   BANK0   BANK1   BANK2   BANK3   BANK4   BANK5
   177 ;;      Params:         1       0       0       0       0       0       0
   178 ;;      Locals:         0       0       0       0       0       0       0
   179 ;;      Temps:          0       0       0       0       0       0       0
   180 ;;      Totals:         1       0       0       0       0       0       0
   181 ;;Total ram usage:        1 bytes
   182 ;; Hardware stack levels used:    1
   183 ;; This function calls:
   184 ;;		Nothing
   185 ;; This function is called by:
   186 ;;		_ex01
   187 ;;		_ex02
   188 ;;		_ex03
   189 ;;		_ex04
   190 ;;		_ex05
   191 ;;		_ex06
   192 ;;		_ex07
   193 ;;		_ex08
   194 ;;		_ex09
   195 ;;		_ex10
   196 ;;		_ex11
   197 ;;		_ex12
   198 ;;		_ex14
   199 ;; This function uses a non-reentrant model
   200 ;;
   201                           
   202                           	psect	text2
   203  007FAE                     __ptext2:
   204                           	opt stack 0
   205  007FAE                     _setLeds:
   206                           	opt stack 29
   207                           
   208                           ;drivers.c: 15: LATD = x;
   209                           
   210                           ;incstack = 0
   211                           ;incstack = 0
   212  007FAE  C001  FF8C         	movff	setLeds@x,3980	;volatile
   213  007FB2  0012               	return	
   214  007FB4                     __end_of_setLeds:
   215                           	opt stack 0
   216                           
   217 ;; *************** function _init *****************
   218 ;; Defined at:
   219 ;;		line 3 in file "drivers.c"
   220 ;; Parameters:    Size  Location     Type
   221 ;;		None
   222 ;; Auto vars:     Size  Location     Type
   223 ;;		None
   224 ;; Return value:  Size  Location     Type
   225 ;;		None               void
   226 ;; Registers used:
   227 ;;		wreg, status,2, cstack
   228 ;; Tracked objects:
   229 ;;		On entry : 0/0
   230 ;;		On exit  : 0/0
   231 ;;		Unchanged: 0/0
   232 ;; Data sizes:     COMRAM   BANK0   BANK1   BANK2   BANK3   BANK4   BANK5
   233 ;;      Params:         0       0       0       0       0       0       0
   234 ;;      Locals:         0       0       0       0       0       0       0
   235 ;;      Temps:          0       0       0       0       0       0       0
   236 ;;      Totals:         0       0       0       0       0       0       0
   237 ;;Total ram usage:        0 bytes
   238 ;; Hardware stack levels used:    1
   239 ;; Hardware stack levels required when called:    1
   240 ;; This function calls:
   241 ;;		_ADC_Init
   242 ;; This function is called by:
   243 ;;		_ex01
   244 ;;		_ex02
   245 ;;		_ex03
   246 ;;		_ex04
   247 ;;		_ex05
   248 ;;		_ex06
   249 ;;		_ex07
   250 ;;		_ex08
   251 ;;		_ex09
   252 ;;		_ex10
   253 ;;		_ex11
   254 ;;		_ex12
   255 ;;		_ex14
   256 ;; This function uses a non-reentrant model
   257 ;;
   258                           
   259                           	psect	text3
   260  007FD4                     __ptext3:
   261                           	opt stack 0
   262  007FD4                     _init:
   263                           	opt stack 28
   264                           
   265                           ;drivers.c: 4: TRISD = 0;
   266                           
   267                           ;incstack = 0
   268                           ;incstack = 0
   269  007FD4  0E00               	movlw	0
   270  007FD6  6E95               	movwf	3989,c	;volatile
   271                           
   272                           ;drivers.c: 5: INTCON2bits.RBPU = 0;
   273  007FD8  9EF1               	bcf	intcon2,7,c	;volatile
   274                           
   275                           ;drivers.c: 6: WPUBbits.WPUB0 = 1;
   276  007FDA  807C               	bsf	3964,0,c	;volatile
   277                           
   278                           ;drivers.c: 7: ANSELH = 0x00;
   279  007FDC  0E00               	movlw	0
   280  007FDE  6E7F               	movwf	3967,c	;volatile
   281                           
   282                           ;drivers.c: 8: TRISBbits.TRISB0 = 1;
   283  007FE0  8093               	bsf	3987,0,c	;volatile
   284                           
   285                           ;drivers.c: 10: ADC_Init();
   286  007FE2  ECF4  F03F         	call	_ADC_Init	;wreg free
   287  007FE6  0012               	return	
   288  007FE8                     __end_of_init:
   289                           	opt stack 0
   290                           intcon2	equ	0xFF1
   291                           
   292 ;; *************** function _ADC_Init *****************
   293 ;; Defined at:
   294 ;;		line 30 in file "drivers.c"
   295 ;; Parameters:    Size  Location     Type
   296 ;;		None
   297 ;; Auto vars:     Size  Location     Type
   298 ;;		None
   299 ;; Return value:  Size  Location     Type
   300 ;;		None               void
   301 ;; Registers used:
   302 ;;		wreg, status,2
   303 ;; Tracked objects:
   304 ;;		On entry : 0/0
   305 ;;		On exit  : 0/0
   306 ;;		Unchanged: 0/0
   307 ;; Data sizes:     COMRAM   BANK0   BANK1   BANK2   BANK3   BANK4   BANK5
   308 ;;      Params:         0       0       0       0       0       0       0
   309 ;;      Locals:         0       0       0       0       0       0       0
   310 ;;      Temps:          0       0       0       0       0       0       0
   311 ;;      Totals:         0       0       0       0       0       0       0
   312 ;;Total ram usage:        0 bytes
   313 ;; Hardware stack levels used:    1
   314 ;; This function calls:
   315 ;;		Nothing
   316 ;; This function is called by:
   317 ;;		_init
   318 ;; This function uses a non-reentrant model
   319 ;;
   320                           
   321                           	psect	text4
   322  007FE8                     __ptext4:
   323                           	opt stack 0
   324  007FE8                     _ADC_Init:
   325                           	opt stack 28
   326                           
   327                           ;drivers.c: 34: ANSEL = 0;
   328                           
   329                           ;incstack = 0
   330                           ;incstack = 0
   331  007FE8  0E00               	movlw	0
   332  007FEA  6E7E               	movwf	3966,c	;volatile
   333                           
   334                           ;drivers.c: 35: ANSELH = 0;
   335  007FEC  0E00               	movlw	0
   336  007FEE  6E7F               	movwf	3967,c	;volatile
   337                           
   338                           ;drivers.c: 36: ANSELbits.ANS0 = 1;
   339  007FF0  807E               	bsf	3966,0,c	;volatile
   340                           
   341                           ;drivers.c: 40: ADCON1 = 0;
   342  007FF2  0E00               	movlw	0
   343  007FF4  6EC1               	movwf	4033,c	;volatile
   344                           
   345                           ;drivers.c: 58: ADCON2 = 0b00111000;
   346  007FF6  0E38               	movlw	56
   347  007FF8  6EC0               	movwf	4032,c	;volatile
   348                           
   349                           ;drivers.c: 61: ADCON0 = 0b00000001;
   350  007FFA  0E01               	movlw	1
   351  007FFC  6EC2               	movwf	4034,c	;volatile
   352  007FFE  0012               	return	
   353  008000                     __end_of_ADC_Init:
   354                           	opt stack 0
   355  0000                     intcon2	equ	0xFF1
   356                           intcon2	equ	0xFF1
   357                           
   358                           	psect	rparam
   359  0000                     intcon2	equ	0xFF1


Data Sizes:
    Strings     0
    Constant    0
    Data        0
    BSS         0
    Persistent  0
    Stack       0

Auto Spaces:
    Space          Size  Autos    Used
    COMRAM           95      2       2
    BANK0           160      0       0
    BANK1           256      0       0
    BANK2           256      0       0
    BANK3           256      0       0
    BANK4           256      0       0
    BANK5           256      0       0

Pointer List with Targets:

    None.

Critical Paths under _main in COMRAM

    _main->_ex01
    _ex01->_setLeds

Critical Paths under _main in BANK0

    None.

Critical Paths under _main in BANK1

    None.

Critical Paths under _main in BANK2

    None.

Critical Paths under _main in BANK3

    None.

Critical Paths under _main in BANK4

    None.

Critical Paths under _main in BANK5

    None.

Call Graph Tables:

 ---------------------------------------------------------------------------------
 (Depth) Function   	        Calls       Base Space   Used Autos Params    Refs
 ---------------------------------------------------------------------------------
 (0) _main                                                 0     0      0      15
                               _ex01
 ---------------------------------------------------------------------------------
 (1) _ex01                                                 1     1      0      15
                                              1 COMRAM     1     1      0
                               _init
                            _setLeds
 ---------------------------------------------------------------------------------
 (2) _setLeds                                              1     0      1      15
                                              0 COMRAM     1     0      1
 ---------------------------------------------------------------------------------
 (2) _init                                                 0     0      0       0
                           _ADC_Init
 ---------------------------------------------------------------------------------
 (3) _ADC_Init                                             0     0      0       0
 ---------------------------------------------------------------------------------
 Estimated maximum stack depth 3
 ---------------------------------------------------------------------------------

 Call Graph Graphs:

 _main (ROOT)
   _ex01
     _init
       _ADC_Init
     _setLeds

 Address spaces:
Name               Size   Autos  Total    Cost      Usage
BITCOMRAM           5F      0       0       0        0.0%
EEDATA             100      0       0       0        0.0%
NULL                 0      0       0       0        0.0%
CODE                 0      0       0       0        0.0%
COMRAM              5F      2       2       1        2.1%
STACK                0      0       3       2        0.0%
DATA                 0      0       0       3        0.0%
BITBANK0            A0      0       0       4        0.0%
BANK0               A0      0       0       5        0.0%
BITBANK1           100      0       0       6        0.0%
BANK1              100      0       0       7        0.0%
BITBANK2           100      0       0       8        0.0%
BANK2              100      0       0       9        0.0%
BITBANK3           100      0       0      10        0.0%
BANK3              100      0       0      11        0.0%
BITBANK4           100      0       0      12        0.0%
BANK4              100      0       0      13        0.0%
BANK5              100      0       0      14        0.0%
ABS                  0      0       0      15        0.0%
BITBANK5           100      0       0      16        0.0%
BIGRAM             5FF      0       0      17        0.0%
BITSFR               0      0       0      40        0.0%
SFR                  0      0       0      40        0.0%


Microchip Technology PIC18 Macro Assembler V1.20 build 52243 
Symbol Table                                                                                   Sun Oct 20 04:34:05 2013

           __CFG_LVP$OFF 000000                     _LATD 000F8C                     _ex01 7FC2  
                   _main 7FBA                     _init 7FD4         __end_of_ADC_Init 8000  
                   start 0000                    ?_ex01 0001                    ?_main 0001  
                  ?_init 0001                    _ANSEL 000F7E                    _TRISD 000F95  
        __end_of_setLeds 7FB4           __CFG_MCLRE$OFF 000000          __initialization 7FB4  
           __end_of_ex01 7FD4             __end_of_main 7FC2             __end_of_init 7FE8  
                 ??_ex01 0002                   ??_main 0003                   ??_init 0001  
          __activetblptr 000000                   _ADCON0 000FC2                   _ADCON1 000FC1  
                 _ADCON2 000FC0                   _ADRESH 000FC4                   _ANSELH 000F7F  
         __CFG_WDTEN$OFF 000000                ?_ADC_Init 0001                ??_setLeds 0002  
             __accesstop 0060  __end_of__initialization 7FB4           __pcstackCOMRAM 0001  
             ??_ADC_Init 0001                  __Hparam 0000                  __Lparam 0000  
                __pcinit 7FB4                _ANSELbits 000F7E                  __ramtop 0600  
                __ptext0 7FBA                  __ptext1 7FC2                  __ptext2 7FAE  
                __ptext3 7FD4                  __ptext4 7FE8                  _setLeds 7FAE  
   end_of_initialization 7FB4                _PORTBbits 000F81                _TRISBbits 000F93  
      __size_of_ADC_Init 0018      start_initialization 7FB4                 _ADC_Init 7FE8  
               ?_setLeds 0001               _ADCON0bits 000FC2                 _WPUBbits 000F7C  
            _INTCON2bits 000FF1                 __Hrparam 0000                 __Lrparam 0000  
       __size_of_setLeds 0006            __size_of_ex01 0012            __size_of_main 0008  
          __size_of_init 0014                 setLeds@x 0001        __CFG_FOSC$INTIO67 000000  
