

Microchip Technology PIC18 LITE Macro Assembler V1.33 build 59893 
                                                                                               Tue Oct 14 14:14:43 2014

Microchip Technology Omniscient Code Generator (Lite mode) build 59893
     1                           	processor	18F45K20
     2                           	fnconf	rparam,??,?,0
     3                           	opt	pw 120
     4                           	opt	lm
     5                           	psect	text0,global,reloc=2,class=CODE,delta=1
     6                           	psect	cinit,global,reloc=2,class=CODE,delta=1
     7                           	psect	bssCOMRAM,global,class=COMRAM,space=1,delta=1
     8                           	psect	cstackCOMRAM,global,class=COMRAM,space=1,delta=1
     9                           	psect	text1,global,reloc=2,class=CODE,delta=1
    10                           	psect	text2,global,reloc=2,class=CODE,delta=1
    11                           	psect	text3,global,reloc=2,class=CODE,delta=1
    12                           	psect	text4,global,reloc=2,class=CODE,delta=1
    13                           	psect	text5,global,reloc=2,class=CODE,delta=1
    14                           	psect	text6,global,reloc=2,class=CODE,delta=1
    15                           	psect	text7,global,reloc=2,class=CODE,delta=1
    16                           	psect	text8,global,reloc=2,class=CODE,delta=1
    17                           	psect	intcodelo,global,reloc=2,class=CODE,delta=1
    18                           	psect	text10,global,reloc=2,class=CODE,delta=1
    19                           	psect	text11,global,reloc=2,class=CODE,delta=1
    20                           	psect	intcode,global,reloc=2,class=CODE,delta=1
    21                           	psect	intcode_body,global,reloc=2,class=CODE,delta=1
    22                           	psect	text13,global,reloc=2,class=CODE,delta=1
    23                           	psect	intsave_regs,global,class=BIGRAM,space=1,delta=1
    24                           	psect	rparam,global,class=COMRAM,space=1,delta=1
    25  0000                     _ADCON0	set	4034
    26  0000                     _ADCON0bits	set	4034
    27  0000                     _ADCON1	set	4033
    28  0000                     _ADCON2	set	4032
    29  0000                     _ADRESH	set	4036
    30  0000                     _ANSEL	set	3966
    31  0000                     _ANSELH	set	3967
    32  0000                     _ANSELbits	set	3966
    33  0000                     _INTCON2bits	set	4081
    34  0000                     _INTCONbits	set	4082
    35  0000                     _LATD	set	3980
    36  0000                     _PORTBbits	set	3969
    37  0000                     _RCONbits	set	4048
    38  0000                     _T0CON	set	4053
    39  0000                     _TMR0H	set	4055
    40  0000                     _TMR0L	set	4054
    41  0000                     _TRISBbits	set	3987
    42  0000                     _TRISD	set	3989
    43  0000                     _WPUBbits	set	3964
    44                           
    45                           ; 0 bytes @ 0x29
    46 ;;
    47 ;;Main: autosize = 0, tempsize = 0, incstack = 0, save=0
    48 ;;
    49 ;; *************** function _main *****************
    50 ;; Defined at:
    51 ;;		line 5 in file "main.c"
    52 ;; Parameters:    Size  Location     Type
    53 ;;		None
    54 ;; Auto vars:     Size  Location     Type
    55 ;;		None
    56 ;; Return value:  Size  Location     Type
    57 ;;		None               void
    58 ;; Registers used:
    59 ;;		wreg, status,2, status,0, cstack
    60 ;; Tracked objects:
    61 ;;		On entry : 0/0
    62 ;;		On exit  : 0/0
    63 ;;		Unchanged: 0/0
    64 ;; Data sizes:     COMRAM   BANK0   BANK1   BANK2   BANK3   BANK4   BANK5
    65 ;;      Params:         0       0       0       0       0       0       0
    66 ;;      Locals:         0       0       0       0       0       0       0
    67 ;;      Temps:          0       0       0       0       0       0       0
    68 ;;      Totals:         0       0       0       0       0       0       0
    69 ;;Total ram usage:        0 bytes
    70 ;; Hardware stack levels required when called:    6
    71 ;; This function calls:
    72 ;;		_buttonInterruptEnable
    73 ;;		_init
    74 ;;		_initTimer
    75 ;;		_interruptEnable
    76 ;;		_loadTimer
    77 ;;		_setLeds
    78 ;;		_timerInterruptEnable
    79 ;; This function is called by:
    80 ;;		Startup code after reset
    81 ;; This function uses a non-reentrant model
    82 ;;
    83                           
    84                           	psect	text0
    85  000126                     __ptext0:
    86                           	opt stack 0
    87  000126                     _main:
    88                           	opt stack 25
    89                           
    90                           ;main.c: 8: init();
    91                           
    92                           ;incstack = 0
    93  000126  ECCE  F000         	call	_init	;wreg free
    94                           
    95                           ;main.c: 9: interruptEnable();
    96  00012A  ECEE  F000         	call	_interruptEnable	;wreg free
    97                           
    98                           ;main.c: 10: buttonInterruptEnable();
    99  00012E  ECF2  F000         	call	_buttonInterruptEnable	;wreg free
   100                           
   101                           ;main.c: 11: initTimer(0b011,0);
   102  000132  0E00               	movlw	0
   103  000134  6E25               	movwf	initTimer@priority,c
   104  000136  0E03               	movlw	3
   105  000138  ECAA  F000         	call	_initTimer
   106                           
   107                           ;main.c: 12: timerInterruptEnable();
   108  00013C  ECE6  F000         	call	_timerInterruptEnable	;wreg free
   109                           
   110                           ;main.c: 13: loadTimer(62500);
   111  000140  0EF4               	movlw	244
   112  000142  6E26               	movwf	loadTimer@data+1,c
   113  000144  0E24               	movlw	36
   114  000146  6E25               	movwf	loadTimer@data,c
   115  000148  ECC4  F000         	call	_loadTimer	;wreg free
   116  00014C                     l778:
   117                           
   118                           ;main.c: 15: setLeds(leds);
   119  00014C  502A               	movf	_leds,w,c
   120  00014E  ECEA  F000         	call	_setLeds
   121  000152  D7FC               	goto	l778
   122  000154                     __end_of_main:
   123                           	opt stack 0
   124                           
   125                           	psect	cinit
   126  0001C4                     __pcinit:
   127                           	opt stack 0
   128  0001C4                     start_initialization:
   129                           	opt stack 0
   130  0001C4                     __initialization:
   131                           	opt stack 0
   132                           
   133                           ; Clear objects allocated to COMRAM (1 bytes)
   134  0001C4  6A2A               	clrf	__pbssCOMRAM& (0+255),c
   135  0001C6                     end_of_initialization:
   136                           	opt stack 0
   137  0001C6                     __end_of__initialization:
   138                           	opt stack 0
   139  0001C6  0100               	movlb	0
   140  0001C8  EF93  F000         	goto	_main	;jump to C main() function
   141                           
   142                           	psect	bssCOMRAM
   143  00002A                     __pbssCOMRAM:
   144                           	opt stack 0
   145  00002A                     _leds:
   146                           	opt stack 0
   147  00002A                     	ds	1
   148                           
   149                           	psect	cstackCOMRAM
   150  000001                     __pcstackCOMRAM:
   151                           	opt stack 0
   152  000001                     i1loadTimer@data:
   153                           	opt stack 0
   154                           
   155                           ; 2 bytes @ 0x0
   156  000001                     	ds	2
   157  000003                     ??i1_loadTimer:
   158                           
   159                           ; 0 bytes @ 0x2
   160  000003                     	ds	3
   161  000006                     ??_timerInterrupt:
   162                           
   163                           ; 0 bytes @ 0x5
   164  000006                     	ds	17
   165  000017                     ??_buttonInterrupt:
   166                           
   167                           ; 0 bytes @ 0x16
   168  000017                     	ds	14
   169  000025                     initTimer@priority:
   170                           	opt stack 0
   171  000025                     setLeds@x:
   172                           	opt stack 0
   173  000025                     loadTimer@data:
   174                           	opt stack 0
   175                           
   176                           ; 2 bytes @ 0x24
   177  000025                     	ds	1
   178  000026                     initTimer@prescaler:
   179                           	opt stack 0
   180                           
   181                           ; 1 bytes @ 0x25
   182  000026                     	ds	1
   183  000027                     ??_loadTimer:
   184                           
   185                           ; 0 bytes @ 0x26
   186  000027                     	ds	3
   187  00002A                     
   188 ;; *************** function _timerInterruptEnable *****************
   189 ;; Defined at:
   190 ;;		line 38 in file "drivers.c"
   191 ;; Parameters:    Size  Location     Type
   192 ;;		None
   193 ;; Auto vars:     Size  Location     Type
   194 ;;		None
   195 ;; Return value:  Size  Location     Type
   196 ;;		None               void
   197 ;; Registers used:
   198 ;;		None
   199 ;; Tracked objects:
   200 ;;		On entry : 0/0
   201 ;;		On exit  : 0/0
   202 ;;		Unchanged: 0/0
   203 ;; Data sizes:     COMRAM   BANK0   BANK1   BANK2   BANK3   BANK4   BANK5
   204 ;;      Params:         0       0       0       0       0       0       0
   205 ;;      Locals:         0       0       0       0       0       0       0
   206 ;;      Temps:          0       0       0       0       0       0       0
   207 ;;      Totals:         0       0       0       0       0       0       0
   208 ;;Total ram usage:        0 bytes
   209 ;; Hardware stack levels used:    1
   210 ;; Hardware stack levels required when called:    4
   211 ;; This function calls:
   212 ;;		Nothing
   213 ;; This function is called by:
   214 ;;		_main
   215 ;; This function uses a non-reentrant model
   216 ;;
   217                           
   218                           	psect	text1
   219  0001CC                     __ptext1:
   220                           	opt stack 0
   221  0001CC                     _timerInterruptEnable:
   222                           	opt stack 26
   223                           
   224                           ;drivers.c: 40: INTCONbits.PEIE = 1;
   225                           
   226                           ;incstack = 0
   227  0001CC  8CF2               	bsf	intcon,6,c	;volatile
   228                           
   229                           ;drivers.c: 41: INTCONbits.T0IF = 0;
   230  0001CE  94F2               	bcf	intcon,2,c	;volatile
   231                           
   232                           ;drivers.c: 42: INTCONbits.T0IE = 1;
   233  0001D0  8AF2               	bsf	intcon,5,c	;volatile
   234  0001D2  0012               	return	
   235  0001D4                     __end_of_timerInterruptEnable:
   236                           	opt stack 0
   237                           intcon	equ	0xFF2
   238                           
   239 ;; *************** function _setLeds *****************
   240 ;; Defined at:
   241 ;;		line 57 in file "drivers.c"
   242 ;; Parameters:    Size  Location     Type
   243 ;;  x               1    wreg     unsigned char 
   244 ;; Auto vars:     Size  Location     Type
   245 ;;  x               1   36[COMRAM] unsigned char 
   246 ;; Return value:  Size  Location     Type
   247 ;;		None               void
   248 ;; Registers used:
   249 ;;		wreg
   250 ;; Tracked objects:
   251 ;;		On entry : 0/0
   252 ;;		On exit  : 0/0
   253 ;;		Unchanged: 0/0
   254 ;; Data sizes:     COMRAM   BANK0   BANK1   BANK2   BANK3   BANK4   BANK5
   255 ;;      Params:         0       0       0       0       0       0       0
   256 ;;      Locals:         1       0       0       0       0       0       0
   257 ;;      Temps:          0       0       0       0       0       0       0
   258 ;;      Totals:         1       0       0       0       0       0       0
   259 ;;Total ram usage:        1 bytes
   260 ;; Hardware stack levels used:    1
   261 ;; Hardware stack levels required when called:    4
   262 ;; This function calls:
   263 ;;		Nothing
   264 ;; This function is called by:
   265 ;;		_main
   266 ;; This function uses a non-reentrant model
   267 ;;
   268                           
   269                           	psect	text2
   270  0001D4                     __ptext2:
   271                           	opt stack 0
   272  0001D4                     _setLeds:
   273                           	opt stack 26
   274                           
   275                           ;incstack = 0
   276                           ;setLeds@x stored from wreg
   277  0001D4  6E25               	movwf	setLeds@x,c
   278                           
   279                           ;drivers.c: 58: LATD = x;
   280  0001D6  C025  FF8C         	movff	setLeds@x,3980	;volatile
   281  0001DA  0012               	return	
   282  0001DC                     __end_of_setLeds:
   283                           	opt stack 0
   284                           intcon	equ	0xFF2
   285                           
   286 ;; *************** function _loadTimer *****************
   287 ;; Defined at:
   288 ;;		line 61 in file "drivers.c"
   289 ;; Parameters:    Size  Location     Type
   290 ;;  data            2   36[COMRAM] unsigned short 
   291 ;; Auto vars:     Size  Location     Type
   292 ;;		None
   293 ;; Return value:  Size  Location     Type
   294 ;;		None               void
   295 ;; Registers used:
   296 ;;		wreg, status,2
   297 ;; Tracked objects:
   298 ;;		On entry : 0/0
   299 ;;		On exit  : 0/0
   300 ;;		Unchanged: 0/0
   301 ;; Data sizes:     COMRAM   BANK0   BANK1   BANK2   BANK3   BANK4   BANK5
   302 ;;      Params:         2       0       0       0       0       0       0
   303 ;;      Locals:         0       0       0       0       0       0       0
   304 ;;      Temps:          3       0       0       0       0       0       0
   305 ;;      Totals:         5       0       0       0       0       0       0
   306 ;;Total ram usage:        5 bytes
   307 ;; Hardware stack levels used:    1
   308 ;; Hardware stack levels required when called:    4
   309 ;; This function calls:
   310 ;;		Nothing
   311 ;; This function is called by:
   312 ;;		_main
   313 ;; This function uses a non-reentrant model
   314 ;;
   315                           
   316                           	psect	text3
   317  000188                     __ptext3:
   318                           	opt stack 0
   319  000188                     _loadTimer:
   320                           	opt stack 26
   321                           
   322                           ;drivers.c: 62: TMR0H = data>>8;
   323                           
   324                           ;incstack = 0
   325  000188  C026  F027         	movff	loadTimer@data+1,??_loadTimer
   326  00018C  C027  F028         	movff	??_loadTimer,??_loadTimer+1
   327  000190  6A29               	clrf	(??_loadTimer+2)& (0+255),c
   328  000192  5028               	movf	??_loadTimer+1,w,c
   329  000194  6ED7               	movwf	4055,c	;volatile
   330                           
   331                           ;drivers.c: 63: TMR0L = data & 0x00FF;
   332  000196  C025  FFD6         	movff	loadTimer@data,4054	;volatile
   333  00019A  0012               	return	
   334  00019C                     __end_of_loadTimer:
   335                           	opt stack 0
   336                           intcon	equ	0xFF2
   337                           
   338 ;; *************** function _interruptEnable *****************
   339 ;; Defined at:
   340 ;;		line 14 in file "drivers.c"
   341 ;; Parameters:    Size  Location     Type
   342 ;;		None
   343 ;; Auto vars:     Size  Location     Type
   344 ;;		None
   345 ;; Return value:  Size  Location     Type
   346 ;;		None               void
   347 ;; Registers used:
   348 ;;		None
   349 ;; Tracked objects:
   350 ;;		On entry : 0/0
   351 ;;		On exit  : 0/0
   352 ;;		Unchanged: 0/0
   353 ;; Data sizes:     COMRAM   BANK0   BANK1   BANK2   BANK3   BANK4   BANK5
   354 ;;      Params:         0       0       0       0       0       0       0
   355 ;;      Locals:         0       0       0       0       0       0       0
   356 ;;      Temps:          0       0       0       0       0       0       0
   357 ;;      Totals:         0       0       0       0       0       0       0
   358 ;;Total ram usage:        0 bytes
   359 ;; Hardware stack levels used:    1
   360 ;; Hardware stack levels required when called:    4
   361 ;; This function calls:
   362 ;;		Nothing
   363 ;; This function is called by:
   364 ;;		_main
   365 ;; This function uses a non-reentrant model
   366 ;;
   367                           
   368                           	psect	text4
   369  0001DC                     __ptext4:
   370                           	opt stack 0
   371  0001DC                     _interruptEnable:
   372                           	opt stack 26
   373                           
   374                           ;drivers.c: 16: RCONbits.IPEN = 1;
   375                           
   376                           ;incstack = 0
   377  0001DC  8ED0               	bsf	4048,7,c	;volatile
   378                           
   379                           ;drivers.c: 17: INTCONbits.GIEL = 1;
   380  0001DE  8CF2               	bsf	intcon,6,c	;volatile
   381                           
   382                           ;drivers.c: 18: INTCONbits.GIEH = 1;
   383  0001E0  8EF2               	bsf	intcon,7,c	;volatile
   384  0001E2  0012               	return	
   385  0001E4                     __end_of_interruptEnable:
   386                           	opt stack 0
   387                           intcon	equ	0xFF2
   388                           
   389 ;; *************** function _initTimer *****************
   390 ;; Defined at:
   391 ;;		line 50 in file "drivers.c"
   392 ;; Parameters:    Size  Location     Type
   393 ;;  prescaler       1    wreg     unsigned char 
   394 ;;  priority        1   36[COMRAM] unsigned char 
   395 ;; Auto vars:     Size  Location     Type
   396 ;;  prescaler       1   37[COMRAM] unsigned char 
   397 ;; Return value:  Size  Location     Type
   398 ;;		None               void
   399 ;; Registers used:
   400 ;;		wreg, status,2, status,0
   401 ;; Tracked objects:
   402 ;;		On entry : 0/0
   403 ;;		On exit  : 0/0
   404 ;;		Unchanged: 0/0
   405 ;; Data sizes:     COMRAM   BANK0   BANK1   BANK2   BANK3   BANK4   BANK5
   406 ;;      Params:         1       0       0       0       0       0       0
   407 ;;      Locals:         1       0       0       0       0       0       0
   408 ;;      Temps:          0       0       0       0       0       0       0
   409 ;;      Totals:         2       0       0       0       0       0       0
   410 ;;Total ram usage:        2 bytes
   411 ;; Hardware stack levels used:    1
   412 ;; Hardware stack levels required when called:    4
   413 ;; This function calls:
   414 ;;		Nothing
   415 ;; This function is called by:
   416 ;;		_main
   417 ;; This function uses a non-reentrant model
   418 ;;
   419                           
   420                           	psect	text5
   421  000154                     __ptext5:
   422                           	opt stack 0
   423  000154                     _initTimer:
   424                           	opt stack 26
   425                           
   426                           ;incstack = 0
   427                           ;initTimer@prescaler stored from wreg
   428  000154  6E26               	movwf	initTimer@prescaler,c
   429                           
   430                           ;drivers.c: 51: T0CON = 0b10000000 | prescaler;
   431  000156  5026               	movf	initTimer@prescaler,w,c
   432  000158  0980               	iorlw	128
   433  00015A  6ED5               	movwf	4053,c	;volatile
   434                           
   435                           ;drivers.c: 52: INTCON2bits.TMR0IP = priority;
   436  00015C  B025               	btfsc	initTimer@priority,0,c
   437  00015E  D002               	bra	u15
   438  000160  94F1               	bcf	intcon2,2,c	;volatile
   439  000162  D001               	bra	u16
   440  000164                     u15:
   441  000164  84F1               	bsf	intcon2,2,c	;volatile
   442  000166                     u16:
   443                           
   444                           ;drivers.c: 53: if(priority)
   445  000166  5025               	movf	initTimer@priority,w,c
   446  000168  B4D8               	btfsc	status,2,c
   447  00016A  0012               	return	
   448                           
   449                           ;drivers.c: 54: RCONbits.IPEN = 1;
   450  00016C  8ED0               	bsf	4048,7,c	;volatile
   451  00016E  0012               	return	
   452  000170                     __end_of_initTimer:
   453                           	opt stack 0
   454                           intcon	equ	0xFF2
   455                           intcon2	equ	0xFF1
   456                           status	equ	0xFD8
   457                           
   458 ;; *************** function _init *****************
   459 ;; Defined at:
   460 ;;		line 4 in file "drivers.c"
   461 ;; Parameters:    Size  Location     Type
   462 ;;		None
   463 ;; Auto vars:     Size  Location     Type
   464 ;;		None
   465 ;; Return value:  Size  Location     Type
   466 ;;		None               void
   467 ;; Registers used:
   468 ;;		wreg, status,2, cstack
   469 ;; Tracked objects:
   470 ;;		On entry : 0/0
   471 ;;		On exit  : 0/0
   472 ;;		Unchanged: 0/0
   473 ;; Data sizes:     COMRAM   BANK0   BANK1   BANK2   BANK3   BANK4   BANK5
   474 ;;      Params:         0       0       0       0       0       0       0
   475 ;;      Locals:         0       0       0       0       0       0       0
   476 ;;      Temps:          0       0       0       0       0       0       0
   477 ;;      Totals:         0       0       0       0       0       0       0
   478 ;;Total ram usage:        0 bytes
   479 ;; Hardware stack levels used:    1
   480 ;; Hardware stack levels required when called:    5
   481 ;; This function calls:
   482 ;;		_ADC_Init
   483 ;; This function is called by:
   484 ;;		_main
   485 ;; This function uses a non-reentrant model
   486 ;;
   487                           
   488                           	psect	text6
   489  00019C                     __ptext6:
   490                           	opt stack 0
   491  00019C                     _init:
   492                           	opt stack 25
   493                           
   494                           ;drivers.c: 5: TRISD = 0;
   495                           
   496                           ;incstack = 0
   497  00019C  0E00               	movlw	0
   498  00019E  6E95               	movwf	3989,c	;volatile
   499                           
   500                           ;drivers.c: 6: INTCON2bits.RBPU = 0;
   501  0001A0  9EF1               	bcf	intcon2,7,c	;volatile
   502                           
   503                           ;drivers.c: 7: WPUBbits.WPUB0 = 1;
   504  0001A2  807C               	bsf	3964,0,c	;volatile
   505                           
   506                           ;drivers.c: 8: ANSELH = 0x00;
   507  0001A4  0E00               	movlw	0
   508  0001A6  6E7F               	movwf	3967,c	;volatile
   509                           
   510                           ;drivers.c: 9: TRISBbits.TRISB0 = 1;
   511  0001A8  8093               	bsf	3987,0,c	;volatile
   512                           
   513                           ;drivers.c: 10: ADC_Init();
   514  0001AA  ECB8  F000         	call	_ADC_Init	;wreg free
   515  0001AE  0012               	return	
   516  0001B0                     __end_of_init:
   517                           	opt stack 0
   518                           intcon	equ	0xFF2
   519                           intcon2	equ	0xFF1
   520                           status	equ	0xFD8
   521                           
   522 ;; *************** function _ADC_Init *****************
   523 ;; Defined at:
   524 ;;		line 76 in file "drivers.c"
   525 ;; Parameters:    Size  Location     Type
   526 ;;		None
   527 ;; Auto vars:     Size  Location     Type
   528 ;;		None
   529 ;; Return value:  Size  Location     Type
   530 ;;		None               void
   531 ;; Registers used:
   532 ;;		wreg, status,2
   533 ;; Tracked objects:
   534 ;;		On entry : 0/0
   535 ;;		On exit  : 0/0
   536 ;;		Unchanged: 0/0
   537 ;; Data sizes:     COMRAM   BANK0   BANK1   BANK2   BANK3   BANK4   BANK5
   538 ;;      Params:         0       0       0       0       0       0       0
   539 ;;      Locals:         0       0       0       0       0       0       0
   540 ;;      Temps:          0       0       0       0       0       0       0
   541 ;;      Totals:         0       0       0       0       0       0       0
   542 ;;Total ram usage:        0 bytes
   543 ;; Hardware stack levels used:    1
   544 ;; Hardware stack levels required when called:    4
   545 ;; This function calls:
   546 ;;		Nothing
   547 ;; This function is called by:
   548 ;;		_init
   549 ;; This function uses a non-reentrant model
   550 ;;
   551                           
   552                           	psect	text7
   553  000170                     __ptext7:
   554                           	opt stack 0
   555  000170                     _ADC_Init:
   556                           	opt stack 25
   557                           
   558                           ;drivers.c: 81: ANSEL = 0;
   559                           
   560                           ;incstack = 0
   561  000170  0E00               	movlw	0
   562  000172  6E7E               	movwf	3966,c	;volatile
   563                           
   564                           ;drivers.c: 82: ANSELH = 0;
   565  000174  0E00               	movlw	0
   566  000176  6E7F               	movwf	3967,c	;volatile
   567                           
   568                           ;drivers.c: 83: ANSELbits.ANS0 = 1;
   569  000178  807E               	bsf	3966,0,c	;volatile
   570                           
   571                           ;drivers.c: 87: ADCON1 = 0;
   572  00017A  0E00               	movlw	0
   573  00017C  6EC1               	movwf	4033,c	;volatile
   574                           
   575                           ;drivers.c: 105: ADCON2 = 0b00111000;
   576  00017E  0E38               	movlw	56
   577  000180  6EC0               	movwf	4032,c	;volatile
   578                           
   579                           ;drivers.c: 108: ADCON0 = 0b00000001;
   580  000182  0E01               	movlw	1
   581  000184  6EC2               	movwf	4034,c	;volatile
   582  000186  0012               	return	
   583  000188                     __end_of_ADC_Init:
   584                           	opt stack 0
   585                           intcon	equ	0xFF2
   586                           intcon2	equ	0xFF1
   587                           status	equ	0xFD8
   588                           
   589 ;; *************** function _buttonInterruptEnable *****************
   590 ;; Defined at:
   591 ;;		line 25 in file "drivers.c"
   592 ;; Parameters:    Size  Location     Type
   593 ;;		None
   594 ;; Auto vars:     Size  Location     Type
   595 ;;		None
   596 ;; Return value:  Size  Location     Type
   597 ;;		None               void
   598 ;; Registers used:
   599 ;;		None
   600 ;; Tracked objects:
   601 ;;		On entry : 0/0
   602 ;;		On exit  : 0/0
   603 ;;		Unchanged: 0/0
   604 ;; Data sizes:     COMRAM   BANK0   BANK1   BANK2   BANK3   BANK4   BANK5
   605 ;;      Params:         0       0       0       0       0       0       0
   606 ;;      Locals:         0       0       0       0       0       0       0
   607 ;;      Temps:          0       0       0       0       0       0       0
   608 ;;      Totals:         0       0       0       0       0       0       0
   609 ;;Total ram usage:        0 bytes
   610 ;; Hardware stack levels used:    1
   611 ;; Hardware stack levels required when called:    4
   612 ;; This function calls:
   613 ;;		Nothing
   614 ;; This function is called by:
   615 ;;		_main
   616 ;; This function uses a non-reentrant model
   617 ;;
   618                           
   619                           	psect	text8
   620  0001E4                     __ptext8:
   621                           	opt stack 0
   622  0001E4                     _buttonInterruptEnable:
   623                           	opt stack 26
   624                           
   625                           ;drivers.c: 26: INTCON2bits.INTEDG0 = 0;
   626                           
   627                           ;incstack = 0
   628  0001E4  9CF1               	bcf	intcon2,6,c	;volatile
   629                           
   630                           ;drivers.c: 27: INTCONbits.INT0IF = 0;
   631  0001E6  92F2               	bcf	intcon,1,c	;volatile
   632                           
   633                           ;drivers.c: 28: INTCONbits.INT0IE = 1;
   634  0001E8  88F2               	bsf	intcon,4,c	;volatile
   635  0001EA  0012               	return	
   636  0001EC                     __end_of_buttonInterruptEnable:
   637                           	opt stack 0
   638                           intcon	equ	0xFF2
   639                           intcon2	equ	0xFF1
   640                           status	equ	0xFD8
   641                           
   642 ;; *************** function _timerInterrupt *****************
   643 ;; Defined at:
   644 ;;		line 25 in file "main.c"
   645 ;; Parameters:    Size  Location     Type
   646 ;;		None
   647 ;; Auto vars:     Size  Location     Type
   648 ;;		None
   649 ;; Return value:  Size  Location     Type
   650 ;;		None               void
   651 ;; Registers used:
   652 ;;		wreg, status,2, status,0, cstack
   653 ;; Tracked objects:
   654 ;;		On entry : 0/0
   655 ;;		On exit  : 0/0
   656 ;;		Unchanged: 0/0
   657 ;; Data sizes:     COMRAM   BANK0   BANK1   BANK2   BANK3   BANK4   BANK5
   658 ;;      Params:         0       0       0       0       0       0       0
   659 ;;      Locals:         0       0       0       0       0       0       0
   660 ;;      Temps:         17       0       0       0       0       0       0
   661 ;;      Totals:        17       0       0       0       0       0       0
   662 ;;Total ram usage:       17 bytes
   663 ;; Hardware stack levels used:    1
   664 ;; Hardware stack levels required when called:    3
   665 ;; This function calls:
   666 ;;		_clearTimerInterruptRequest
   667 ;;		i1_loadTimer
   668 ;; This function is called by:
   669 ;;		Interrupt level 1
   670 ;; This function uses a non-reentrant model
   671 ;;
   672                           
   673                           	psect	intcodelo
   674  000018                     __pintcodelo:
   675                           	opt stack 0
   676  000018                     _timerInterrupt:
   677                           	opt stack 25
   678                           
   679                           ;incstack = 0
   680  000018  CFD8 F006          	movff	status,??_timerInterrupt
   681  00001C  CFE8 F007          	movff	wreg,??_timerInterrupt+1
   682  000020  CFE0 F008          	movff	bsr,??_timerInterrupt+2
   683  000024  CFFA F009          	movff	pclath,??_timerInterrupt+3
   684  000028  CFFB F00A          	movff	pclatu,??_timerInterrupt+4
   685  00002C  CFE9 F00B          	movff	fsr0l,??_timerInterrupt+5
   686  000030  CFEA F00C          	movff	fsr0h,??_timerInterrupt+6
   687  000034  CFE1 F00D          	movff	fsr1l,??_timerInterrupt+7
   688  000038  CFE2 F00E          	movff	fsr1h,??_timerInterrupt+8
   689  00003C  CFD9 F00F          	movff	fsr2l,??_timerInterrupt+9
   690  000040  CFDA F010          	movff	fsr2h,??_timerInterrupt+10
   691  000044  CFF3 F011          	movff	prodl,??_timerInterrupt+11
   692  000048  CFF4 F012          	movff	prodh,??_timerInterrupt+12
   693  00004C  CFF6 F013          	movff	tblptrl,??_timerInterrupt+13
   694  000050  CFF7 F014          	movff	tblptrh,??_timerInterrupt+14
   695  000054  CFF8 F015          	movff	tblptru,??_timerInterrupt+15
   696  000058  CFF5 F016          	movff	tablat,??_timerInterrupt+16
   697                           
   698                           ;main.c: 27: leds++;
   699  00005C  2A2A               	incf	_leds,f,c
   700                           
   701                           ;main.c: 28: loadTimer(62500);
   702  00005E  0EF4               	movlw	244
   703  000060  6E02               	movwf	i1loadTimer@data+1,c
   704  000062  0E24               	movlw	36
   705  000064  6E01               	movwf	i1loadTimer@data,c
   706  000066  ECD8  F000         	call	i1_loadTimer	;wreg free
   707                           
   708                           ;main.c: 29: clearTimerInterruptRequest();
   709  00006A  ECF6  F000         	call	_clearTimerInterruptRequest	;wreg free
   710  00006E  C016  FFF5         	movff	??_timerInterrupt+16,tablat
   711  000072  C015  FFF8         	movff	??_timerInterrupt+15,tblptru
   712  000076  C014  FFF7         	movff	??_timerInterrupt+14,tblptrh
   713  00007A  C013  FFF6         	movff	??_timerInterrupt+13,tblptrl
   714  00007E  C012  FFF4         	movff	??_timerInterrupt+12,prodh
   715  000082  C011  FFF3         	movff	??_timerInterrupt+11,prodl
   716  000086  C010  FFDA         	movff	??_timerInterrupt+10,fsr2h
   717  00008A  C00F  FFD9         	movff	??_timerInterrupt+9,fsr2l
   718  00008E  C00E  FFE2         	movff	??_timerInterrupt+8,fsr1h
   719  000092  C00D  FFE1         	movff	??_timerInterrupt+7,fsr1l
   720  000096  C00C  FFEA         	movff	??_timerInterrupt+6,fsr0h
   721  00009A  C00B  FFE9         	movff	??_timerInterrupt+5,fsr0l
   722  00009E  C00A  FFFB         	movff	??_timerInterrupt+4,pclatu
   723  0000A2  C009  FFFA         	movff	??_timerInterrupt+3,pclath
   724  0000A6  C008  FFE0         	movff	??_timerInterrupt+2,bsr
   725  0000AA  C007  FFE8         	movff	??_timerInterrupt+1,wreg
   726  0000AE  C006  FFD8         	movff	??_timerInterrupt,status
   727  0000B2  0010               	retfie	
   728  0000B4                     __end_of_timerInterrupt:
   729                           	opt stack 0
   730                           pclatu	equ	0xFFB
   731                           pclath	equ	0xFFA
   732                           tblptru	equ	0xFF8
   733                           tblptrh	equ	0xFF7
   734                           tblptrl	equ	0xFF6
   735                           tablat	equ	0xFF5
   736                           prodh	equ	0xFF4
   737                           prodl	equ	0xFF3
   738                           intcon	equ	0xFF2
   739                           intcon2	equ	0xFF1
   740                           fsr0h	equ	0xFEA
   741                           fsr0l	equ	0xFE9
   742                           wreg	equ	0xFE8
   743                           fsr1h	equ	0xFE2
   744                           fsr1l	equ	0xFE1
   745                           bsr	equ	0xFE0
   746                           fsr2h	equ	0xFDA
   747                           fsr2l	equ	0xFD9
   748                           status	equ	0xFD8
   749                           
   750 ;; *************** function i1_loadTimer *****************
   751 ;; Defined at:
   752 ;;		line 61 in file "drivers.c"
   753 ;; Parameters:    Size  Location     Type
   754 ;;  data            2    0[COMRAM] unsigned short 
   755 ;; Auto vars:     Size  Location     Type
   756 ;;		None
   757 ;; Return value:  Size  Location     Type
   758 ;;		None               void
   759 ;; Registers used:
   760 ;;		wreg, status,2
   761 ;; Tracked objects:
   762 ;;		On entry : 0/0
   763 ;;		On exit  : 0/0
   764 ;;		Unchanged: 0/0
   765 ;; Data sizes:     COMRAM   BANK0   BANK1   BANK2   BANK3   BANK4   BANK5
   766 ;;      Params:         2       0       0       0       0       0       0
   767 ;;      Locals:         0       0       0       0       0       0       0
   768 ;;      Temps:          3       0       0       0       0       0       0
   769 ;;      Totals:         5       0       0       0       0       0       0
   770 ;;Total ram usage:        5 bytes
   771 ;; Hardware stack levels used:    1
   772 ;; Hardware stack levels required when called:    2
   773 ;; This function calls:
   774 ;;		Nothing
   775 ;; This function is called by:
   776 ;;		_timerInterrupt
   777 ;; This function uses a non-reentrant model
   778 ;;
   779                           
   780                           	psect	text10
   781  0001B0                     __ptext10:
   782                           	opt stack 0
   783  0001B0                     i1_loadTimer:
   784                           	opt stack 25
   785                           
   786                           ;drivers.c: 62: TMR0H = data>>8;
   787                           
   788                           ;incstack = 0
   789  0001B0  C002  F003         	movff	i1loadTimer@data+1,??i1_loadTimer
   790  0001B4  C003  F004         	movff	??i1_loadTimer,??i1_loadTimer+1
   791  0001B8  6A05               	clrf	(??i1_loadTimer+2)& (0+255),c
   792  0001BA  5004               	movf	??i1_loadTimer+1,w,c
   793  0001BC  6ED7               	movwf	4055,c	;volatile
   794                           
   795                           ;drivers.c: 63: TMR0L = data & 0x00FF;
   796  0001BE  C001  FFD6         	movff	i1loadTimer@data,4054	;volatile
   797  0001C2  0012               	return	
   798  0001C4                     __end_ofi1_loadTimer:
   799                           	opt stack 0
   800                           pclatu	equ	0xFFB
   801                           pclath	equ	0xFFA
   802                           tblptru	equ	0xFF8
   803                           tblptrh	equ	0xFF7
   804                           tblptrl	equ	0xFF6
   805                           tablat	equ	0xFF5
   806                           prodh	equ	0xFF4
   807                           prodl	equ	0xFF3
   808                           intcon	equ	0xFF2
   809                           intcon2	equ	0xFF1
   810                           fsr0h	equ	0xFEA
   811                           fsr0l	equ	0xFE9
   812                           wreg	equ	0xFE8
   813                           fsr1h	equ	0xFE2
   814                           fsr1l	equ	0xFE1
   815                           bsr	equ	0xFE0
   816                           fsr2h	equ	0xFDA
   817                           fsr2l	equ	0xFD9
   818                           status	equ	0xFD8
   819                           
   820 ;; *************** function _clearTimerInterruptRequest *****************
   821 ;; Defined at:
   822 ;;		line 47 in file "drivers.c"
   823 ;; Parameters:    Size  Location     Type
   824 ;;		None
   825 ;; Auto vars:     Size  Location     Type
   826 ;;		None
   827 ;; Return value:  Size  Location     Type
   828 ;;		None               void
   829 ;; Registers used:
   830 ;;		None
   831 ;; Tracked objects:
   832 ;;		On entry : 0/0
   833 ;;		On exit  : 0/0
   834 ;;		Unchanged: 0/0
   835 ;; Data sizes:     COMRAM   BANK0   BANK1   BANK2   BANK3   BANK4   BANK5
   836 ;;      Params:         0       0       0       0       0       0       0
   837 ;;      Locals:         0       0       0       0       0       0       0
   838 ;;      Temps:          0       0       0       0       0       0       0
   839 ;;      Totals:         0       0       0       0       0       0       0
   840 ;;Total ram usage:        0 bytes
   841 ;; Hardware stack levels used:    1
   842 ;; Hardware stack levels required when called:    2
   843 ;; This function calls:
   844 ;;		Nothing
   845 ;; This function is called by:
   846 ;;		_timerInterrupt
   847 ;; This function uses a non-reentrant model
   848 ;;
   849                           
   850                           	psect	text11
   851  0001EC                     __ptext11:
   852                           	opt stack 0
   853  0001EC                     _clearTimerInterruptRequest:
   854                           	opt stack 25
   855                           
   856                           ;drivers.c: 48: INTCONbits.T0IF = 0;
   857                           
   858                           ;incstack = 0
   859  0001EC  94F2               	bcf	intcon,2,c	;volatile
   860  0001EE  0012               	return	
   861  0001F0                     __end_of_clearTimerInterruptRequest:
   862                           	opt stack 0
   863                           pclatu	equ	0xFFB
   864                           pclath	equ	0xFFA
   865                           tblptru	equ	0xFF8
   866                           tblptrh	equ	0xFF7
   867                           tblptrl	equ	0xFF6
   868                           tablat	equ	0xFF5
   869                           prodh	equ	0xFF4
   870                           prodl	equ	0xFF3
   871                           intcon	equ	0xFF2
   872                           intcon2	equ	0xFF1
   873                           fsr0h	equ	0xFEA
   874                           fsr0l	equ	0xFE9
   875                           wreg	equ	0xFE8
   876                           fsr1h	equ	0xFE2
   877                           fsr1l	equ	0xFE1
   878                           bsr	equ	0xFE0
   879                           fsr2h	equ	0xFDA
   880                           fsr2l	equ	0xFD9
   881                           status	equ	0xFD8
   882                           
   883 ;; *************** function _buttonInterrupt *****************
   884 ;; Defined at:
   885 ;;		line 19 in file "main.c"
   886 ;; Parameters:    Size  Location     Type
   887 ;;		None
   888 ;; Auto vars:     Size  Location     Type
   889 ;;		None
   890 ;; Return value:  Size  Location     Type
   891 ;;		None               void
   892 ;; Registers used:
   893 ;;		wreg, status,2, cstack
   894 ;; Tracked objects:
   895 ;;		On entry : 0/0
   896 ;;		On exit  : 0/0
   897 ;;		Unchanged: 0/0
   898 ;; Data sizes:     COMRAM   BANK0   BANK1   BANK2   BANK3   BANK4   BANK5
   899 ;;      Params:         0       0       0       0       0       0       0
   900 ;;      Locals:         0       0       0       0       0       0       0
   901 ;;      Temps:         14       0       0       0       0       0       0
   902 ;;      Totals:        14       0       0       0       0       0       0
   903 ;;Total ram usage:       14 bytes
   904 ;; Hardware stack levels used:    1
   905 ;; Hardware stack levels required when called:    1
   906 ;; This function calls:
   907 ;;		_clearButtonInterruptRequest
   908 ;; This function is called by:
   909 ;;		Interrupt level 2
   910 ;; This function uses a non-reentrant model
   911 ;;
   912                           
   913                           	psect	intcode
   914  000008                     __pintcode:
   915                           	opt stack 0
   916  000008                     _buttonInterrupt:
   917                           	opt stack 25
   918                           
   919                           ;incstack = 0
   920  000008  CFFA F017          	movff	pclath,??_buttonInterrupt
   921  00000C  CFFB F018          	movff	pclatu,??_buttonInterrupt+1
   922  000010  CFE9 F019          	movff	fsr0l,??_buttonInterrupt+2
   923  000014  EF5C  F000         	goto	int_func
   924                           pclatu	equ	0xFFB
   925                           pclath	equ	0xFFA
   926                           tblptru	equ	0xFF8
   927                           tblptrh	equ	0xFF7
   928                           tblptrl	equ	0xFF6
   929                           tablat	equ	0xFF5
   930                           prodh	equ	0xFF4
   931                           prodl	equ	0xFF3
   932                           intcon	equ	0xFF2
   933                           intcon2	equ	0xFF1
   934                           fsr0h	equ	0xFEA
   935                           fsr0l	equ	0xFE9
   936                           wreg	equ	0xFE8
   937                           fsr1h	equ	0xFE2
   938                           fsr1l	equ	0xFE1
   939                           bsr	equ	0xFE0
   940                           fsr2h	equ	0xFDA
   941                           fsr2l	equ	0xFD9
   942                           status	equ	0xFD8
   943                           
   944                           	psect	intcode_body
   945  0000B8                     __pintcode_body:
   946                           	opt stack 25
   947  0000B8                     int_func:
   948                           	opt stack 25
   949  0000B8  CFEA F01A          	movff	fsr0h,??_buttonInterrupt+3
   950  0000BC  CFE1 F01B          	movff	fsr1l,??_buttonInterrupt+4
   951  0000C0  CFE2 F01C          	movff	fsr1h,??_buttonInterrupt+5
   952  0000C4  CFD9 F01D          	movff	fsr2l,??_buttonInterrupt+6
   953  0000C8  CFDA F01E          	movff	fsr2h,??_buttonInterrupt+7
   954  0000CC  CFF3 F01F          	movff	prodl,??_buttonInterrupt+8
   955  0000D0  CFF4 F020          	movff	prodh,??_buttonInterrupt+9
   956  0000D4  CFF6 F021          	movff	tblptrl,??_buttonInterrupt+10
   957  0000D8  CFF7 F022          	movff	tblptrh,??_buttonInterrupt+11
   958  0000DC  CFF8 F023          	movff	tblptru,??_buttonInterrupt+12
   959  0000E0  CFF5 F024          	movff	tablat,??_buttonInterrupt+13
   960                           
   961                           ;main.c: 21: leds=0;
   962  0000E4  0E00               	movlw	0
   963  0000E6  6E2A               	movwf	_leds,c
   964                           
   965                           ;main.c: 22: clearButtonInterruptRequest();
   966  0000E8  ECF8  F000         	call	_clearButtonInterruptRequest	;wreg free
   967  0000EC  C024  FFF5         	movff	??_buttonInterrupt+13,tablat
   968  0000F0  C023  FFF8         	movff	??_buttonInterrupt+12,tblptru
   969  0000F4  C022  FFF7         	movff	??_buttonInterrupt+11,tblptrh
   970  0000F8  C021  FFF6         	movff	??_buttonInterrupt+10,tblptrl
   971  0000FC  C020  FFF4         	movff	??_buttonInterrupt+9,prodh
   972  000100  C01F  FFF3         	movff	??_buttonInterrupt+8,prodl
   973  000104  C01E  FFDA         	movff	??_buttonInterrupt+7,fsr2h
   974  000108  C01D  FFD9         	movff	??_buttonInterrupt+6,fsr2l
   975  00010C  C01C  FFE2         	movff	??_buttonInterrupt+5,fsr1h
   976  000110  C01B  FFE1         	movff	??_buttonInterrupt+4,fsr1l
   977  000114  C01A  FFEA         	movff	??_buttonInterrupt+3,fsr0h
   978  000118  C019  FFE9         	movff	??_buttonInterrupt+2,fsr0l
   979  00011C  C018  FFFB         	movff	??_buttonInterrupt+1,pclatu
   980  000120  C017  FFFA         	movff	??_buttonInterrupt,pclath
   981  000124  0011               	retfie		f
   982  000126                     __end_of_buttonInterrupt:
   983                           	opt stack 0
   984                           pclatu	equ	0xFFB
   985                           pclath	equ	0xFFA
   986                           tblptru	equ	0xFF8
   987                           tblptrh	equ	0xFF7
   988                           tblptrl	equ	0xFF6
   989                           tablat	equ	0xFF5
   990                           prodh	equ	0xFF4
   991                           prodl	equ	0xFF3
   992                           intcon	equ	0xFF2
   993                           intcon2	equ	0xFF1
   994                           fsr0h	equ	0xFEA
   995                           fsr0l	equ	0xFE9
   996                           wreg	equ	0xFE8
   997                           fsr1h	equ	0xFE2
   998                           fsr1l	equ	0xFE1
   999                           bsr	equ	0xFE0
  1000                           fsr2h	equ	0xFDA
  1001                           fsr2l	equ	0xFD9
  1002                           status	equ	0xFD8
  1003                           
  1004 ;; *************** function _clearButtonInterruptRequest *****************
  1005 ;; Defined at:
  1006 ;;		line 34 in file "drivers.c"
  1007 ;; Parameters:    Size  Location     Type
  1008 ;;		None
  1009 ;; Auto vars:     Size  Location     Type
  1010 ;;		None
  1011 ;; Return value:  Size  Location     Type
  1012 ;;		None               void
  1013 ;; Registers used:
  1014 ;;		None
  1015 ;; Tracked objects:
  1016 ;;		On entry : 0/0
  1017 ;;		On exit  : 0/0
  1018 ;;		Unchanged: 0/0
  1019 ;; Data sizes:     COMRAM   BANK0   BANK1   BANK2   BANK3   BANK4   BANK5
  1020 ;;      Params:         0       0       0       0       0       0       0
  1021 ;;      Locals:         0       0       0       0       0       0       0
  1022 ;;      Temps:          0       0       0       0       0       0       0
  1023 ;;      Totals:         0       0       0       0       0       0       0
  1024 ;;Total ram usage:        0 bytes
  1025 ;; Hardware stack levels used:    1
  1026 ;; This function calls:
  1027 ;;		Nothing
  1028 ;; This function is called by:
  1029 ;;		_buttonInterrupt
  1030 ;; This function uses a non-reentrant model
  1031 ;;
  1032                           
  1033                           	psect	text13
  1034  0001F0                     __ptext13:
  1035                           	opt stack 0
  1036  0001F0                     _clearButtonInterruptRequest:
  1037                           	opt stack 25
  1038                           
  1039                           ;drivers.c: 35: INTCONbits.INT0IF = 0;
  1040                           
  1041                           ;incstack = 0
  1042  0001F0  92F2               	bcf	intcon,1,c	;volatile
  1043  0001F2  0012               	return	
  1044  0001F4                     __end_of_clearButtonInterruptRequest:
  1045                           	opt stack 0
  1046  0000                     pclatu	equ	0xFFB
  1047                           pclath	equ	0xFFA
  1048                           tblptru	equ	0xFF8
  1049                           tblptrh	equ	0xFF7
  1050                           tblptrl	equ	0xFF6
  1051                           tablat	equ	0xFF5
  1052                           prodh	equ	0xFF4
  1053                           prodl	equ	0xFF3
  1054                           intcon	equ	0xFF2
  1055                           intcon2	equ	0xFF1
  1056                           fsr0h	equ	0xFEA
  1057                           fsr0l	equ	0xFE9
  1058                           wreg	equ	0xFE8
  1059                           fsr1h	equ	0xFE2
  1060                           fsr1l	equ	0xFE1
  1061                           bsr	equ	0xFE0
  1062                           fsr2h	equ	0xFDA
  1063                           fsr2l	equ	0xFD9
  1064                           status	equ	0xFD8
  1065                           pclatu	equ	0xFFB
  1066                           pclath	equ	0xFFA
  1067                           tblptru	equ	0xFF8
  1068                           tblptrh	equ	0xFF7
  1069                           tblptrl	equ	0xFF6
  1070                           tablat	equ	0xFF5
  1071                           prodh	equ	0xFF4
  1072                           prodl	equ	0xFF3
  1073                           intcon	equ	0xFF2
  1074                           intcon2	equ	0xFF1
  1075                           fsr0h	equ	0xFEA
  1076                           fsr0l	equ	0xFE9
  1077                           wreg	equ	0xFE8
  1078                           fsr1h	equ	0xFE2
  1079                           fsr1l	equ	0xFE1
  1080                           bsr	equ	0xFE0
  1081                           fsr2h	equ	0xFDA
  1082                           fsr2l	equ	0xFD9
  1083                           status	equ	0xFD8
  1084                           
  1085                           	psect	rparam
  1086  0000                     pclatu	equ	0xFFB
  1087                           pclath	equ	0xFFA
  1088                           tblptru	equ	0xFF8
  1089                           tblptrh	equ	0xFF7
  1090                           tblptrl	equ	0xFF6
  1091                           tablat	equ	0xFF5
  1092                           prodh	equ	0xFF4
  1093                           prodl	equ	0xFF3
  1094                           intcon	equ	0xFF2
  1095                           intcon2	equ	0xFF1
  1096                           fsr0h	equ	0xFEA
  1097                           fsr0l	equ	0xFE9
  1098                           wreg	equ	0xFE8
  1099                           fsr1h	equ	0xFE2
  1100                           fsr1l	equ	0xFE1
  1101                           bsr	equ	0xFE0
  1102                           fsr2h	equ	0xFDA
  1103                           fsr2l	equ	0xFD9
  1104                           status	equ	0xFD8


Data Sizes:
    Strings     0
    Constant    0
    Data        0
    BSS         1
    Persistent  0
    Stack       0

Auto Spaces:
    Space          Size  Autos    Used
    COMRAM           95     41      42
    BANK0           160      0       0
    BANK1           256      0       0
    BANK2           256      0       0
    BANK3           256      0       0
    BANK4           256      0       0
    BANK5           256      0       0

Pointer List with Targets:

    None.

Critical Paths under _main in COMRAM

    _main->_loadTimer

Critical Paths under _buttonInterrupt in COMRAM

    None.

Critical Paths under _timerInterrupt in COMRAM

    _timerInterrupt->i1_loadTimer

Critical Paths under _main in BANK0

    None.

Critical Paths under _buttonInterrupt in BANK0

    None.

Critical Paths under _timerInterrupt in BANK0

    None.

Critical Paths under _main in BANK1

    None.

Critical Paths under _buttonInterrupt in BANK1

    None.

Critical Paths under _timerInterrupt in BANK1

    None.

Critical Paths under _main in BANK2

    None.

Critical Paths under _buttonInterrupt in BANK2

    None.

Critical Paths under _timerInterrupt in BANK2

    None.

Critical Paths under _main in BANK3

    None.

Critical Paths under _buttonInterrupt in BANK3

    None.

Critical Paths under _timerInterrupt in BANK3

    None.

Critical Paths under _main in BANK4

    None.

Critical Paths under _buttonInterrupt in BANK4

    None.

Critical Paths under _timerInterrupt in BANK4

    None.

Critical Paths under _main in BANK5

    None.

Critical Paths under _buttonInterrupt in BANK5

    None.

Critical Paths under _timerInterrupt in BANK5

    None.

Call Graph Tables:

 ---------------------------------------------------------------------------------
 (Depth) Function   	        Calls       Base Space   Used Autos Params    Refs
 ---------------------------------------------------------------------------------
 (0) _main                                                 0     0      0     230
              _buttonInterruptEnable
                               _init
                          _initTimer
                    _interruptEnable
                          _loadTimer
                            _setLeds
               _timerInterruptEnable
 ---------------------------------------------------------------------------------
 (1) _timerInterruptEnable                                 0     0      0       0
 ---------------------------------------------------------------------------------
 (1) _setLeds                                              1     1      0      15
                                             36 COMRAM     1     1      0
 ---------------------------------------------------------------------------------
 (1) _loadTimer                                            5     3      2     117
                                             36 COMRAM     5     3      2
 ---------------------------------------------------------------------------------
 (1) _interruptEnable                                      0     0      0       0
 ---------------------------------------------------------------------------------
 (1) _initTimer                                            2     1      1      98
                                             36 COMRAM     2     1      1
 ---------------------------------------------------------------------------------
 (1) _init                                                 0     0      0       0
                           _ADC_Init
 ---------------------------------------------------------------------------------
 (2) _ADC_Init                                             0     0      0       0
 ---------------------------------------------------------------------------------
 (1) _buttonInterruptEnable                                0     0      0       0
 ---------------------------------------------------------------------------------
 Estimated maximum stack depth 2
 ---------------------------------------------------------------------------------
 (Depth) Function   	        Calls       Base Space   Used Autos Params    Refs
 ---------------------------------------------------------------------------------
 (3) _timerInterrupt                                      17    17      0      49
                                              5 COMRAM    17    17      0
         _clearTimerInterruptRequest
                        i1_loadTimer
 ---------------------------------------------------------------------------------
 (4) i1_loadTimer                                          5     3      2      49
                                              0 COMRAM     5     3      2
 ---------------------------------------------------------------------------------
 (4) _clearTimerInterruptRequest                           0     0      0       0
 ---------------------------------------------------------------------------------
 Estimated maximum stack depth 4
 ---------------------------------------------------------------------------------
 (Depth) Function   	        Calls       Base Space   Used Autos Params    Refs
 ---------------------------------------------------------------------------------
 (5) _buttonInterrupt                                     14    14      0       0
                                             22 COMRAM    14    14      0
        _clearButtonInterruptRequest
 ---------------------------------------------------------------------------------
 (6) _clearButtonInterruptRequest                          0     0      0       0
 ---------------------------------------------------------------------------------
 Estimated maximum stack depth 6
 ---------------------------------------------------------------------------------

 Call Graph Graphs:

 _main (ROOT)
   _buttonInterruptEnable
   _init
     _ADC_Init
   _initTimer
   _interruptEnable
   _loadTimer
   _setLeds
   _timerInterruptEnable

 _timerInterrupt (ROOT)
   _clearTimerInterruptRequest
   i1_loadTimer

 _buttonInterrupt (ROOT)
   _clearButtonInterruptRequest

 Address spaces:
Name               Size   Autos  Total    Cost      Usage
BIGRAM             5FF      0       0      17        0.0%
EEDATA             100      0       0       0        0.0%
BITBANK5           100      0       0      16        0.0%
BANK5              100      0       0      14        0.0%
BITBANK4           100      0       0      12        0.0%
BANK4              100      0       0      13        0.0%
BITBANK3           100      0       0      10        0.0%
BANK3              100      0       0      11        0.0%
BITBANK2           100      0       0       8        0.0%
BANK2              100      0       0       9        0.0%
BITBANK1           100      0       0       6        0.0%
BANK1              100      0       0       7        0.0%
BITBANK0            A0      0       0       4        0.0%
BANK0               A0      0       0       5        0.0%
BITCOMRAM           5F      0       0       0        0.0%
COMRAM              5F     29      2A       1       44.2%
BITSFR               0      0       0      40        0.0%
SFR                  0      0       0      40        0.0%
STACK                0      0       0       2        0.0%
NULL                 0      0       0       0        0.0%
ABS                  0      0      2A      15        0.0%
DATA                 0      0      2A       3        0.0%
CODE                 0      0       0       0        0.0%


Microchip Technology PIC18 Macro Assembler V1.33 build 59893 
Symbol Table                                                                                   Tue Oct 14 14:14:43 2014

                                  u15 0164                                    u16 0166  
                                  bsr 000FE0                                   l778 014C  
             __end_of_interruptEnable 01E4                                   wreg 000FE8  
                        __CFG_LVP$OFF 000000                                  _LATD 000F8C  
        __end_of_timerInterruptEnable 01D4                                  _main 0126  
                                _leds 002A                                  _init 019C  
                                fsr0h 000FEA                                  fsr1h 000FE2  
                                fsr0l 000FE9                                  fsr2h 000FDA  
                                fsr1l 000FE1                                  fsr2l 000FD9  
                    __end_of_ADC_Init 0188                                  pclat 000FFA  
                                prodh 000FF4                                  prodl 000FF3  
                                start 00B4                      ??_timerInterrupt 0006  
                         i1_loadTimer 01B0                                 ?_main 0001  
                               ?_init 0001                                 _ANSEL 000F7E  
                               _T0CON 000FD5                                 _TMR0H 000FD7  
                               _TMR0L 000FD6                                 _TRISD 000F95  
                     __end_of_setLeds 01DC                                 tablat 000FF5  
                  initTimer@prescaler 0026                                 status 000FD8  
                      __CFG_MCLRE$OFF 000000                       __initialization 01C4  
                        __end_of_main 0154                          __end_of_init 01B0  
                              ??_main 002A                                ??_init 0025  
                       __activetblptr 000000                      ?_interruptEnable 0001  
                              _ADCON0 000FC2                                _ADCON1 000FC1  
                              _ADCON2 000FC0                                _ADRESH 000FC4  
                              _ANSELH 000F7F                        __CFG_WDTEN$OFF 000000  
             ??_buttonInterruptEnable 0025   __end_of_clearButtonInterruptRequest 01F4  
         _clearButtonInterruptRequest 01F0                       _buttonInterrupt 0008  
                _timerInterruptEnable 01CC                             ?_ADC_Init 0001  
       ??_clearButtonInterruptRequest 0017                             ??_setLeds 0025  
                              tblptrh 000FF7                                tblptrl 000FF6  
                              tblptru 000FF8                            __accesstop 0060  
             __end_of__initialization 01C6                        __pcstackCOMRAM 0001  
               ?_timerInterruptEnable 0001                            ??_ADC_Init 0025  
                  __size_of_loadTimer 0014                    __size_of_initTimer 001C  
             __end_of_buttonInterrupt 0126                          ?i1_loadTimer 0001  
                             __Hparam 0000                               __Lparam 0000  
              ??_timerInterruptEnable 0025                               __pcinit 01C4  
                           _ANSELbits 000F7E                               __ramtop 0600  
                             __ptext0 0126                               __ptext1 01CC  
                             __ptext2 01D4                               __ptext3 0188  
                             __ptext4 01DC                               __ptext5 0154  
                             __ptext6 019C                               __ptext7 0170  
                             __ptext8 01E4                     __end_of_loadTimer 019C  
                   __end_of_initTimer 0170                               _setLeds 01D4  
                      __pintcode_body 00B8                  end_of_initialization 01C6  
                             int_func 00B8                      ?_buttonInterrupt 0001  
      __size_of_buttonInterruptEnable 0008         __end_of_buttonInterruptEnable 01EC  
                           _PORTBbits 000F81               __size_of_timerInterrupt 009C  
                           _TRISBbits 000F93                     __size_of_ADC_Init 0018  
            __size_of_interruptEnable 0008                  __size_ofi1_loadTimer 0014  
                 start_initialization 01C4                     initTimer@priority 0025  
 __size_of_clearTimerInterruptRequest 0004                           __pbssCOMRAM 002A  
                   ??_interruptEnable 0025                             __pintcode 0008  
                         __pintcodelo 0018                        _timerInterrupt 0018  
                            _ADC_Init 0170                              ?_setLeds 0001  
                           _loadTimer 0188                             _initTimer 0154  
                       loadTimer@data 0025    __end_of_clearTimerInterruptRequest 01F0  
          _clearTimerInterruptRequest 01EC                              _RCONbits 000FD0  
        ?_clearButtonInterruptRequest 0001                __end_of_timerInterrupt 00B4  
       __size_of_timerInterruptEnable 0008                            _ADCON0bits 000FC2  
                            _WPUBbits 000F7C                            ?_loadTimer 0025  
                          ?_initTimer 0025                           _INTCON2bits 000FF1  
                            __Hrparam 0000                              __Lrparam 0000  
                     ?_timerInterrupt 0001                 _buttonInterruptEnable 01E4  
            __size_of_buttonInterrupt 011E                      __size_of_setLeds 0008  
                            __ptext10 01B0                              __ptext11 01EC  
                            __ptext13 01F0                         __size_of_main 002E  
                       __size_of_init 0014                       i1loadTimer@data 0001  
                       ??i1_loadTimer 0003                            _INTCONbits 000FF2  
                         ??_loadTimer 0027                           ??_initTimer 0026  
                     _interruptEnable 01DC                              intlevel1 0000  
                            intlevel2 0000  __size_of_clearButtonInterruptRequest 0004  
                            setLeds@x 0025          ??_clearTimerInterruptRequest 0001  
              ?_buttonInterruptEnable 0001                   __end_ofi1_loadTimer 01C4  
                   ??_buttonInterrupt 0017                     __CFG_FOSC$INTIO67 000000  
         ?_clearTimerInterruptRequest 0001  
