

Microchip Technology PIC18 LITE Macro Assembler V1.33 build 59893 
                                                                                               Tue Sep 29 09:48:01 2015

Microchip Technology Omniscient Code Generator (Lite mode) build 59893
     1                           	processor	18F45K20
     2                           	fnconf	rparam,??,?,0
     3                           	opt	pw 120
     4                           	opt	lm
     5                           	psect	idataCOMRAM,global,class=CODE,delta=1
     6                           	psect	cinit,global,reloc=2,class=CODE,delta=1
     7                           	psect	dataCOMRAM,global,class=COMRAM,space=1,delta=1
     8                           	psect	cstackCOMRAM,global,class=COMRAM,space=1,delta=1
     9                           	psect	text0,global,reloc=2,class=CODE,delta=1
    10                           	psect	text1,global,reloc=2,class=CODE,delta=1
    11                           	psect	text2,global,reloc=2,class=CODE,delta=1
    12                           	psect	text3,global,reloc=2,class=CODE,delta=1
    13                           	psect	text4,global,reloc=2,class=CODE,delta=1
    14                           	psect	text5,global,reloc=2,class=CODE,delta=1
    15                           	psect	text6,global,reloc=2,class=CODE,delta=1
    16                           	psect	text7,global,reloc=2,class=CODE,delta=1
    17                           	psect	text8,global,reloc=2,class=CODE,delta=1
    18                           	psect	intsave_regs,global,class=BIGRAM,space=1,delta=1
    19                           	psect	rparam,global,class=COMRAM,space=1,delta=1
    20  0000                     
    21                           	psect	idataCOMRAM
    22  007E86                     __pidataCOMRAM:
    23                           	opt stack 0
    24                           
    25                           ;initializer for ex14@F4389
    26  007E86  80                 	db	128
    27  007E87  C0                 	db	192
    28  007E88  E0                 	db	224
    29  007E89  F0                 	db	240
    30  007E8A  F8                 	db	248
    31  007E8B  FC                 	db	252
    32  007E8C  FE                 	db	254
    33  007E8D  FF                 	db	255
    34  0000                     _ADCON0	set	4034
    35  0000                     _ADCON0bits	set	4034
    36  0000                     _ADCON1	set	4033
    37  0000                     _ADCON2	set	4032
    38  0000                     _ADRESH	set	4036
    39  0000                     _ANSEL	set	3966
    40  0000                     _ANSELH	set	3967
    41  0000                     _ANSELbits	set	3966
    42  0000                     _INTCON2bits	set	4081
    43  0000                     _LATD	set	3980
    44  0000                     _PORTBbits	set	3969
    45  0000                     _TRISBbits	set	3987
    46  0000                     _TRISD	set	3989
    47  0000                     _WPUBbits	set	3964
    48                           
    49                           ; #config settings
    50  0000                     
    51                           	psect	cinit
    52  007ED0                     __pcinit:
    53                           	opt stack 0
    54  007ED0                     start_initialization:
    55                           	opt stack 0
    56  007ED0                     __initialization:
    57                           	opt stack 0
    58                           
    59                           ; Initialize objects allocated to COMRAM (8 bytes)
    60                           ; load TBLPTR registers with __pidataCOMRAM
    61  007ED0  0E86               	movlw	low __pidataCOMRAM
    62  007ED2  6EF6               	movwf	tblptrl,c
    63  007ED4  0E7E               	movlw	high __pidataCOMRAM
    64  007ED6  6EF7               	movwf	tblptrh,c
    65  007ED8  0E00               	movlw	low (__pidataCOMRAM shr (0+16))
    66  007EDA  6EF8               	movwf	tblptru,c
    67  007EDC  EE00  F020         	lfsr	0,__pdataCOMRAM
    68  007EE0  EE10 F008          	lfsr	1,8
    69  007EE4                     copy_data0:
    70  007EE4  0009               	tblrd		*+
    71  007EE6  CFF5 FFEE          	movff	tablat,postinc0
    72  007EEA  50E5               	movf	postdec1,w,c
    73  007EEC  50E1               	movf	fsr1l,w,c
    74  007EEE  E1FA               	bnz	copy_data0
    75  007EF0                     end_of_initialization:
    76                           	opt stack 0
    77  007EF0                     __end_of__initialization:
    78                           	opt stack 0
    79  007EF0  0100               	movlb	0
    80  007EF2  EF4C  F03F         	goto	_main	;jump to C main() function
    81                           tblptru	equ	0xFF8
    82                           tblptrh	equ	0xFF7
    83                           tblptrl	equ	0xFF6
    84                           tablat	equ	0xFF5
    85                           postinc0	equ	0xFEE
    86                           postdec1	equ	0xFE5
    87                           fsr1l	equ	0xFE1
    88                           
    89                           	psect	dataCOMRAM
    90  000020                     __pdataCOMRAM:
    91                           	opt stack 0
    92  000020                     ex14@F4389:
    93                           	opt stack 0
    94  000020                     	ds	8
    95                           tblptru	equ	0xFF8
    96                           tblptrh	equ	0xFF7
    97                           tblptrl	equ	0xFF6
    98                           tablat	equ	0xFF5
    99                           postinc0	equ	0xFEE
   100                           postdec1	equ	0xFE5
   101                           fsr1l	equ	0xFE1
   102                           
   103                           	psect	cstackCOMRAM
   104  000001                     __pcstackCOMRAM:
   105                           	opt stack 0
   106  000001                     ?___lmul:
   107                           	opt stack 0
   108  000001                     setLeds@x:
   109                           	opt stack 0
   110  000001                     ___lmul@multiplier:
   111                           	opt stack 0
   112                           
   113                           ; 4 bytes @ 0x0
   114  000001                     	ds	4
   115  000005                     ___lmul@multiplicand:
   116                           	opt stack 0
   117                           
   118                           ; 4 bytes @ 0x4
   119  000005                     	ds	4
   120  000009                     ___lmul@product:
   121                           	opt stack 0
   122                           
   123                           ; 4 bytes @ 0x8
   124  000009                     	ds	4
   125  00000D                     loseSomeTime@cptMax:
   126                           	opt stack 0
   127                           
   128                           ; 4 bytes @ 0xC
   129  00000D                     	ds	4
   130  000011                     ??_loseSomeTime:
   131                           
   132                           ; 0 bytes @ 0x10
   133  000011                     	ds	1
   134  000012                     loseSomeTime@cpt:
   135                           	opt stack 0
   136                           
   137                           ; 4 bytes @ 0x11
   138  000012                     	ds	4
   139  000016                     ??_ex14:
   140                           
   141                           ; 0 bytes @ 0x15
   142  000016                     	ds	1
   143  000017                     ex14@table:
   144                           	opt stack 0
   145                           
   146                           ; 8 bytes @ 0x16
   147  000017                     	ds	8
   148  00001F                     ex14@i:
   149                           	opt stack 0
   150                           
   151                           ; 1 bytes @ 0x1E
   152  00001F                     	ds	1
   153  000020                     tblptru	equ	0xFF8
   154                           tblptrh	equ	0xFF7
   155                           tblptrl	equ	0xFF6
   156                           tablat	equ	0xFF5
   157                           postinc0	equ	0xFEE
   158                           postdec1	equ	0xFE5
   159                           fsr1l	equ	0xFE1
   160                           
   161                           ; 0 bytes @ 0x1F
   162 ;;
   163 ;;Main: autosize = 0, tempsize = 0, incstack = 0, save=0
   164 ;;
   165 ;; *************** function _main *****************
   166 ;; Defined at:
   167 ;;		line 163 in file "main.c"
   168 ;; Parameters:    Size  Location     Type
   169 ;;		None
   170 ;; Auto vars:     Size  Location     Type
   171 ;;		None
   172 ;; Return value:  Size  Location     Type
   173 ;;		None               void
   174 ;; Registers used:
   175 ;;		wreg, fsr1l, fsr1h, fsr2l, fsr2h, status,2, status,0, prodl, prodh, cstack
   176 ;; Tracked objects:
   177 ;;		On entry : 0/0
   178 ;;		On exit  : 0/0
   179 ;;		Unchanged: 0/0
   180 ;; Data sizes:     COMRAM   BANK0   BANK1   BANK2   BANK3   BANK4   BANK5
   181 ;;      Params:         0       0       0       0       0       0       0
   182 ;;      Locals:         0       0       0       0       0       0       0
   183 ;;      Temps:          0       0       0       0       0       0       0
   184 ;;      Totals:         0       0       0       0       0       0       0
   185 ;;Total ram usage:        0 bytes
   186 ;; Hardware stack levels required when called:    3
   187 ;; This function calls:
   188 ;;		_ex14
   189 ;;		_init
   190 ;; This function is called by:
   191 ;;		Startup code after reset
   192 ;; This function uses a non-reentrant model
   193 ;;
   194                           
   195                           	psect	text0
   196  007E98                     __ptext0:
   197                           	opt stack 0
   198  007E98                     _main:
   199                           	opt stack 28
   200                           
   201                           ;main.c: 166: init();
   202                           
   203                           ;incstack = 0
   204  007E98  EC52  F03F         	call	_init	;wreg free
   205                           
   206                           ;main.c: 168: ex14();
   207  007E9C  ECC4  F03F         	call	_ex14	;wreg free
   208  007EA0  EF00  F000         	goto	start
   209  007EA4                     __end_of_main:
   210                           	opt stack 0
   211                           tblptru	equ	0xFF8
   212                           tblptrh	equ	0xFF7
   213                           tblptrl	equ	0xFF6
   214                           tablat	equ	0xFF5
   215                           postinc0	equ	0xFEE
   216                           postdec1	equ	0xFE5
   217                           fsr1l	equ	0xFE1
   218                           
   219 ;; *************** function _init *****************
   220 ;; Defined at:
   221 ;;		line 3 in file "../drivers/drivers.c"
   222 ;; Parameters:    Size  Location     Type
   223 ;;		None
   224 ;; Auto vars:     Size  Location     Type
   225 ;;		None
   226 ;; Return value:  Size  Location     Type
   227 ;;		None               void
   228 ;; Registers used:
   229 ;;		wreg, status,2, cstack
   230 ;; Tracked objects:
   231 ;;		On entry : 0/0
   232 ;;		On exit  : 0/0
   233 ;;		Unchanged: 0/0
   234 ;; Data sizes:     COMRAM   BANK0   BANK1   BANK2   BANK3   BANK4   BANK5
   235 ;;      Params:         0       0       0       0       0       0       0
   236 ;;      Locals:         0       0       0       0       0       0       0
   237 ;;      Temps:          0       0       0       0       0       0       0
   238 ;;      Totals:         0       0       0       0       0       0       0
   239 ;;Total ram usage:        0 bytes
   240 ;; Hardware stack levels used:    1
   241 ;; Hardware stack levels required when called:    1
   242 ;; This function calls:
   243 ;;		_initADC
   244 ;; This function is called by:
   245 ;;		_main
   246 ;; This function uses a non-reentrant model
   247 ;;
   248                           
   249                           	psect	text1
   250  007EA4                     __ptext1:
   251                           	opt stack 0
   252  007EA4                     _init:
   253                           	opt stack 29
   254                           
   255                           ;drivers.c: 4: TRISD = 0;
   256                           
   257                           ;incstack = 0
   258  007EA4  0E00               	movlw	0
   259  007EA6  6E95               	movwf	3989,c	;volatile
   260                           
   261                           ;drivers.c: 5: INTCON2bits.RBPU = 0;
   262  007EA8  9EF1               	bcf	intcon2,7,c	;volatile
   263                           
   264                           ;drivers.c: 6: WPUBbits.WPUB0 = 1;
   265  007EAA  807C               	bsf	3964,0,c	;volatile
   266                           
   267                           ;drivers.c: 7: ANSELH = 0x00;
   268  007EAC  0E00               	movlw	0
   269  007EAE  6E7F               	movwf	3967,c	;volatile
   270                           
   271                           ;drivers.c: 8: TRISBbits.TRISB0 = 1;
   272  007EB0  8093               	bsf	3987,0,c	;volatile
   273                           
   274                           ;drivers.c: 10: initADC();
   275  007EB2  EC5C  F03F         	call	_initADC	;wreg free
   276  007EB6  0012               	return	
   277  007EB8                     __end_of_init:
   278                           	opt stack 0
   279                           tblptru	equ	0xFF8
   280                           tblptrh	equ	0xFF7
   281                           tblptrl	equ	0xFF6
   282                           tablat	equ	0xFF5
   283                           intcon2	equ	0xFF1
   284                           postinc0	equ	0xFEE
   285                           postdec1	equ	0xFE5
   286                           fsr1l	equ	0xFE1
   287                           
   288 ;; *************** function _initADC *****************
   289 ;; Defined at:
   290 ;;		line 29 in file "../drivers/drivers.c"
   291 ;; Parameters:    Size  Location     Type
   292 ;;		None
   293 ;; Auto vars:     Size  Location     Type
   294 ;;		None
   295 ;; Return value:  Size  Location     Type
   296 ;;		None               void
   297 ;; Registers used:
   298 ;;		wreg, status,2
   299 ;; Tracked objects:
   300 ;;		On entry : 0/0
   301 ;;		On exit  : 0/0
   302 ;;		Unchanged: 0/0
   303 ;; Data sizes:     COMRAM   BANK0   BANK1   BANK2   BANK3   BANK4   BANK5
   304 ;;      Params:         0       0       0       0       0       0       0
   305 ;;      Locals:         0       0       0       0       0       0       0
   306 ;;      Temps:          0       0       0       0       0       0       0
   307 ;;      Totals:         0       0       0       0       0       0       0
   308 ;;Total ram usage:        0 bytes
   309 ;; Hardware stack levels used:    1
   310 ;; This function calls:
   311 ;;		Nothing
   312 ;; This function is called by:
   313 ;;		_init
   314 ;; This function uses a non-reentrant model
   315 ;;
   316                           
   317                           	psect	text2
   318  007EB8                     __ptext2:
   319                           	opt stack 0
   320  007EB8                     _initADC:
   321                           	opt stack 29
   322                           
   323                           ;drivers.c: 34: ANSEL = 0;
   324                           
   325                           ;incstack = 0
   326  007EB8  0E00               	movlw	0
   327  007EBA  6E7E               	movwf	3966,c	;volatile
   328                           
   329                           ;drivers.c: 35: ANSELH = 0;
   330  007EBC  0E00               	movlw	0
   331  007EBE  6E7F               	movwf	3967,c	;volatile
   332                           
   333                           ;drivers.c: 36: ANSELbits.ANS0 = 1;
   334  007EC0  807E               	bsf	3966,0,c	;volatile
   335                           
   336                           ;drivers.c: 40: ADCON1 = 0;
   337  007EC2  0E00               	movlw	0
   338  007EC4  6EC1               	movwf	4033,c	;volatile
   339                           
   340                           ;drivers.c: 58: ADCON2 = 0b00111000;
   341  007EC6  0E38               	movlw	56
   342  007EC8  6EC0               	movwf	4032,c	;volatile
   343                           
   344                           ;drivers.c: 61: ADCON0 = 0b00000001;
   345  007ECA  0E01               	movlw	1
   346  007ECC  6EC2               	movwf	4034,c	;volatile
   347  007ECE  0012               	return	
   348  007ED0                     __end_of_initADC:
   349                           	opt stack 0
   350                           tblptru	equ	0xFF8
   351                           tblptrh	equ	0xFF7
   352                           tblptrl	equ	0xFF6
   353                           tablat	equ	0xFF5
   354                           intcon2	equ	0xFF1
   355                           postinc0	equ	0xFEE
   356                           postdec1	equ	0xFE5
   357                           fsr1l	equ	0xFE1
   358                           
   359 ;; *************** function _ex14 *****************
   360 ;; Defined at:
   361 ;;		line 148 in file "main.c"
   362 ;; Parameters:    Size  Location     Type
   363 ;;		None
   364 ;; Auto vars:     Size  Location     Type
   365 ;;  table           8   22[COMRAM] unsigned char [8]
   366 ;;  i               1   30[COMRAM] char 
   367 ;; Return value:  Size  Location     Type
   368 ;;		None               void
   369 ;; Registers used:
   370 ;;		wreg, fsr1l, fsr1h, fsr2l, fsr2h, status,2, status,0, prodl, prodh, cstack
   371 ;; Tracked objects:
   372 ;;		On entry : 0/0
   373 ;;		On exit  : 0/0
   374 ;;		Unchanged: 0/0
   375 ;; Data sizes:     COMRAM   BANK0   BANK1   BANK2   BANK3   BANK4   BANK5
   376 ;;      Params:         0       0       0       0       0       0       0
   377 ;;      Locals:         9       0       0       0       0       0       0
   378 ;;      Temps:          1       0       0       0       0       0       0
   379 ;;      Totals:        10       0       0       0       0       0       0
   380 ;;Total ram usage:       10 bytes
   381 ;; Hardware stack levels used:    1
   382 ;; Hardware stack levels required when called:    2
   383 ;; This function calls:
   384 ;;		___lmul
   385 ;;		_getVoltage
   386 ;;		_loseSomeTime
   387 ;;		_setLeds
   388 ;; This function is called by:
   389 ;;		_main
   390 ;; This function uses a non-reentrant model
   391 ;;
   392                           
   393                           	psect	text3
   394  007F88                     __ptext3:
   395                           	opt stack 0
   396  007F88                     _ex14:
   397                           	opt stack 28
   398                           
   399                           ;main.c: 149: signed char i;
   400                           ;main.c: 150: unsigned char table[8]={0b10000000, 0b11000000, 0b11100000, 0b11110000, 0b
      +                          11111000, 0b11111100, 0b11111110, 0b11111111};
   401                           
   402                           ;incstack = 0
   403  007F88  EE20  F020         	lfsr	2,ex14@F4389
   404  007F8C  EE10  F017         	lfsr	1,ex14@table
   405  007F90  0E08               	movlw	8
   406  007F92                     u51:
   407  007F92  CFDE FFE6          	movff	postinc2,postinc1
   408  007F96  2EE8               	decfsz	wreg,f,c
   409  007F98  D7FC               	goto	u51
   410                           
   411                           ;main.c: 154: setLeds(0);
   412  007F9A  0E00               	movlw	0
   413  007F9C  EC3F  F03F         	call	_setLeds
   414  007FA0                     l768:
   415                           
   416                           ;main.c: 156: for (i=0; i<8; i++){
   417  007FA0  0E00               	movlw	0
   418  007FA2  6E1F               	movwf	ex14@i,c
   419  007FA4  501F               	movf	ex14@i,w,c
   420  007FA6  0A80               	xorlw	128
   421  007FA8  0F78               	addlw	-136
   422  007FAA  B0D8               	btfsc	status,0,c
   423  007FAC  D7F9               	goto	l768
   424                           
   425                           ;main.c: 157: loseSomeTime((long)getVoltage()*10);
   426  007FAE  EC3C  F03F         	call	_getVoltage	;wreg free
   427  007FB2  6E16               	movwf	??_ex14& (0+255),c
   428  007FB4  5016               	movf	??_ex14,w,c
   429  007FB6  6E01               	movwf	___lmul@multiplier,c
   430  007FB8  6A02               	clrf	___lmul@multiplier+1,c
   431  007FBA  6A03               	clrf	___lmul@multiplier+2,c
   432  007FBC  6A04               	clrf	___lmul@multiplier+3,c
   433  007FBE  0E0A               	movlw	10
   434  007FC0  6E05               	movwf	___lmul@multiplicand,c
   435  007FC2  0E00               	movlw	0
   436  007FC4  6E06               	movwf	___lmul@multiplicand+1,c
   437  007FC6  0E00               	movlw	0
   438  007FC8  6E07               	movwf	___lmul@multiplicand+2,c
   439  007FCA  0E00               	movlw	0
   440  007FCC  6E08               	movwf	___lmul@multiplicand+3,c
   441  007FCE  EC99  F03F         	call	___lmul	;wreg free
   442  007FD2  C001  F00D         	movff	?___lmul,loseSomeTime@cptMax
   443  007FD6  C002  F00E         	movff	?___lmul+1,loseSomeTime@cptMax+1
   444  007FDA  C003  F00F         	movff	?___lmul+2,loseSomeTime@cptMax+2
   445  007FDE  C004  F010         	movff	?___lmul+3,loseSomeTime@cptMax+3
   446  007FE2  EC7B  F03F         	call	_loseSomeTime	;wreg free
   447                           
   448                           ;main.c: 158: setLeds(table[i]);
   449  007FE6  501F               	movf	ex14@i,w,c
   450  007FE8  0D01               	mullw	1
   451  007FEA  0E17               	movlw	low ex14@table
   452  007FEC  24F3               	addwf	prodl,w,c
   453  007FEE  6ED9               	movwf	fsr2l,c
   454  007FF0  0E00               	movlw	high ex14@table
   455  007FF2  20F4               	addwfc	prodh,w,c
   456  007FF4  6EDA               	movwf	fsr2h,c
   457  007FF6  50DF               	movf	indf2,w,c
   458  007FF8  EC3F  F03F         	call	_setLeds
   459  007FFC  2A1F               	incf	ex14@i,f,c
   460  007FFE  D7D2               	goto	L1
   461  008000                     __end_of_ex14:
   462                           	opt stack 0
   463                           tblptru	equ	0xFF8
   464                           tblptrh	equ	0xFF7
   465                           tblptrl	equ	0xFF6
   466                           tablat	equ	0xFF5
   467                           prodh	equ	0xFF4
   468                           prodl	equ	0xFF3
   469                           intcon2	equ	0xFF1
   470                           postinc0	equ	0xFEE
   471                           wreg	equ	0xFE8
   472                           postinc1	equ	0xFE6
   473                           postdec1	equ	0xFE5
   474                           fsr1l	equ	0xFE1
   475                           indf2	equ	0xFDF
   476                           postinc2	equ	0xFDE
   477                           fsr2h	equ	0xFDA
   478                           fsr2l	equ	0xFD9
   479                           status	equ	0xFD8
   480                           
   481 ;; *************** function _setLeds *****************
   482 ;; Defined at:
   483 ;;		line 14 in file "../drivers/drivers.c"
   484 ;; Parameters:    Size  Location     Type
   485 ;;  x               1    wreg     unsigned char 
   486 ;; Auto vars:     Size  Location     Type
   487 ;;  x               1    0[COMRAM] unsigned char 
   488 ;; Return value:  Size  Location     Type
   489 ;;		None               void
   490 ;; Registers used:
   491 ;;		wreg
   492 ;; Tracked objects:
   493 ;;		On entry : 0/0
   494 ;;		On exit  : 0/0
   495 ;;		Unchanged: 0/0
   496 ;; Data sizes:     COMRAM   BANK0   BANK1   BANK2   BANK3   BANK4   BANK5
   497 ;;      Params:         0       0       0       0       0       0       0
   498 ;;      Locals:         1       0       0       0       0       0       0
   499 ;;      Temps:          0       0       0       0       0       0       0
   500 ;;      Totals:         1       0       0       0       0       0       0
   501 ;;Total ram usage:        1 bytes
   502 ;; Hardware stack levels used:    1
   503 ;; This function calls:
   504 ;;		Nothing
   505 ;; This function is called by:
   506 ;;		_ex14
   507 ;;		_ex01
   508 ;;		_ex02
   509 ;;		_ex03
   510 ;;		_ex04
   511 ;;		_ex05
   512 ;;		_ex06
   513 ;;		_ex07
   514 ;;		_ex08
   515 ;;		_ex09
   516 ;;		_ex10
   517 ;;		_ex11
   518 ;;		_ex12
   519 ;;		_ex13
   520 ;; This function uses a non-reentrant model
   521 ;;
   522                           
   523                           	psect	text4
   524  007E7E                     __ptext4:
   525                           	opt stack 0
   526  007E7E                     _setLeds:
   527                           	opt stack 29
   528                           
   529                           ;incstack = 0
   530                           ;setLeds@x stored from wreg
   531  007E7E  6E01               	movwf	setLeds@x,c
   532                           
   533                           ;drivers.c: 15: LATD = x;
   534  007E80  C001  FF8C         	movff	setLeds@x,3980	;volatile
   535  007E84  0012               	return	
   536  007E86                     __end_of_setLeds:
   537                           	opt stack 0
   538                           tblptru	equ	0xFF8
   539                           tblptrh	equ	0xFF7
   540                           tblptrl	equ	0xFF6
   541                           tablat	equ	0xFF5
   542                           prodh	equ	0xFF4
   543                           prodl	equ	0xFF3
   544                           intcon2	equ	0xFF1
   545                           postinc0	equ	0xFEE
   546                           wreg	equ	0xFE8
   547                           postinc1	equ	0xFE6
   548                           postdec1	equ	0xFE5
   549                           fsr1l	equ	0xFE1
   550                           indf2	equ	0xFDF
   551                           postinc2	equ	0xFDE
   552                           fsr2h	equ	0xFDA
   553                           fsr2l	equ	0xFD9
   554                           status	equ	0xFD8
   555                           
   556 ;; *************** function _loseSomeTime *****************
   557 ;; Defined at:
   558 ;;		line 3 in file "main.c"
   559 ;; Parameters:    Size  Location     Type
   560 ;;  cptMax          4   12[COMRAM] long 
   561 ;; Auto vars:     Size  Location     Type
   562 ;;  cpt             4   17[COMRAM] long 
   563 ;; Return value:  Size  Location     Type
   564 ;;		None               void
   565 ;; Registers used:
   566 ;;		wreg, status,2, status,0
   567 ;; Tracked objects:
   568 ;;		On entry : 0/0
   569 ;;		On exit  : 0/0
   570 ;;		Unchanged: 0/0
   571 ;; Data sizes:     COMRAM   BANK0   BANK1   BANK2   BANK3   BANK4   BANK5
   572 ;;      Params:         4       0       0       0       0       0       0
   573 ;;      Locals:         4       0       0       0       0       0       0
   574 ;;      Temps:          1       0       0       0       0       0       0
   575 ;;      Totals:         9       0       0       0       0       0       0
   576 ;;Total ram usage:        9 bytes
   577 ;; Hardware stack levels used:    1
   578 ;; This function calls:
   579 ;;		Nothing
   580 ;; This function is called by:
   581 ;;		_ex14
   582 ;;		_ex07
   583 ;;		_ex09
   584 ;;		_ex10
   585 ;;		_ex12
   586 ;; This function uses a non-reentrant model
   587 ;;
   588                           
   589                           	psect	text5
   590  007EF6                     __ptext5:
   591                           	opt stack 0
   592  007EF6                     _loseSomeTime:
   593                           	opt stack 29
   594                           
   595                           ;main.c: 5: long cpt;
   596                           ;main.c: 6: for(cpt = 0; cpt<cptMax; cpt++){ }
   597                           
   598                           ;incstack = 0
   599  007EF6  0E00               	movlw	0
   600  007EF8  6E12               	movwf	loseSomeTime@cpt,c
   601  007EFA  0E00               	movlw	0
   602  007EFC  6E13               	movwf	loseSomeTime@cpt+1,c
   603  007EFE  0E00               	movlw	0
   604  007F00  6E14               	movwf	loseSomeTime@cpt+2,c
   605  007F02  0E00               	movlw	0
   606  007F04  6E15               	movwf	loseSomeTime@cpt+3,c
   607  007F06  D006               	goto	l11
   608  007F08                     l742:
   609  007F08  0E01               	movlw	1
   610  007F0A  2612               	addwf	loseSomeTime@cpt,f,c
   611  007F0C  0E00               	movlw	0
   612  007F0E  2213               	addwfc	loseSomeTime@cpt+1,f,c
   613  007F10  2214               	addwfc	loseSomeTime@cpt+2,f,c
   614  007F12  2215               	addwfc	loseSomeTime@cpt+3,f,c
   615  007F14                     l11:
   616  007F14  5015               	movf	loseSomeTime@cpt+3,w,c
   617  007F16  0A80               	xorlw	128
   618  007F18  6E11               	movwf	??_loseSomeTime& (0+255),c
   619  007F1A  500D               	movf	loseSomeTime@cptMax,w,c
   620  007F1C  5C12               	subwf	loseSomeTime@cpt,w,c
   621  007F1E  500E               	movf	loseSomeTime@cptMax+1,w,c
   622  007F20  5813               	subwfb	loseSomeTime@cpt+1,w,c
   623  007F22  500F               	movf	loseSomeTime@cptMax+2,w,c
   624  007F24  5814               	subwfb	loseSomeTime@cpt+2,w,c
   625  007F26  5010               	movf	loseSomeTime@cptMax+3,w,c
   626  007F28  0A80               	xorlw	128
   627  007F2A  5811               	subwfb	??_loseSomeTime& (0+255),w,c
   628  007F2C  B0D8               	btfsc	status,0,c
   629  007F2E  0012               	return	
   630  007F30  D7EB               	goto	l742
   631  007F32                     __end_of_loseSomeTime:
   632                           	opt stack 0
   633                           tblptru	equ	0xFF8
   634                           tblptrh	equ	0xFF7
   635                           tblptrl	equ	0xFF6
   636                           tablat	equ	0xFF5
   637                           prodh	equ	0xFF4
   638                           prodl	equ	0xFF3
   639                           intcon2	equ	0xFF1
   640                           postinc0	equ	0xFEE
   641                           wreg	equ	0xFE8
   642                           postinc1	equ	0xFE6
   643                           postdec1	equ	0xFE5
   644                           fsr1l	equ	0xFE1
   645                           indf2	equ	0xFDF
   646                           postinc2	equ	0xFDE
   647                           fsr2h	equ	0xFDA
   648                           fsr2l	equ	0xFD9
   649                           status	equ	0xFD8
   650                           
   651 ;; *************** function _getVoltage *****************
   652 ;; Defined at:
   653 ;;		line 19 in file "../drivers/drivers.c"
   654 ;; Parameters:    Size  Location     Type
   655 ;;		None
   656 ;; Auto vars:     Size  Location     Type
   657 ;;		None
   658 ;; Return value:  Size  Location     Type
   659 ;;                  1    wreg      unsigned char 
   660 ;; Registers used:
   661 ;;		wreg, status,2, cstack
   662 ;; Tracked objects:
   663 ;;		On entry : 0/0
   664 ;;		On exit  : 0/0
   665 ;;		Unchanged: 0/0
   666 ;; Data sizes:     COMRAM   BANK0   BANK1   BANK2   BANK3   BANK4   BANK5
   667 ;;      Params:         0       0       0       0       0       0       0
   668 ;;      Locals:         0       0       0       0       0       0       0
   669 ;;      Temps:          0       0       0       0       0       0       0
   670 ;;      Totals:         0       0       0       0       0       0       0
   671 ;;Total ram usage:        0 bytes
   672 ;; Hardware stack levels used:    1
   673 ;; Hardware stack levels required when called:    1
   674 ;; This function calls:
   675 ;;		_getADC
   676 ;; This function is called by:
   677 ;;		_ex14
   678 ;;		_ex08
   679 ;;		_ex09
   680 ;;		_ex10
   681 ;;		_ex11
   682 ;; This function uses a non-reentrant model
   683 ;;
   684                           
   685                           	psect	text6
   686  007E78                     __ptext6:
   687                           	opt stack 0
   688  007E78                     _getVoltage:
   689                           	opt stack 28
   690                           
   691                           ;drivers.c: 21: return getADC();
   692                           
   693                           ;incstack = 0
   694  007E78  EC47  F03F         	call	_getADC	;wreg free
   695  007E7C  0012               	return	
   696  007E7E                     __end_of_getVoltage:
   697                           	opt stack 0
   698                           tblptru	equ	0xFF8
   699                           tblptrh	equ	0xFF7
   700                           tblptrl	equ	0xFF6
   701                           tablat	equ	0xFF5
   702                           prodh	equ	0xFF4
   703                           prodl	equ	0xFF3
   704                           intcon2	equ	0xFF1
   705                           postinc0	equ	0xFEE
   706                           wreg	equ	0xFE8
   707                           postinc1	equ	0xFE6
   708                           postdec1	equ	0xFE5
   709                           fsr1l	equ	0xFE1
   710                           indf2	equ	0xFDF
   711                           postinc2	equ	0xFDE
   712                           fsr2h	equ	0xFDA
   713                           fsr2l	equ	0xFD9
   714                           status	equ	0xFD8
   715                           
   716 ;; *************** function _getADC *****************
   717 ;; Defined at:
   718 ;;		line 64 in file "../drivers/drivers.c"
   719 ;; Parameters:    Size  Location     Type
   720 ;;		None
   721 ;; Auto vars:     Size  Location     Type
   722 ;;		None
   723 ;; Return value:  Size  Location     Type
   724 ;;                  1    wreg      unsigned char 
   725 ;; Registers used:
   726 ;;		wreg, status,2
   727 ;; Tracked objects:
   728 ;;		On entry : 0/0
   729 ;;		On exit  : 0/0
   730 ;;		Unchanged: 0/0
   731 ;; Data sizes:     COMRAM   BANK0   BANK1   BANK2   BANK3   BANK4   BANK5
   732 ;;      Params:         0       0       0       0       0       0       0
   733 ;;      Locals:         0       0       0       0       0       0       0
   734 ;;      Temps:          0       0       0       0       0       0       0
   735 ;;      Totals:         0       0       0       0       0       0       0
   736 ;;Total ram usage:        0 bytes
   737 ;; Hardware stack levels used:    1
   738 ;; This function calls:
   739 ;;		Nothing
   740 ;; This function is called by:
   741 ;;		_getVoltage
   742 ;; This function uses a non-reentrant model
   743 ;;
   744                           
   745                           	psect	text7
   746  007E8E                     __ptext7:
   747                           	opt stack 0
   748  007E8E                     _getADC:
   749                           	opt stack 28
   750                           
   751                           ;drivers.c: 66: ADCON0bits.GO_DONE = 1;
   752                           
   753                           ;incstack = 0
   754  007E8E  82C2               	bsf	4034,1,c	;volatile
   755  007E90                     l155:
   756  007E90  B2C2               	btfsc	4034,1,c	;volatile
   757  007E92  D7FE               	goto	l155
   758                           
   759                           ;drivers.c: 68: return ADRESH;
   760  007E94  50C4               	movf	4036,w,c	;volatile
   761  007E96  0012               	return	
   762  007E98                     __end_of_getADC:
   763                           	opt stack 0
   764                           tblptru	equ	0xFF8
   765                           tblptrh	equ	0xFF7
   766                           tblptrl	equ	0xFF6
   767                           tablat	equ	0xFF5
   768                           prodh	equ	0xFF4
   769                           prodl	equ	0xFF3
   770                           intcon2	equ	0xFF1
   771                           postinc0	equ	0xFEE
   772                           wreg	equ	0xFE8
   773                           postinc1	equ	0xFE6
   774                           postdec1	equ	0xFE5
   775                           fsr1l	equ	0xFE1
   776                           indf2	equ	0xFDF
   777                           postinc2	equ	0xFDE
   778                           fsr2h	equ	0xFDA
   779                           fsr2l	equ	0xFD9
   780                           status	equ	0xFD8
   781                           
   782 ;; *************** function ___lmul *****************
   783 ;; Defined at:
   784 ;;		line 15 in file "/Applications/microchip/xc8/v1.33/sources/common/Umul32.c"
   785 ;; Parameters:    Size  Location     Type
   786 ;;  multiplier      4    0[COMRAM] unsigned long 
   787 ;;  multiplicand    4    4[COMRAM] unsigned long 
   788 ;; Auto vars:     Size  Location     Type
   789 ;;  product         4    8[COMRAM] unsigned long 
   790 ;; Return value:  Size  Location     Type
   791 ;;                  4    0[COMRAM] unsigned long 
   792 ;; Registers used:
   793 ;;		wreg, status,2, status,0
   794 ;; Tracked objects:
   795 ;;		On entry : 0/0
   796 ;;		On exit  : 0/0
   797 ;;		Unchanged: 0/0
   798 ;; Data sizes:     COMRAM   BANK0   BANK1   BANK2   BANK3   BANK4   BANK5
   799 ;;      Params:         8       0       0       0       0       0       0
   800 ;;      Locals:         4       0       0       0       0       0       0
   801 ;;      Temps:          0       0       0       0       0       0       0
   802 ;;      Totals:        12       0       0       0       0       0       0
   803 ;;Total ram usage:       12 bytes
   804 ;; Hardware stack levels used:    1
   805 ;; This function calls:
   806 ;;		Nothing
   807 ;; This function is called by:
   808 ;;		_ex14
   809 ;; This function uses a non-reentrant model
   810 ;;
   811                           
   812                           	psect	text8
   813  007F32                     __ptext8:
   814                           	opt stack 0
   815  007F32                     ___lmul:
   816                           	opt stack 29
   817                           
   818                           ;incstack = 0
   819  007F32  0E00               	movlw	0
   820  007F34  6E09               	movwf	___lmul@product,c
   821  007F36  0E00               	movlw	0
   822  007F38  6E0A               	movwf	___lmul@product+1,c
   823  007F3A  0E00               	movlw	0
   824  007F3C  6E0B               	movwf	___lmul@product+2,c
   825  007F3E  0E00               	movlw	0
   826  007F40  6E0C               	movwf	___lmul@product+3,c
   827  007F42                     l756:
   828  007F42  A001               	btfss	___lmul@multiplier,0,c
   829  007F44  D008               	goto	l760
   830  007F46  5005               	movf	___lmul@multiplicand,w,c
   831  007F48  2609               	addwf	___lmul@product,f,c
   832  007F4A  5006               	movf	___lmul@multiplicand+1,w,c
   833  007F4C  220A               	addwfc	___lmul@product+1,f,c
   834  007F4E  5007               	movf	___lmul@multiplicand+2,w,c
   835  007F50  220B               	addwfc	___lmul@product+2,f,c
   836  007F52  5008               	movf	___lmul@multiplicand+3,w,c
   837  007F54  220C               	addwfc	___lmul@product+3,f,c
   838  007F56                     l760:
   839  007F56  90D8               	bcf	status,0,c
   840  007F58  3605               	rlcf	___lmul@multiplicand,f,c
   841  007F5A  3606               	rlcf	___lmul@multiplicand+1,f,c
   842  007F5C  3607               	rlcf	___lmul@multiplicand+2,f,c
   843  007F5E  3608               	rlcf	___lmul@multiplicand+3,f,c
   844  007F60  90D8               	bcf	status,0,c
   845  007F62  3204               	rrcf	___lmul@multiplier+3,f,c
   846  007F64  3203               	rrcf	___lmul@multiplier+2,f,c
   847  007F66  3202               	rrcf	___lmul@multiplier+1,f,c
   848  007F68  3201               	rrcf	___lmul@multiplier,f,c
   849  007F6A  5004               	movf	___lmul@multiplier+3,w,c
   850  007F6C  1001               	iorwf	___lmul@multiplier,w,c
   851  007F6E  1002               	iorwf	___lmul@multiplier+1,w,c
   852  007F70  1003               	iorwf	___lmul@multiplier+2,w,c
   853  007F72  A4D8               	btfss	status,2,c
   854  007F74  D7E6               	goto	l756
   855  007F76  C009  F001         	movff	___lmul@product,?___lmul
   856  007F7A  C00A  F002         	movff	___lmul@product+1,?___lmul+1
   857  007F7E  C00B  F003         	movff	___lmul@product+2,?___lmul+2
   858  007F82  C00C  F004         	movff	___lmul@product+3,?___lmul+3
   859  007F86  0012               	return	
   860  007F88                     __end_of___lmul:
   861                           	opt stack 0
   862  0000                     tblptru	equ	0xFF8
   863                           tblptrh	equ	0xFF7
   864                           tblptrl	equ	0xFF6
   865                           tablat	equ	0xFF5
   866                           prodh	equ	0xFF4
   867                           prodl	equ	0xFF3
   868                           intcon2	equ	0xFF1
   869                           postinc0	equ	0xFEE
   870                           wreg	equ	0xFE8
   871                           postinc1	equ	0xFE6
   872                           postdec1	equ	0xFE5
   873                           fsr1l	equ	0xFE1
   874                           indf2	equ	0xFDF
   875                           postinc2	equ	0xFDE
   876                           fsr2h	equ	0xFDA
   877                           fsr2l	equ	0xFD9
   878                           status	equ	0xFD8
   879                           tblptru	equ	0xFF8
   880                           tblptrh	equ	0xFF7
   881                           tblptrl	equ	0xFF6
   882                           tablat	equ	0xFF5
   883                           prodh	equ	0xFF4
   884                           prodl	equ	0xFF3
   885                           intcon2	equ	0xFF1
   886                           postinc0	equ	0xFEE
   887                           wreg	equ	0xFE8
   888                           postinc1	equ	0xFE6
   889                           postdec1	equ	0xFE5
   890                           fsr1l	equ	0xFE1
   891                           indf2	equ	0xFDF
   892                           postinc2	equ	0xFDE
   893                           fsr2h	equ	0xFDA
   894                           fsr2l	equ	0xFD9
   895                           status	equ	0xFD8
   896                           
   897                           	psect	rparam
   898  0000                     tblptru	equ	0xFF8
   899                           tblptrh	equ	0xFF7
   900                           tblptrl	equ	0xFF6
   901                           tablat	equ	0xFF5
   902                           prodh	equ	0xFF4
   903                           prodl	equ	0xFF3
   904                           intcon2	equ	0xFF1
   905                           postinc0	equ	0xFEE
   906                           wreg	equ	0xFE8
   907                           postinc1	equ	0xFE6
   908                           postdec1	equ	0xFE5
   909                           fsr1l	equ	0xFE1
   910                           indf2	equ	0xFDF
   911                           postinc2	equ	0xFDE
   912                           fsr2h	equ	0xFDA
   913                           fsr2l	equ	0xFD9
   914                           status	equ	0xFD8


Data Sizes:
    Strings     0
    Constant    0
    Data        8
    BSS         0
    Persistent  0
    Stack       0

Auto Spaces:
    Space          Size  Autos    Used
    COMRAM           95     31      39
    BANK0           160      0       0
    BANK1           256      0       0
    BANK2           256      0       0
    BANK3           256      0       0
    BANK4           256      0       0
    BANK5           256      0       0

Pointer List with Targets:

    None.

Critical Paths under _main in COMRAM

    _main->_ex14
    _ex14->_loseSomeTime
    _loseSomeTime->___lmul

Critical Paths under _main in BANK0

    None.

Critical Paths under _main in BANK1

    None.

Critical Paths under _main in BANK2

    None.

Critical Paths under _main in BANK3

    None.

Critical Paths under _main in BANK4

    None.

Critical Paths under _main in BANK5

    None.

Call Graph Tables:

 ---------------------------------------------------------------------------------
 (Depth) Function   	        Calls       Base Space   Used Autos Params    Refs
 ---------------------------------------------------------------------------------
 (0) _main                                                 0     0      0     557
                               _ex14
                               _init
 ---------------------------------------------------------------------------------
 (1) _init                                                 0     0      0       0
                            _initADC
 ---------------------------------------------------------------------------------
 (2) _initADC                                              0     0      0       0
 ---------------------------------------------------------------------------------
 (1) _ex14                                                10    10      0     557
                                             21 COMRAM    10    10      0
                             ___lmul
                         _getVoltage
                       _loseSomeTime
                            _setLeds
 ---------------------------------------------------------------------------------
 (2) _setLeds                                              1     1      0      15
                                              0 COMRAM     1     1      0
 ---------------------------------------------------------------------------------
 (2) _loseSomeTime                                         9     5      4     302
                                             12 COMRAM     9     5      4
                             ___lmul (ARG)
                         _getVoltage (ARG)
 ---------------------------------------------------------------------------------
 (2) _getVoltage                                           0     0      0       0
                             _getADC
 ---------------------------------------------------------------------------------
 (3) _getADC                                               0     0      0       0
 ---------------------------------------------------------------------------------
 (2) ___lmul                                              12     4      8     180
                                              0 COMRAM    12     4      8
                         _getVoltage (ARG)
 ---------------------------------------------------------------------------------
 Estimated maximum stack depth 3
 ---------------------------------------------------------------------------------

 Call Graph Graphs:

 _main (ROOT)
   _ex14
     ___lmul
       _getVoltage (ARG)
         _getADC
     _getVoltage
       _getADC
     _loseSomeTime
       ___lmul (ARG)
         _getVoltage (ARG)
           _getADC
       _getVoltage (ARG)
         _getADC
     _setLeds
   _init
     _initADC

 Address spaces:
Name               Size   Autos  Total    Cost      Usage
BIGRAM             5FF      0       0      17        0.0%
EEDATA             100      0       0       0        0.0%
BITBANK5           100      0       0      16        0.0%
BANK5              100      0       0      14        0.0%
BITBANK4           100      0       0      12        0.0%
BANK4              100      0       0      13        0.0%
BITBANK3           100      0       0      10        0.0%
BANK3              100      0       0      11        0.0%
BITBANK2           100      0       0       8        0.0%
BANK2              100      0       0       9        0.0%
BITBANK1           100      0       0       6        0.0%
BANK1              100      0       0       7        0.0%
BITBANK0            A0      0       0       4        0.0%
BANK0               A0      0       0       5        0.0%
BITCOMRAM           5F      0       0       0        0.0%
COMRAM              5F     1F      27       1       41.1%
BITSFR               0      0       0      40        0.0%
SFR                  0      0       0      40        0.0%
STACK                0      0       0       2        0.0%
NULL                 0      0       0       0        0.0%
ABS                  0      0      27      15        0.0%
DATA                 0      0      27       3        0.0%
CODE                 0      0       0       0        0.0%


Microchip Technology PIC18 Macro Assembler V1.33 build 59893 
Symbol Table                                                                                   Tue Sep 29 09:48:01 2015

                     l11 7F14                       u51 7F92                      l155 7E90  
                    l742 7F08                      l760 7F56                      l756 7F42  
                    l768 7FA0                      prod 000FF3                      wreg 000FE8  
           __CFG_LVP$OFF 000000                     _LATD 000F8C                     _ex14 7F88  
                   _main 7E98                     _init 7EA4                     fsr1l 000FE1  
                   indf2 000FDF                     fsr2l 000FD9                     prodl 000FF3  
                   start 0000                    ?_ex14 0001                    ?_main 0001  
                  ?_init 0001                    _ANSEL 000F7E                    _TRISD 000F95  
    ___lmul@multiplicand 0005                    ex14@i 001F          __end_of_initADC 7ED0  
        __end_of_setLeds 7E86                    tablat 000FF5                    status 000FD8  
         __CFG_MCLRE$OFF 000000          __initialization 7ED0             __end_of_ex14 8000  
           __end_of_main 7EA4             __end_of_init 7EB8                   ??_ex14 0016  
                 ??_main 0020                   ??_init 0001            __activetblptr 000000  
                 _ADCON0 000FC2                   _ADCON1 000FC1                   _ADCON2 000FC0  
                 _ADRESH 000FC4                   _ANSELH 000F7F           __CFG_WDTEN$OFF 000000  
                 ___lmul 7F32                   _getADC 7E8E                ??_initADC 0001  
           __pdataCOMRAM 0020                ??_setLeds 0001                   tblptrh 000FF7  
                 tblptrl 000FF6                   tblptru 000FF8               __accesstop 0060  
__end_of__initialization 7EF0           __pcstackCOMRAM 0001       loseSomeTime@cptMax 000D  
          ?_loseSomeTime 000D                  ?___lmul 0001                  ?_getADC 0001  
         ___lmul@product 0009               _getVoltage 7E78           ??_loseSomeTime 0011  
                __Hparam 0000                  __Lparam 0000          __size_of___lmul 0056  
        __size_of_getADC 000A          loseSomeTime@cpt 0012                  __pcinit 7ED0  
              _ANSELbits 000F7E                  __ramtop 0600                  __ptext0 7E98  
                __ptext1 7EA4                  __ptext2 7EB8                  __ptext3 7F88  
                __ptext4 7E7E                  __ptext5 7EF6                  __ptext6 7E78  
                __ptext7 7E8E                  __ptext8 7F32                  _initADC 7EB8  
                _setLeds 7E7E     end_of_initialization 7EF0                  postdec1 000FE5  
                postinc0 000FEE                  postinc1 000FE6                  postinc2 000FDE  
              _PORTBbits 000F81              ?_getVoltage 0001                _TRISBbits 000F93  
   __end_of_loseSomeTime 7F32           __end_of___lmul 7F88           __end_of_getADC 7E98  
          __pidataCOMRAM 7E86      start_initialization 7ED0                ex14@F4389 0020  
    __size_of_getVoltage 0006                 ??___lmul 0009                 ??_getADC 0001  
              ex14@table 0017                 ?_initADC 0001                 ?_setLeds 0001  
  __size_of_loseSomeTime 003C               _ADCON0bits 000FC2             ??_getVoltage 0001  
               _WPUBbits 000F7C             _loseSomeTime 7EF6        ___lmul@multiplier 0001  
            _INTCON2bits 000FF1                copy_data0 7EE4                 __Hrparam 0000  
               __Lrparam 0000       __end_of_getVoltage 7E7E         __size_of_initADC 0018  
       __size_of_setLeds 0008            __size_of_ex14 0078            __size_of_main 000C  
          __size_of_init 0014                 setLeds@x 0001        __CFG_FOSC$INTIO67 000000  
